Start testing: Dec 15 16:45 CET
----------------------------------------------------------
Changing directory into: /home/navarrop/Developments/simgrid/Cmake
1/112 Testing: config_and_build
1/112 Test: config_and_build
Command: "/home/navarrop/Developments/simgrid/Cmake/build.sh" 
Directory: /home/navarrop/Developments/simgrid/Cmake
"config_and_build" start time: Dec 15 16:45 CET
Output:
----------------------------------------------------------
Making all in include
make[1]: entrant dans le répertoire « /home/navarrop/Developments/simgrid/include »
make[1]: Rien à faire pour « all ».
make[1]: quittant le répertoire « /home/navarrop/Developments/simgrid/include »
Making all in src
make[1]: entrant dans le répertoire « /home/navarrop/Developments/simgrid/src »
make  all-am
make[2]: entrant dans le répertoire « /home/navarrop/Developments/simgrid/src »
make[2]: quittant le répertoire « /home/navarrop/Developments/simgrid/src »
make[1]: quittant le répertoire « /home/navarrop/Developments/simgrid/src »
Making all in tools
make[1]: entrant dans le répertoire « /home/navarrop/Developments/simgrid/tools »
Making all in gras
make[2]: entrant dans le répertoire « /home/navarrop/Developments/simgrid/tools/gras »
make[2]: Rien à faire pour « all ».
make[2]: quittant le répertoire « /home/navarrop/Developments/simgrid/tools/gras »
Making all in tesh
make[2]: entrant dans le répertoire « /home/navarrop/Developments/simgrid/tools/tesh »
make[2]: Rien à faire pour « all ».
make[2]: quittant le répertoire « /home/navarrop/Developments/simgrid/tools/tesh »
make[2]: entrant dans le répertoire « /home/navarrop/Developments/simgrid/tools »
make[2]: Rien à faire pour « all-am ».
make[2]: quittant le répertoire « /home/navarrop/Developments/simgrid/tools »
make[1]: quittant le répertoire « /home/navarrop/Developments/simgrid/tools »
Making all in testsuite
make[1]: entrant dans le répertoire « /home/navarrop/Developments/simgrid/testsuite »
make[1]: Rien à faire pour « all ».
make[1]: quittant le répertoire « /home/navarrop/Developments/simgrid/testsuite »
Making all in teshsuite
make[1]: entrant dans le répertoire « /home/navarrop/Developments/simgrid/teshsuite »
make[1]: Rien à faire pour « all ».
make[1]: quittant le répertoire « /home/navarrop/Developments/simgrid/teshsuite »
Making all in examples
make[1]: entrant dans le répertoire « /home/navarrop/Developments/simgrid/examples »
Making all in msg
make[2]: entrant dans le répertoire « /home/navarrop/Developments/simgrid/examples/msg »
make[2]: Rien à faire pour « all ».
make[2]: quittant le répertoire « /home/navarrop/Developments/simgrid/examples/msg »
Making all in gras
make[2]: entrant dans le répertoire « /home/navarrop/Developments/simgrid/examples/gras »
Making all in ping
make[3]: entrant dans le répertoire « /home/navarrop/Developments/simgrid/examples/gras/ping »
make[3]: Rien à faire pour « all ».
make[3]: quittant le répertoire « /home/navarrop/Developments/simgrid/examples/gras/ping »
Making all in rpc
make[3]: entrant dans le répertoire « /home/navarrop/Developments/simgrid/examples/gras/rpc »
make[3]: Rien à faire pour « all ».
make[3]: quittant le répertoire « /home/navarrop/Developments/simgrid/examples/gras/rpc »
Making all in spawn
make[3]: entrant dans le répertoire « /home/navarrop/Developments/simgrid/examples/gras/spawn »
make[3]: Rien à faire pour « all ».
make[3]: quittant le répertoire « /home/navarrop/Developments/simgrid/examples/gras/spawn »
Making all in timer
make[3]: entrant dans le répertoire « /home/navarrop/Developments/simgrid/examples/gras/timer »
make[3]: Rien à faire pour « all ».
make[3]: quittant le répertoire « /home/navarrop/Developments/simgrid/examples/gras/timer »
Making all in chrono
make[3]: entrant dans le répertoire « /home/navarrop/Developments/simgrid/examples/gras/chrono »
make[3]: Rien à faire pour « all ».
make[3]: quittant le répertoire « /home/navarrop/Developments/simgrid/examples/gras/chrono »
Making all in mutual_exclusion/simple_token
make[3]: entrant dans le répertoire « /home/navarrop/Developments/simgrid/examples/gras/mutual_exclusion/simple_token »
make[3]: Rien à faire pour « all ».
make[3]: quittant le répertoire « /home/navarrop/Developments/simgrid/examples/gras/mutual_exclusion/simple_token »
Making all in mmrpc
make[3]: entrant dans le répertoire « /home/navarrop/Developments/simgrid/examples/gras/mmrpc »
make[3]: Rien à faire pour « all ».
make[3]: quittant le répertoire « /home/navarrop/Developments/simgrid/examples/gras/mmrpc »
Making all in all2all
make[3]: entrant dans le répertoire « /home/navarrop/Developments/simgrid/examples/gras/all2all »
make[3]: Rien à faire pour « all ».
make[3]: quittant le répertoire « /home/navarrop/Developments/simgrid/examples/gras/all2all »
Making all in pmm
make[3]: entrant dans le répertoire « /home/navarrop/Developments/simgrid/examples/gras/pmm »
make[3]: Rien à faire pour « all ».
make[3]: quittant le répertoire « /home/navarrop/Developments/simgrid/examples/gras/pmm »
Making all in synchro
make[3]: entrant dans le répertoire « /home/navarrop/Developments/simgrid/examples/gras/synchro »
make[3]: Rien à faire pour « all ».
make[3]: quittant le répertoire « /home/navarrop/Developments/simgrid/examples/gras/synchro »
Making all in properties
make[3]: entrant dans le répertoire « /home/navarrop/Developments/simgrid/examples/gras/properties »
make[3]: Rien à faire pour « all ».
make[3]: quittant le répertoire « /home/navarrop/Developments/simgrid/examples/gras/properties »
make[3]: entrant dans le répertoire « /home/navarrop/Developments/simgrid/examples/gras »
make[3]: Rien à faire pour « all-am ».
make[3]: quittant le répertoire « /home/navarrop/Developments/simgrid/examples/gras »
make[2]: quittant le répertoire « /home/navarrop/Developments/simgrid/examples/gras »
Making all in amok
make[2]: entrant dans le répertoire « /home/navarrop/Developments/simgrid/examples/amok »
make[2]: Rien à faire pour « all ».
make[2]: quittant le répertoire « /home/navarrop/Developments/simgrid/examples/amok »
Making all in simdag
make[2]: entrant dans le répertoire « /home/navarrop/Developments/simgrid/examples/simdag »
make[2]: Rien à faire pour « all ».
make[2]: quittant le répertoire « /home/navarrop/Developments/simgrid/examples/simdag »
Making all in java
make[2]: entrant dans le répertoire « /home/navarrop/Developments/simgrid/examples/java »
Making all in basic
make[3]: entrant dans le répertoire « /home/navarrop/Developments/simgrid/examples/java/basic »
make[3]: Rien à faire pour « all ».
make[3]: quittant le répertoire « /home/navarrop/Developments/simgrid/examples/java/basic »
Making all in ping_pong
make[3]: entrant dans le répertoire « /home/navarrop/Developments/simgrid/examples/java/ping_pong »
make[3]: Rien à faire pour « all ».
make[3]: quittant le répertoire « /home/navarrop/Developments/simgrid/examples/java/ping_pong »
Making all in comm_time
make[3]: entrant dans le répertoire « /home/navarrop/Developments/simgrid/examples/java/comm_time »
make[3]: Rien à faire pour « all ».
make[3]: quittant le répertoire « /home/navarrop/Developments/simgrid/examples/java/comm_time »
Making all in suspend
make[3]: entrant dans le répertoire « /home/navarrop/Developments/simgrid/examples/java/suspend »
make[3]: Rien à faire pour « all ».
make[3]: quittant le répertoire « /home/navarrop/Developments/simgrid/examples/java/suspend »
make[3]: entrant dans le répertoire « /home/navarrop/Developments/simgrid/examples/java »
make[3]: Rien à faire pour « all-am ».
make[3]: quittant le répertoire « /home/navarrop/Developments/simgrid/examples/java »
make[2]: quittant le répertoire « /home/navarrop/Developments/simgrid/examples/java »
Making all in smpi
make[2]: entrant dans le répertoire « /home/navarrop/Developments/simgrid/examples/smpi »
make[2]: Rien à faire pour « all ».
make[2]: quittant le répertoire « /home/navarrop/Developments/simgrid/examples/smpi »
make[2]: entrant dans le répertoire « /home/navarrop/Developments/simgrid/examples »
make[2]: Rien à faire pour « all-am ».
make[2]: quittant le répertoire « /home/navarrop/Developments/simgrid/examples »
make[1]: quittant le répertoire « /home/navarrop/Developments/simgrid/examples »
Making all in doc
make[1]: entrant dans le répertoire « /home/navarrop/Developments/simgrid/doc »
make[1]: Rien à faire pour « all ».
make[1]: quittant le répertoire « /home/navarrop/Developments/simgrid/doc »
make[1]: entrant dans le répertoire « /home/navarrop/Developments/simgrid »
echo simgrid ver=3.3.4-svn args=" '--enable-maintainer-mode' '--disable-compile-optimizations'" > stamp.build
make[1]: quittant le répertoire « /home/navarrop/Developments/simgrid »
----------------------------------------------------------
"config_and_build" end time: Dec 15 16:45 CET
"config_and_build" time elapsed: 00:00:00
----------------------------------------------------------

2/112 Testing: test-core
2/112 Test: test-core
Command: "/home/navarrop/Developments/simgrid/src/testall" 
Directory: /home/navarrop/Developments/simgrid/Cmake
"test-core" start time: Dec 15 16:45 CET
Output:
----------------------------------------------------------

 =======================[ Testsuite mechanism autotest ]========================
 Unit: expected failures ................................................... ok
       SKIP: Skipped test [xbt/cunit.c:828]
      EFAIL: EXPECTED FAILURE [xbt/cunit.c:831]
    Summary: 0 of 1 tests failed (1 tests ignored)
 =========================================================================== OK
 Summary: Units: 100% ok (1 units: 1 ok)
          Tests: 100% ok (1 tests: 1 ok; 1 ignored; 1 expected to fail)

 ============================[ Exception Handling ]=============================
 Unit: basic nested control flow ........................................... ok
 Unit: exception value passing ............................................. ok
 Unit: variable value preservation ......................................... ok
 Unit: cleanup handling .................................................... ok
 =========================================================================== OK
 Summary: Units: 100% ok (4 units: 4 ok)
          Tests: 100% ok (4 tests: 4 ok)

 ===========================[ Dynar data container ]============================
 Unit: Dynars of integers .................................................. ok
 Unit: Dynars of doubles ................................................... ok
 Unit: Dynars of strings ................................................... ok
 Unit: Synchronized dynars of integers ..................................... ok
 =========================================================================== OK
 Summary: Units: 100% ok (4 units: 4 ok)
          Tests: 100% ok (16 tests: 16 ok)

 ============================[ Dict data container ]============================
 Unit: Basic usage: change, retrieve, traverse ............................. ok
 Unit: Removing some values ................................................ ok
 Unit: NULL data management ................................................ ok
 Unit: Crash test .......................................................... ok
 Unit: Multi-dict crash test ............................................... ok
 =========================================================================== OK
 Summary: Units: 100% ok (5 units: 5 ok)
          Tests: 100% ok (10077 tests: 10077 ok)

 ============================[ Set data container ]=============================
 Unit: Basic usage ......................................................... ok
 Unit: Changing some values ................................................ ok
 Unit: Retrieving some values .............................................. ok
 Unit: Removing some values ................................................ ok
 =========================================================================== OK
 Summary: Units: 100% ok (4 units: 4 ok)
          Tests: 100% ok (45 tests: 45 ok)

 ============================[ Swag data container ]============================
 Unit: Basic usage ......................................................... ok
 =========================================================================== OK
 Summary: Units: 100% ok (1 units: 1 ok)
          Tests: 100% ok (4 tests: 4 ok)

 ==============================[ String Handling ]==============================
 Unit: test the function xbt_str_split_quoted .............................. ok
 Unit: test the function xbt_str_split_str ................................. ok
 =========================================================================== OK
 Summary: Units: 100% ok (2 units: 2 ok)
          Tests: 100% ok (17 tests: 17 ok)

 ==============================[ String Buffers ]===============================
 Unit: test the function xbt_strbuff_substitute ............................ ok
 =========================================================================== OK
 Summary: Units: 100% ok (1 units: 1 ok)
          Tests: 100% ok (37 tests: 37 ok)

 ==========================[ Various hash functions ]===========================
 Unit: Test of the sha algorithm ........................................... ok
 =========================================================================== OK
 Summary: Units: 100% ok (1 units: 1 ok)
          Tests: 100% ok (4 tests: 4 ok)

 ===========================[ Configuration support ]===========================
 Unit: Alloc and free a config set ......................................... ok
 Unit: Validation tests .................................................... ok
 Unit: Data retrieving tests ............................................... ok
 =========================================================================== OK
 Summary: Units: 100% ok (3 units: 3 ok)
          Tests: 100% ok (6 tests: 6 ok)

 ====================[ Advanced synchronization mecanisms ]=====================
 Unit: do parallel on dynars of integers .............................[0.000005] [xbt_sync/INFO] Dopar for 50 elements
...... ok
 =========================================================================== OK
 Summary: Units: 100% ok (1 units: 1 ok)
          Tests: 100% ok (1 tests: 1 ok)


 TOTAL: Suites: 100% ok (11 suites: 11 ok)
        Units:  100% ok (27 units: 27 ok)
        Tests:  100% ok (10212 tests: 10212 ok, 1 ignored, 1 expected to fail)
----------------------------------------------------------
"test-core" end time: Dec 15 16:45 CET
"test-core" time elapsed: 00:00:01
----------------------------------------------------------

3/112 Testing: tesh-self-basic,
3/112 Test: tesh-self-basic,
Command: "/home/navarrop/Developments/simgrid/tools/tesh/tesh" "--cd" "../tools/tesh" "basic.tesh" 
Directory: /home/navarrop/Developments/simgrid/Cmake
"tesh-self-basic," start time: Dec 15 16:45 CET
Output:
----------------------------------------------------------
[0.000007] [tesh/INFO] Change directory to ../tools/tesh
[0.000046] [tesh/INFO] Test suite `basic'
[0.000095] [tesh/INFO] [basic:3] This is a basic test
[0.000109] [tesh/INFO] [basic:7] mkfile tmp_fich
[0.000804] [tesh/INFO] [basic:9] cat tmp_fich
[0.002920] [tesh/INFO] [basic:12] rm tmp_fich
[0.005200] [tesh/INFO] [basic:14] And now, some multilines examples
[0.005216] [tesh/INFO] [basic:20] mkfile tmp_fich
[0.005961] [tesh/INFO] [basic:22] cat tmp_fich
[0.008182] [tesh/INFO] [basic:28] wc -l tmp_fich
[0.010411] [tesh/INFO] [basic:31] rm tmp_fich
[0.014499] [tesh/INFO] Test suite `basic' OK
----------------------------------------------------------
"tesh-self-basic," end time: Dec 15 16:45 CET
"tesh-self-basic," time elapsed: 00:00:00
----------------------------------------------------------

4/112 Testing: tesh-self-cd,
4/112 Test: tesh-self-cd,
Command: "/home/navarrop/Developments/simgrid/tools/tesh/tesh" "--cd" "../tools/tesh" "cd.tesh" 
Directory: /home/navarrop/Developments/simgrid/Cmake
"tesh-self-cd," start time: Dec 15 16:45 CET
Output:
----------------------------------------------------------
[0.000013] [tesh/INFO] Change directory to ../tools/tesh
[0.000087] [tesh/INFO] Test suite `cd'
[0.000187] [tesh/INFO] [cd:5] rm -rf testdir_temp
[0.004295] [tesh/INFO] [cd:6] mkdir testdir_temp
[0.008716] [tesh/INFO] [cd:10] ls
[0.013867] [tesh/INFO] [cd:18] ../tesh --log='log.thresh:info tesh.fmt:%m%n'
[0.038057] [tesh/INFO] [cd:22] test -e ../testdir_temp
[0.039621] [tesh/INFO] [cd:25] rmdir testdir_temp
[0.041119] [tesh/INFO] Test suite `cd' OK
----------------------------------------------------------
"tesh-self-cd," end time: Dec 15 16:45 CET
"tesh-self-cd," time elapsed: 00:00:00
----------------------------------------------------------

5/112 Testing: tesh-self-IO-broken-pipe,
5/112 Test: tesh-self-IO-broken-pipe,
Command: "/home/navarrop/Developments/simgrid/tools/tesh/tesh" "--cd" "../tools/tesh" "IO-broken-pipe.tesh" 
Directory: /home/navarrop/Developments/simgrid/Cmake
"tesh-self-IO-broken-pipe," start time: Dec 15 16:45 CET
Output:
----------------------------------------------------------
[0.000005] [tesh/INFO] Change directory to ../tools/tesh
[0.000031] [tesh/INFO] Test suite `IO-broken-pipe'
[0.000072] [tesh/INFO] [IO-broken-pipe:10] echo
[0.001658] [tesh/INFO] [IO-broken-pipe:14] echo
[0.003234] [tesh/INFO] [IO-broken-pipe:18] echo
[0.004757] [tesh/INFO] [IO-broken-pipe:22] echo
[0.006797] [tesh/INFO] [IO-broken-pipe:26] echo
[0.008927] [tesh/INFO] [IO-broken-pipe:30] echo
[0.010971] [tesh/INFO] [IO-broken-pipe:34] echo
[0.012997] [tesh/INFO] [IO-broken-pipe:38] echo
[0.016582] [tesh/INFO] [IO-broken-pipe:42] echo
[0.018065] [tesh/INFO] [IO-broken-pipe:46] echo
[0.019584] [tesh/INFO] [IO-broken-pipe:50] echo
[0.022550] [tesh/INFO] [IO-broken-pipe:54] echo
[0.024271] [tesh/INFO] [IO-broken-pipe:58] echo
[0.025773] [tesh/INFO] [IO-broken-pipe:62] echo
[0.027459] [tesh/INFO] Test suite `IO-broken-pipe' OK
----------------------------------------------------------
"tesh-self-IO-broken-pipe," end time: Dec 15 16:45 CET
"tesh-self-IO-broken-pipe," time elapsed: 00:00:00
----------------------------------------------------------

6/112 Testing: tesh-self-IO-orders,
6/112 Test: tesh-self-IO-orders,
Command: "/home/navarrop/Developments/simgrid/tools/tesh/tesh" "--cd" "../tools/tesh" "IO-orders.tesh" 
Directory: /home/navarrop/Developments/simgrid/Cmake
"tesh-self-IO-orders," start time: Dec 15 16:45 CET
Output:
----------------------------------------------------------
[0.000005] [tesh/INFO] Change directory to ../tools/tesh
[0.000031] [tesh/INFO] Test suite `IO-orders'
[0.000064] [tesh/INFO] [IO-orders:2] This tests that TESH accepts any order for the input/output
[0.000069] [tesh/INFO] [IO-orders:4] Order: in, out, cmd
[0.000081] [tesh/INFO] [IO-orders:11] ./tesh --log='log.thresh:info tesh.fmt:%m%n'
[0.018225] [tesh/INFO] [IO-orders:13] Order: out, in, cmd
[0.018250] [tesh/INFO] [IO-orders:20] ./tesh --log='log.thresh:info tesh.fmt:%m%n'
[0.045980] [tesh/INFO] [IO-orders:22] Order: out, cmd, in
[0.045999] [tesh/INFO] [IO-orders:29] ./tesh --log='log.thresh:info tesh.fmt:%m%n'
[0.065421] [tesh/INFO] [IO-orders:31] Order: in, cmd, out
[0.065445] [tesh/INFO] [IO-orders:38] ./tesh --log='log.thresh:info tesh.fmt:%m%n'
[0.082379] [tesh/INFO] [IO-orders:40] Order: cmd, out, in
[0.082404] [tesh/INFO] [IO-orders:47] ./tesh --log='log.thresh:info tesh.fmt:%m%n'
[0.105718] [tesh/INFO] [IO-orders:49] Order: cmd, in, out
[0.105744] [tesh/INFO] [IO-orders:56] ./tesh --log='log.thresh:info tesh.fmt:%m%n'
[0.126531] [tesh/INFO] Test suite `IO-orders' OK
----------------------------------------------------------
"tesh-self-IO-orders," end time: Dec 15 16:45 CET
"tesh-self-IO-orders," time elapsed: 00:00:00
----------------------------------------------------------

7/112 Testing: tesh-self-IO-bigsize,
7/112 Test: tesh-self-IO-bigsize,
Command: "/home/navarrop/Developments/simgrid/tools/tesh/tesh" "--cd" "../tools/tesh" "IO-bigsize.tesh" 
Directory: /home/navarrop/Developments/simgrid/Cmake
"tesh-self-IO-bigsize," start time: Dec 15 16:45 CET
Output:
----------------------------------------------------------
[0.000005] [tesh/INFO] Change directory to ../tools/tesh
[0.000033] [tesh/INFO] Test suite `IO-bigsize'
[0.000081] [tesh/INFO] [IO-bigsize:9] First, a write test
[0.001940] [tesh/INFO] [IO-bigsize:1011] wc -c
[0.003847] [tesh/INFO] [IO-bigsize:1014] And now, a read/write test
[0.005905] [tesh/INFO] [IO-bigsize:2016] cat
[0.011098] [tesh/INFO] Test suite `IO-bigsize' OK
----------------------------------------------------------
"tesh-self-IO-bigsize," end time: Dec 15 16:45 CET
"tesh-self-IO-bigsize," time elapsed: 00:00:00
----------------------------------------------------------

8/112 Testing: tesh-self-set-return,
8/112 Test: tesh-self-set-return,
Command: "/home/navarrop/Developments/simgrid/tools/tesh/tesh" "--cd" "../tools/tesh" "set-return.tesh" 
Directory: /home/navarrop/Developments/simgrid/Cmake
"tesh-self-set-return," start time: Dec 15 16:45 CET
Output:
----------------------------------------------------------
[0.000005] [tesh/INFO] Change directory to ../tools/tesh
[0.000033] [tesh/INFO] Test suite `set-return'
[0.000070] [tesh/INFO] [set-return:5] rm -rf temp_testdir
[0.001639] [tesh/INFO] [set-return:6] mkdir temp_testdir
[0.003350] [tesh/INFO] [set-return:13] mkfile return1.c
[0.004000] [tesh/INFO] [set-return:15] gcc -o return1 return1.c
[0.049648] [tesh/INFO] [set-return:18] ./return1
[0.050708] [tesh/INFO] [set-return:20] rm -rf temp_testdir
[0.052493] [tesh/INFO] Test suite `set-return' OK
----------------------------------------------------------
"tesh-self-set-return," end time: Dec 15 16:45 CET
"tesh-self-set-return," time elapsed: 00:00:00
----------------------------------------------------------

9/112 Testing: tesh-self-set-signal,
9/112 Test: tesh-self-set-signal,
Command: "/home/navarrop/Developments/simgrid/tools/tesh/tesh" "--cd" "../tools/tesh" "set-signal.tesh" 
Directory: /home/navarrop/Developments/simgrid/Cmake
"tesh-self-set-signal," start time: Dec 15 16:45 CET
Output:
----------------------------------------------------------
[0.000005] [tesh/INFO] Change directory to ../tools/tesh
[0.000032] [tesh/INFO] Test suite `set-signal'
[0.000078] [tesh/INFO] [set-signal:5] rm -rf temp_testdir
[0.001557] [tesh/INFO] [set-signal:6] mkdir temp_testdir
[0.003240] [tesh/INFO] [set-signal:14] mkfile segfault.c
[0.003842] [tesh/INFO] [set-signal:16] gcc -o segfault segfault.c
[0.042894] [tesh/INFO] [set-signal:18] ./segfault
[0.043995] [tesh/INFO] [set-signal:20] rm -rf temp_testdir
[0.046188] [tesh/INFO] Test suite `set-signal' OK
----------------------------------------------------------
"tesh-self-set-signal," end time: Dec 15 16:45 CET
"tesh-self-set-signal," time elapsed: 00:00:00
----------------------------------------------------------

10/112 Testing: tesh-self-set-timeout,
10/112 Test: tesh-self-set-timeout,
Command: "/home/navarrop/Developments/simgrid/tools/tesh/tesh" "--cd" "../tools/tesh" "set-timeout.tesh" 
Directory: /home/navarrop/Developments/simgrid/Cmake
"tesh-self-set-timeout," start time: Dec 15 16:45 CET
Output:
----------------------------------------------------------
[0.000005] [tesh/INFO] Change directory to ../tools/tesh
[0.000033] [tesh/INFO] Test suite `set-timeout'
[0.000083] [tesh/INFO] [set-timeout:7] sleep 6
[6.002282] [tesh/INFO] Test suite `set-timeout' OK
----------------------------------------------------------
"tesh-self-set-timeout," end time: Dec 15 16:45 CET
"tesh-self-set-timeout," time elapsed: 00:00:06
----------------------------------------------------------

11/112 Testing: tesh-self-set-ignore-output,
11/112 Test: tesh-self-set-ignore-output,
Command: "/home/navarrop/Developments/simgrid/tools/tesh/tesh" "--cd" "../tools/tesh" "set-ignore-output.tesh" 
Directory: /home/navarrop/Developments/simgrid/Cmake
"tesh-self-set-ignore-output," start time: Dec 15 16:45 CET
Output:
----------------------------------------------------------
[0.000013] [tesh/INFO] Change directory to ../tools/tesh
[0.000087] [tesh/INFO] Test suite `set-ignore-output'
[0.000184] [tesh/INFO] [set-ignore-output:3] This tests whether TESH accepts to ignore command output
[0.000218] [tesh/INFO] [set-ignore-output:9] ./tesh --log='log.thresh:info tesh.fmt:%m%n'
[0.041135] [tesh/INFO] Test suite `set-ignore-output' OK
----------------------------------------------------------
"tesh-self-set-ignore-output," end time: Dec 15 16:45 CET
"tesh-self-set-ignore-output," time elapsed: 00:00:00
----------------------------------------------------------

12/112 Testing: tesh-self-catch-return,
12/112 Test: tesh-self-catch-return,
Command: "/home/navarrop/Developments/simgrid/tools/tesh/tesh" "--cd" "../tools/tesh" "catch-return.tesh" 
Directory: /home/navarrop/Developments/simgrid/Cmake
"tesh-self-catch-return," start time: Dec 15 16:45 CET
Output:
----------------------------------------------------------
[0.000005] [tesh/INFO] Change directory to ../tools/tesh
[0.000032] [tesh/INFO] Test suite `catch-return'
[0.000080] [tesh/INFO] [catch-return:5] rm -rf temp_testdir
[0.001578] [tesh/INFO] [catch-return:6] mkdir temp_testdir
[0.003233] [tesh/INFO] [catch-return:13] mkfile return1.c
[0.003855] [tesh/INFO] [catch-return:15] gcc -o return1 return1.c
[0.041711] [tesh/INFO] [catch-return:19] ../tesh --log='log.thresh:info tesh.fmt:%m%n'
[0.061093] [tesh/INFO] [catch-return:27] rm -rf temp_testdir
[0.062681] [tesh/INFO] Test suite `catch-return' OK
----------------------------------------------------------
"tesh-self-catch-return," end time: Dec 15 16:45 CET
"tesh-self-catch-return," time elapsed: 00:00:00
----------------------------------------------------------

13/112 Testing: tesh-self-catch-signal,
13/112 Test: tesh-self-catch-signal,
Command: "/home/navarrop/Developments/simgrid/tools/tesh/tesh" "--cd" "../tools/tesh" "catch-signal.tesh" 
Directory: /home/navarrop/Developments/simgrid/Cmake
"tesh-self-catch-signal," start time: Dec 15 16:45 CET
Output:
----------------------------------------------------------
[0.000005] [tesh/INFO] Change directory to ../tools/tesh
[0.000032] [tesh/INFO] Test suite `catch-signal'
[0.000079] [tesh/INFO] [catch-signal:5] rm -rf temp_testdir
[0.001549] [tesh/INFO] [catch-signal:6] mkdir temp_testdir
[0.003229] [tesh/INFO] [catch-signal:14] mkfile segfault.c
[0.003833] [tesh/INFO] [catch-signal:16] gcc -o segfault segfault.c
[0.044121] [tesh/INFO] [catch-signal:20] ../tesh --log='log.thresh:info tesh.fmt:%m%n'
[0.062729] [tesh/INFO] [catch-signal:28] rm -rf temp_testdir
[0.064399] [tesh/INFO] Test suite `catch-signal' OK
----------------------------------------------------------
"tesh-self-catch-signal," end time: Dec 15 16:45 CET
"tesh-self-catch-signal," time elapsed: 00:00:00
----------------------------------------------------------

14/112 Testing: tesh-self-catch-timeout,
14/112 Test: tesh-self-catch-timeout,
Command: "/home/navarrop/Developments/simgrid/tools/tesh/tesh" "--cd" "../tools/tesh" "catch-timeout.tesh" 
Directory: /home/navarrop/Developments/simgrid/Cmake
"tesh-self-catch-timeout," start time: Dec 15 16:45 CET
Output:
----------------------------------------------------------
[0.000005] [tesh/INFO] Change directory to ../tools/tesh
[0.000032] [tesh/INFO] Test suite `catch-timeout'
[0.000080] [tesh/INFO] [catch-timeout:14] ./tesh --log='log.thresh:info tesh.fmt:%m%n'
[1.580795] [tesh/INFO] Test suite `catch-timeout' OK
----------------------------------------------------------
"tesh-self-catch-timeout," end time: Dec 15 16:45 CET
"tesh-self-catch-timeout," time elapsed: 00:00:01
----------------------------------------------------------

15/112 Testing: tesh-self-catch-wrong-output,
15/112 Test: tesh-self-catch-wrong-output,
Command: "/home/navarrop/Developments/simgrid/tools/tesh/tesh" "--cd" "../tools/tesh" "catch-wrong-output.tesh" 
Directory: /home/navarrop/Developments/simgrid/Cmake
"tesh-self-catch-wrong-output," start time: Dec 15 16:45 CET
Output:
----------------------------------------------------------
[0.000013] [tesh/INFO] Change directory to ../tools/tesh
[0.000090] [tesh/INFO] Test suite `catch-wrong-output'
[0.000190] [tesh/INFO] [catch-wrong-output:3] This tests whether TESH detects wrong outputs
[0.000232] [tesh/INFO] [catch-wrong-output:9] ./tesh --log='log.thresh:info tesh.fmt:%m%n'
[0.050232] [tesh/INFO] Test suite `catch-wrong-output' OK
----------------------------------------------------------
"tesh-self-catch-wrong-output," end time: Dec 15 16:45 CET
"tesh-self-catch-wrong-output," time elapsed: 00:00:00
----------------------------------------------------------

16/112 Testing: tesh-self-bg-basic,
16/112 Test: tesh-self-bg-basic,
Command: "/home/navarrop/Developments/simgrid/tools/tesh/tesh" "--cd" "../tools/tesh" "bg-basic.tesh" 
Directory: /home/navarrop/Developments/simgrid/Cmake
"tesh-self-bg-basic," start time: Dec 15 16:45 CET
Output:
----------------------------------------------------------
[0.000014] [tesh/INFO] Change directory to ../tools/tesh
[0.000088] [tesh/INFO] Test suite `bg-basic'
[0.000183] [tesh/INFO] [bg-basic:3] This is a basic test
[0.000210] [tesh/INFO] [bg-basic:7] cat (background command)
[0.000834] [tesh/INFO] [bg-basic:10] And now, some multilines examples
[0.000864] [tesh/INFO] [bg-basic:16] cat (background command)
[0.005008] [tesh/INFO] Test suite `bg-basic' OK
----------------------------------------------------------
"tesh-self-bg-basic," end time: Dec 15 16:45 CET
"tesh-self-bg-basic," time elapsed: 00:00:00
----------------------------------------------------------

17/112 Testing: tesh-self-bg-set-signal,
17/112 Test: tesh-self-bg-set-signal,
Command: "/home/navarrop/Developments/simgrid/tools/tesh/tesh" "--cd" "../tools/tesh" "bg-set-signal.tesh" 
Directory: /home/navarrop/Developments/simgrid/Cmake
"tesh-self-bg-set-signal," start time: Dec 15 16:45 CET
Output:
----------------------------------------------------------
[0.000013] [tesh/INFO] Change directory to ../tools/tesh
[0.000087] [tesh/INFO] Test suite `bg-set-signal'
[0.000196] [tesh/INFO] [bg-set-signal:5] rm -rf temp_testdir
[0.004029] [tesh/INFO] [bg-set-signal:6] mkdir temp_testdir
[0.008561] [tesh/INFO] [bg-set-signal:14] mkfile segfault.c
[0.009865] [tesh/INFO] [bg-set-signal:16] gcc -o segfault segfault.c
[0.072423] [tesh/INFO] [bg-set-signal:18] ./segfault (background command)
[0.073196] [tesh/INFO] [bg-set-signal:19] sleep 1
[1.075177] [tesh/INFO] [bg-set-signal:21] rm -rf temp_testdir
[1.079898] [tesh/INFO] Test suite `bg-set-signal' OK
----------------------------------------------------------
"tesh-self-bg-set-signal," end time: Dec 15 16:45 CET
"tesh-self-bg-set-signal," time elapsed: 00:00:01
----------------------------------------------------------

18/112 Testing: tesh-self-background,
18/112 Test: tesh-self-background,
Command: "/home/navarrop/Developments/simgrid/tools/tesh/tesh" "--cd" "../tools/tesh" "background.tesh" 
Directory: /home/navarrop/Developments/simgrid/Cmake
"tesh-self-background," start time: Dec 15 16:45 CET
Output:
----------------------------------------------------------
[0.000005] [tesh/INFO] Change directory to ../tools/tesh
[0.000032] [tesh/INFO] Test suite `background'
[0.000078] [tesh/INFO] [background:2] rm -rf temp_testdir
[0.001554] [tesh/INFO] [background:3] mkdir temp_testdir
[0.003301] [tesh/INFO] [background:37] mkfile delayed_cat.c
[0.003925] [tesh/INFO] [background:39] gcc -Wall -o delayed_cat delayed_cat.c
[0.060249] [tesh/INFO] [background:41] ./delayed_cat  (background command)
[0.061016] [tesh/INFO] [background:45] mkfile tmp_fich
[0.061621] [tesh/INFO] [background:47] sleep 2
[2.063729] [tesh/INFO] [background:49] rm -rf temp_testdir
[2.068470] [tesh/INFO] Test suite `background' OK
----------------------------------------------------------
"tesh-self-background," end time: Dec 15 16:45 CET
"tesh-self-background," time elapsed: 00:00:02
----------------------------------------------------------

19/112 Testing: test-xbt-log,
19/112 Test: test-xbt-log,
Command: "/home/navarrop/Developments/simgrid/Cmake/chdir_run.sh" "../testsuite" "xbt/log_usage" 
Directory: /home/navarrop/Developments/simgrid/Cmake
"test-xbt-log," start time: Dec 15 16:45 CET
Output:
----------------------------------------------------------
exec: 4: xbt/log_usage: not found
----------------------------------------------------------
"test-xbt-log," end time: Dec 15 16:45 CET
"test-xbt-log," time elapsed: 00:00:00
----------------------------------------------------------

20/112 Testing: test-xbt-context,
20/112 Test: test-xbt-context,
Command: "/home/navarrop/Developments/simgrid/Cmake/chdir_run.sh" "../testsuite" "xbt/context_usage" 
Directory: /home/navarrop/Developments/simgrid/Cmake
"test-xbt-context," start time: Dec 15 16:45 CET
Output:
----------------------------------------------------------
exec: 4: xbt/context_usage: not found
----------------------------------------------------------
"test-xbt-context," end time: Dec 15 16:45 CET
"test-xbt-context," time elapsed: 00:00:00
----------------------------------------------------------

21/112 Testing: test-xbt-graphxml,
21/112 Test: test-xbt-graphxml,
Command: "/home/navarrop/Developments/simgrid/Cmake/chdir_run.sh" "../testsuite" "xbt/graphxml_usage" "./xbt/graph.xml" 
Directory: /home/navarrop/Developments/simgrid/Cmake
"test-xbt-graphxml," start time: Dec 15 16:45 CET
Output:
----------------------------------------------------------
exec: 4: xbt/graphxml_usage: not found
----------------------------------------------------------
"test-xbt-graphxml," end time: Dec 15 16:45 CET
"test-xbt-graphxml," time elapsed: 00:00:00
----------------------------------------------------------

22/112 Testing: test-xbt-heap,
22/112 Test: test-xbt-heap,
Command: "/home/navarrop/Developments/simgrid/Cmake/chdir_run.sh" "../testsuite" "xbt/heap_bench" 
Directory: /home/navarrop/Developments/simgrid/Cmake
"test-xbt-heap," start time: Dec 15 16:45 CET
Output:
----------------------------------------------------------
exec: 4: xbt/heap_bench: not found
----------------------------------------------------------
"test-xbt-heap," end time: Dec 15 16:45 CET
"test-xbt-heap," time elapsed: 00:00:00
----------------------------------------------------------

23/112 Testing: test-surf-lmm,
23/112 Test: test-surf-lmm,
Command: "/home/navarrop/Developments/simgrid/Cmake/chdir_run.sh" "../testsuite" "surf/lmm_usage" 
Directory: /home/navarrop/Developments/simgrid/Cmake
"test-surf-lmm," start time: Dec 15 16:45 CET
Output:
----------------------------------------------------------
exec: 4: surf/lmm_usage: not found
----------------------------------------------------------
"test-surf-lmm," end time: Dec 15 16:45 CET
"test-surf-lmm," time elapsed: 00:00:00
----------------------------------------------------------

24/112 Testing: test-surf-maxmin,
24/112 Test: test-surf-maxmin,
Command: "/home/navarrop/Developments/simgrid/Cmake/chdir_run.sh" "../testsuite" "surf/maxmin_bench" 
Directory: /home/navarrop/Developments/simgrid/Cmake
"test-surf-maxmin," start time: Dec 15 16:45 CET
Output:
----------------------------------------------------------
exec: 4: surf/maxmin_bench: not found
----------------------------------------------------------
"test-surf-maxmin," end time: Dec 15 16:45 CET
"test-surf-maxmin," time elapsed: 00:00:00
----------------------------------------------------------

25/112 Testing: test-surf-trace,
25/112 Test: test-surf-trace,
Command: "/home/navarrop/Developments/simgrid/Cmake/chdir_run.sh" "../testsuite" "surf/trace_usage" "--surf-path=./surf/" 
Directory: /home/navarrop/Developments/simgrid/Cmake
"test-surf-trace," start time: Dec 15 16:45 CET
Output:
----------------------------------------------------------
exec: 4: surf/trace_usage: not found
----------------------------------------------------------
"test-surf-trace," end time: Dec 15 16:45 CET
"test-surf-trace," time elapsed: 00:00:00
----------------------------------------------------------

26/112 Testing: test-surf-usage,
26/112 Test: test-surf-usage,
Command: "/home/navarrop/Developments/simgrid/Cmake/chdir_run.sh" "../testsuite" "surf/surf_usage" "--surf-path=./surf/" "platform.xml" 
Directory: /home/navarrop/Developments/simgrid/Cmake
"test-surf-usage," start time: Dec 15 16:45 CET
Output:
----------------------------------------------------------
exec: 4: surf/surf_usage: not found
----------------------------------------------------------
"test-surf-usage," end time: Dec 15 16:45 CET
"test-surf-usage," time elapsed: 00:00:00
----------------------------------------------------------

27/112 Testing: test-surf-usage2,
27/112 Test: test-surf-usage2,
Command: "/home/navarrop/Developments/simgrid/Cmake/chdir_run.sh" "../testsuite" "surf/surf_usage2" "--surf-path=./surf/" "platform.xml" 
Directory: /home/navarrop/Developments/simgrid/Cmake
"test-surf-usage2," start time: Dec 15 16:45 CET
Output:
----------------------------------------------------------
exec: 4: surf/surf_usage2: not found
----------------------------------------------------------
"test-surf-usage2," end time: Dec 15 16:45 CET
"test-surf-usage2," time elapsed: 00:00:00
----------------------------------------------------------

28/112 Testing: test-simdag-1,
28/112 Test: test-simdag-1,
Command: "/home/navarrop/Developments/simgrid/Cmake/chdir_run.sh" "../testsuite" "simdag/sd_test" "--surf-path=./simdag" "./simdag/small_platform_variable.xml" 
Directory: /home/navarrop/Developments/simgrid/Cmake
"test-simdag-1," start time: Dec 15 16:45 CET
Output:
----------------------------------------------------------
exec: 4: simdag/sd_test: not found
----------------------------------------------------------
"test-simdag-1," end time: Dec 15 16:45 CET
"test-simdag-1," time elapsed: 00:00:00
----------------------------------------------------------

29/112 Testing: test-simdag-2,
29/112 Test: test-simdag-2,
Command: "/home/navarrop/Developments/simgrid/Cmake/chdir_run.sh" "../testsuite" "simdag/sd_test" "--surf-path=./simdag" "../examples/msg/small_platform.xml" 
Directory: /home/navarrop/Developments/simgrid/Cmake
"test-simdag-2," start time: Dec 15 16:45 CET
Output:
----------------------------------------------------------
exec: 4: simdag/sd_test: not found
----------------------------------------------------------
"test-simdag-2," end time: Dec 15 16:45 CET
"test-simdag-2," time elapsed: 00:00:00
----------------------------------------------------------

30/112 Testing: test-simdag-3,
30/112 Test: test-simdag-3,
Command: "/home/navarrop/Developments/simgrid/Cmake/chdir_run.sh" "../testsuite" "simdag/sd_test" "--surf-path=./simdag" "../examples/msg/msg_platform.xml" 
Directory: /home/navarrop/Developments/simgrid/Cmake
"test-simdag-3," start time: Dec 15 16:45 CET
Output:
----------------------------------------------------------
exec: 4: simdag/sd_test: not found
----------------------------------------------------------
"test-simdag-3," end time: Dec 15 16:45 CET
"test-simdag-3," time elapsed: 00:00:00
----------------------------------------------------------

31/112 Testing: tesh-log-large,
31/112 Test: tesh-log-large,
Command: "/home/navarrop/Developments/simgrid/tools/tesh/tesh" "--cd" "../teshsuite" "xbt/log_large_test.tesh" 
Directory: /home/navarrop/Developments/simgrid/Cmake
"tesh-log-large," start time: Dec 15 16:45 CET
Output:
----------------------------------------------------------
[0.000013] [tesh/INFO] Change directory to ../teshsuite
[0.000087] [tesh/INFO] Test suite `xbt/log_large_test'
[0.000183] [tesh/INFO] [xbt/log_large_test:2] Check that the dynamic version of the log simple layout works
[0.000206] [tesh/INFO] [xbt/log_large_test:3] $SG_EXENV_TEST xbt/log_large_test
[0.022980] [tesh/INFO] [xbt/log_large_test:118] Check that the dynamic version of the log formated layout works
[0.022997] [tesh/INFO] [xbt/log_large_test:119] $SG_EXENV_TEST xbt/log_large_test --log=root.fmt:%m%n
[0.042523] [tesh/INFO] Test suite `xbt/log_large_test' OK
----------------------------------------------------------
"tesh-log-large," end time: Dec 15 16:45 CET
"tesh-log-large," time elapsed: 00:00:00
----------------------------------------------------------

32/112 Testing: tesh-log-parallel,
32/112 Test: tesh-log-parallel,
Command: "/home/navarrop/Developments/simgrid/tools/tesh/tesh" "--cd" "../teshsuite" "xbt/parallel_log_crashtest.tesh" 
Directory: /home/navarrop/Developments/simgrid/Cmake
"tesh-log-parallel," start time: Dec 15 16:45 CET
Output:
----------------------------------------------------------
[0.000006] [tesh/INFO] Change directory to ../teshsuite
[0.000035] [tesh/INFO] Test suite `xbt/parallel_log_crashtest'
[0.000080] [tesh/INFO] [xbt/parallel_log_crashtest:3] Try to crash the log mecanism by using it in parallel with a lot of threads
[0.000087] [tesh/INFO] [xbt/parallel_log_crashtest:4] xbt/parallel_log_crashtest --log=root.fmt:%m%n
[0.044991] [tesh/INFO] Test suite `xbt/parallel_log_crashtest' OK
----------------------------------------------------------
"tesh-log-parallel," end time: Dec 15 16:45 CET
"tesh-log-parallel," time elapsed: 00:00:00
----------------------------------------------------------

33/112 Testing: tesh-gras-dd-mem,
33/112 Test: tesh-gras-dd-mem,
Command: "/home/navarrop/Developments/simgrid/tools/tesh/tesh" "--cd" "../teshsuite" "gras/datadesc/datadesc_mem.tesh" 
Directory: /home/navarrop/Developments/simgrid/Cmake
"tesh-gras-dd-mem," start time: Dec 15 16:45 CET
Output:
----------------------------------------------------------
[0.000007] [tesh/INFO] Change directory to ../teshsuite
[0.000046] [tesh/INFO] Test suite `gras/datadesc/datadesc_mem'
[0.000096] [tesh/INFO] [gras/datadesc/datadesc_mem:2] Check the marshaling facilities (trying to to do a in-memory copy)
[0.000109] [tesh/INFO] [gras/datadesc/datadesc_mem:3] gras/datadesc/datadesc_usage --copy --log=root.fmt:%m%n
[0.035168] [tesh/INFO] Test suite `gras/datadesc/datadesc_mem' OK
----------------------------------------------------------
"tesh-gras-dd-mem," end time: Dec 15 16:45 CET
"tesh-gras-dd-mem," time elapsed: 00:00:00
----------------------------------------------------------

34/112 Testing: tesh-gras-dd-rw,
34/112 Test: tesh-gras-dd-rw,
Command: "/home/navarrop/Developments/simgrid/tools/tesh/tesh" "--cd" "../teshsuite" "gras/datadesc/datadesc_rw.tesh" 
Directory: /home/navarrop/Developments/simgrid/Cmake
"tesh-gras-dd-rw," start time: Dec 15 16:45 CET
Output:
----------------------------------------------------------
[0.000005] [tesh/INFO] Change directory to ../teshsuite
[0.000032] [tesh/INFO] Test suite `gras/datadesc/datadesc_rw'
[0.000077] [tesh/INFO] [gras/datadesc/datadesc_rw:2] Check the marshaling facilities (trying to read what we write)
[0.000085] [tesh/INFO] [gras/datadesc/datadesc_rw:3] rm -f datadesc_usage.out
[0.001726] [tesh/INFO] [gras/datadesc/datadesc_rw:5] gras/datadesc/datadesc_usage --write --log=root.fmt:%m%n
[0.037016] [tesh/INFO] [gras/datadesc/datadesc_rw:28] gras/datadesc/datadesc_usage --read --log=root.fmt:%m%n
[0.065168] [tesh/INFO] Test suite `gras/datadesc/datadesc_rw' OK
----------------------------------------------------------
"tesh-gras-dd-rw," end time: Dec 15 16:45 CET
"tesh-gras-dd-rw," time elapsed: 00:00:00
----------------------------------------------------------

35/112 Testing: tesh-gras-dd-r_little32_4,
35/112 Test: tesh-gras-dd-r_little32_4,
Command: "/home/navarrop/Developments/simgrid/tools/tesh/tesh" "--cd" "../teshsuite" "gras/datadesc/datadesc_r_little32_4.tesh" 
Directory: /home/navarrop/Developments/simgrid/Cmake
"tesh-gras-dd-r_little32_4," start time: Dec 15 16:45 CET
Output:
----------------------------------------------------------
[0.000006] [tesh/INFO] Change directory to ../teshsuite
[0.000034] [tesh/INFO] Test suite `gras/datadesc/datadesc_r_little32_4'
[0.000071] [tesh/INFO] [gras/datadesc/datadesc_r_little32_4:2] Check the marshaling facilities (trying to read the result of linux/x86)
[0.000080] [tesh/INFO] [gras/datadesc/datadesc_r_little32_4:3] gras/datadesc/datadesc_usage --read ${srcdir:=.}/gras/datadesc/datadesc.little32_4 --log=root.fmt:%m%n
[0.033937] [tesh/INFO] Test suite `gras/datadesc/datadesc_r_little32_4' OK
----------------------------------------------------------
"tesh-gras-dd-r_little32_4," end time: Dec 15 16:45 CET
"tesh-gras-dd-r_little32_4," time elapsed: 00:00:00
----------------------------------------------------------

36/112 Testing: tesh-gras-dd-r_little64,
36/112 Test: tesh-gras-dd-r_little64,
Command: "/home/navarrop/Developments/simgrid/tools/tesh/tesh" "--cd" "../teshsuite" "gras/datadesc/datadesc_r_little64.tesh" 
Directory: /home/navarrop/Developments/simgrid/Cmake
"tesh-gras-dd-r_little64," start time: Dec 15 16:45 CET
Output:
----------------------------------------------------------
[0.000005] [tesh/INFO] Change directory to ../teshsuite
[0.000033] [tesh/INFO] Test suite `gras/datadesc/datadesc_r_little64'
[0.000077] [tesh/INFO] [gras/datadesc/datadesc_r_little64:2] Check the marshaling facilities (trying to read the result of linux/amd64)
[0.000088] [tesh/INFO] [gras/datadesc/datadesc_r_little64:3] $SG_TEST_EXENV gras/datadesc/datadesc_usage --read ${srcdir:=.}/gras/datadesc/datadesc.little64 --log=root.fmt:%m%n $ARGS
[0.026278] [tesh/INFO] Test suite `gras/datadesc/datadesc_r_little64' OK
----------------------------------------------------------
"tesh-gras-dd-r_little64," end time: Dec 15 16:45 CET
"tesh-gras-dd-r_little64," time elapsed: 00:00:00
----------------------------------------------------------

37/112 Testing: tesh-gras-dd-r_big32_8,
37/112 Test: tesh-gras-dd-r_big32_8,
Command: "/home/navarrop/Developments/simgrid/tools/tesh/tesh" "--cd" "../teshsuite" "gras/datadesc/datadesc_r_big32_8.tesh" 
Directory: /home/navarrop/Developments/simgrid/Cmake
"tesh-gras-dd-r_big32_8," start time: Dec 15 16:45 CET
Output:
----------------------------------------------------------
[0.000006] [tesh/INFO] Change directory to ../teshsuite
[0.000039] [tesh/INFO] Test suite `gras/datadesc/datadesc_r_big32_8'
[0.000079] [tesh/INFO] [gras/datadesc/datadesc_r_big32_8:2] Check the marshaling facilities (trying to read the result of ppc or sparc)
[0.000089] [tesh/INFO] [gras/datadesc/datadesc_r_big32_8:3] gras/datadesc/datadesc_usage --read ${srcdir:=.}/gras/datadesc/datadesc.big32_8 --log=root.fmt:%m%n
[0.099105] run_context.c:603: [tesh/ERROR] Test suite `gras/datadesc/datadesc_r_big32_8': NOK (<gras/datadesc/datadesc_r_big32_8:3> got signal SIGABRT)
[0.099261] run_context.c:663: [tesh/ERROR] Output of <gras/datadesc/datadesc_r_big32_8:3> mismatch:
- Read from file ./gras/datadesc/datadesc.big32_8
- ---- Test on integer ----
- ---- Test on float ----
- ---- Test on double ----
- ---- Test on fixed array ----
- ---- Test on a reference to an integer ----
- ---- Test on string (ref to dynamic array) ----
- ---- Test on dynar containing integers ----
- ---- Test on all possible struct having 3 fields (49 structs) ----
- ---- Test on homogeneous structure ----
- ---- Test on heterogeneous structure ----
- ---- Test on nested structures ----
- ---- Test on chained list ----
- ---- Test on graph (cyclique chained list of 3 items) ----
- ---- Test on dynar containing integers ----
- ---- Test on the PBIO IEEE struct (also tests GRAS DEFINE TYPE) ----
- ---- Test on struct containing dynamic array and its size (cbps test) ----
- Exiting GRAS
+ Read from file datadesc.big32_8
+ ** SimGrid: UNCAUGHT EXCEPTION received on caraja(13344): category: mismatch; value: 0
+ ** Incoming bytes do not look like a GRAS message (header='....(05000000)'  not 'GRAS')
+ ** Thrown by () in this process
+ Incoming bytes do not look like a GRAS message (header='....(05000000)'  not 'GRAS')
+ 
+ **   In gras_msg_recv() at /home/navarrop/Developments/simgrid/src/gras/Msg/rl_msg.c:116
+ **   In listener_function() at /home/navarrop/Developments/simgrid/src/gras/Msg/gras_msg_listener.c:42
+ **   In xbt_thread_create_wrapper() at /home/navarrop/Developments/simgrid/src/xbt/xbt_rl_synchro.c:37
+ **   In wrapper_start_routine() at /home/navarrop/Developments/simgrid/src/xbt/xbt_os_thread.c:137
+ **   In start_thread() at /build/buildd/eglibc-2.10.1/nptl/pthread_create.c:300
+ **   In ?? at /lib/libc.so.6(clone+0x6d) [0x7fb01950c7bd]
[0.099277] run_context.c:667: [tesh/ERROR] Test suite `gras/datadesc/datadesc_r_big32_8': NOK (<gras/datadesc/datadesc_r_big32_8:3> output mismatch)
----------------------------------------------------------
"tesh-gras-dd-r_big32_8," end time: Dec 15 16:45 CET
"tesh-gras-dd-r_big32_8," time elapsed: 00:00:00
----------------------------------------------------------

38/112 Testing: tesh-gras-dd-r_big32_8_4,
38/112 Test: tesh-gras-dd-r_big32_8_4,
Command: "/home/navarrop/Developments/simgrid/tools/tesh/tesh" "--cd" "../teshsuite" "gras/datadesc/datadesc_r_big32_8_4.tesh" 
Directory: /home/navarrop/Developments/simgrid/Cmake
"tesh-gras-dd-r_big32_8_4," start time: Dec 15 16:45 CET
Output:
----------------------------------------------------------
[0.000006] [tesh/INFO] Change directory to ../teshsuite
[0.000032] [tesh/INFO] Test suite `gras/datadesc/datadesc_r_big32_8_4'
[0.000066] [tesh/INFO] [gras/datadesc/datadesc_r_big32_8_4:2] Check the marshaling facilities (trying to read the result of AIX)
[0.000075] [tesh/INFO] [gras/datadesc/datadesc_r_big32_8_4:3] gras/datadesc/datadesc_usage --read ${srcdir:=.}/gras/datadesc/datadesc.big32_8_4 --log=root.fmt:%m%n
[0.030354] [tesh/INFO] Test suite `gras/datadesc/datadesc_r_big32_8_4' OK
----------------------------------------------------------
"tesh-gras-dd-r_big32_8_4," end time: Dec 15 16:45 CET
"tesh-gras-dd-r_big32_8_4," time elapsed: 00:00:00
----------------------------------------------------------

39/112 Testing: tesh-gras-dd-r_big32_2,
39/112 Test: tesh-gras-dd-r_big32_2,
Command: "/home/navarrop/Developments/simgrid/tools/tesh/tesh" "--cd" "../teshsuite" "gras/datadesc/datadesc_r_big32_2.tesh" 
Directory: /home/navarrop/Developments/simgrid/Cmake
"tesh-gras-dd-r_big32_2," start time: Dec 15 16:45 CET
Output:
----------------------------------------------------------
[0.000006] [tesh/INFO] Change directory to ../teshsuite
[0.000032] [tesh/INFO] Test suite `gras/datadesc/datadesc_r_big32_2'
[0.000067] [tesh/INFO] [gras/datadesc/datadesc_r_big32_2:2] Check the marshaling facilities (trying to read the result of linux/mips?)
[0.000076] [tesh/INFO] [gras/datadesc/datadesc_r_big32_2:3] gras/datadesc/datadesc_usage --read ${srcdir:=.}/gras/datadesc/datadesc.big32_2 --log=root.fmt:%m%n
[0.099069] run_context.c:603: [tesh/ERROR] Test suite `gras/datadesc/datadesc_r_big32_2': NOK (<gras/datadesc/datadesc_r_big32_2:3> got signal SIGABRT)
[0.099233] run_context.c:663: [tesh/ERROR] Output of <gras/datadesc/datadesc_r_big32_2:3> mismatch:
- Read from file ./gras/datadesc/datadesc.big32_2
- ---- Test on integer ----
- ---- Test on float ----
- ---- Test on double ----
- ---- Test on fixed array ----
- ---- Test on a reference to an integer ----
- ---- Test on string (ref to dynamic array) ----
- ---- Test on dynar containing integers ----
- ---- Test on all possible struct having 3 fields (49 structs) ----
- ---- Test on homogeneous structure ----
- ---- Test on heterogeneous structure ----
- ---- Test on nested structures ----
- ---- Test on chained list ----
- ---- Test on graph (cyclique chained list of 3 items) ----
- ---- Test on dynar containing integers ----
- ---- Test on the PBIO IEEE struct (also tests GRAS DEFINE TYPE) ----
- ---- Test on struct containing dynamic array and its size (cbps test) ----
- Exiting GRAS
+ Read from file datadesc.big32_2
+ ** SimGrid: UNCAUGHT EXCEPTION received on caraja(13424): category: mismatch; value: 0
+ ** Incoming bytes do not look like a GRAS message (header='....(08000000)'  not 'GRAS')
+ ** Thrown by () in this process
+ Incoming bytes do not look like a GRAS message (header='....(08000000)'  not 'GRAS')
+ 
+ **   In gras_msg_recv() at /home/navarrop/Developments/simgrid/src/gras/Msg/rl_msg.c:116
+ **   In listener_function() at /home/navarrop/Developments/simgrid/src/gras/Msg/gras_msg_listener.c:42
+ **   In xbt_thread_create_wrapper() at /home/navarrop/Developments/simgrid/src/xbt/xbt_rl_synchro.c:37
+ **   In wrapper_start_routine() at /home/navarrop/Developments/simgrid/src/xbt/xbt_os_thread.c:137
+ **   In start_thread() at /build/buildd/eglibc-2.10.1/nptl/pthread_create.c:300
+ **   In ?? at /lib/libc.so.6(clone+0x6d) [0x7f09900a77bd]
[0.099244] run_context.c:667: [tesh/ERROR] Test suite `gras/datadesc/datadesc_r_big32_2': NOK (<gras/datadesc/datadesc_r_big32_2:3> output mismatch)
----------------------------------------------------------
"tesh-gras-dd-r_big32_2," end time: Dec 15 16:45 CET
"tesh-gras-dd-r_big32_2," time elapsed: 00:00:00
----------------------------------------------------------

40/112 Testing: tesh-gras-msg_handle-rl,
40/112 Test: tesh-gras-msg_handle-rl,
Command: "/home/navarrop/Developments/simgrid/tools/tesh/tesh" "--cd" "../teshsuite" "gras/msg_handle/test_rl" 
Directory: /home/navarrop/Developments/simgrid/Cmake
"tesh-gras-msg_handle-rl," start time: Dec 15 16:45 CET
Output:
----------------------------------------------------------
[0.000007] [tesh/INFO] Change directory to ../teshsuite
[0.000047] [tesh/INFO] Test suite `gras/msg_handle/test_rl'
[0.000108] [tesh/INFO] [gras/msg_handle/test_rl:3] $SG_TEST_ENV gras/msg_handle/msg_handle_server$EXEEXT 4002 127.0.0.1:4003 --log=root.fmt=%P:%t%e%m%n $ARGS (background command)
[0.003593] [tesh/INFO] [gras/msg_handle/test_rl:12] $SG_TEST_ENV gras/msg_handle/msg_handle_client$EXEEXT 4003 127.0.0.1:4002 --log=root.fmt=%P:%t%e%m%n $ARGS (background command)
[5.046669] [tesh/INFO] Test suite `gras/msg_handle/test_rl' OK
----------------------------------------------------------
"tesh-gras-msg_handle-rl," end time: Dec 15 16:46 CET
"tesh-gras-msg_handle-rl," time elapsed: 00:00:05
----------------------------------------------------------

41/112 Testing: tesh-gras-msg_handle-sg-32,
41/112 Test: tesh-gras-msg_handle-sg-32,
Command: "/home/navarrop/Developments/simgrid/tools/tesh/tesh" "--cd" "../teshsuite" "gras/msg_handle/test_sg_32" 
Directory: /home/navarrop/Developments/simgrid/Cmake
"tesh-gras-msg_handle-sg-32," start time: Dec 15 16:46 CET
Output:
----------------------------------------------------------
[0.000007] [tesh/INFO] Change directory to ../teshsuite
[0.000046] [tesh/INFO] Test suite `gras/msg_handle/test_sg_32'
[0.000096] [tesh/INFO] [gras/msg_handle/test_sg_32:1] Runs the 'msg_handle' test within the simulator (simulation times valid for 32bits architectures)
[0.000113] [tesh/INFO] [gras/msg_handle/test_sg_32:3] $SG_TEST_EXENV gras/msg_handle/msg_handle_simulator$EXEEXT ${srcdir:=.}/../examples/msg/small_platform.xml ${srcdir:=.}/gras/msg_handle/msg_handle.xml
[0.020892] run_context.c:663: [tesh/ERROR] Output of <gras/msg_handle/test_sg_32:3> mismatch:
  [Tremblay:server:(1) 0.000000] [test/INFO] Launch server (port=4000)
  [Fafard:client:(2) 0.000000] [test/INFO] Launch client (port=4000)
- [Tremblay:server:(1) 1.000030] [test/INFO] Initialization done.
- [Tremblay:server:(1) 1.000030] [test/INFO] gras_msg_handle(0) works as expected (immediate timeout)
- [Fafard:client:(2) 1.000030] [test/INFO] Initialization done.
- [Tremblay:server:(1) 2.000030] [test/INFO] gras_msg_handle(1) works as expected (delayed timeout)
- [Tremblay:server:(1) 5.000030] [test/INFO] Unlock pal
- [Tremblay:server:(1) 5.002006] [gras/INFO] Exiting GRAS
- [Fafard:client:(2) 5.002006] [test/INFO] Got the message
- [Fafard:client:(2) 5.002006] [test/INFO] gras_msg_handle(-1) works as expected (locked)
- [Fafard:client:(2) 5.002006] [gras/INFO] Exiting GRAS
+ [Tremblay:server:(1) 1.000312] [test/INFO] Initialization done.
+ [Tremblay:server:(1) 1.000312] [test/INFO] gras_msg_handle(0) works as expected (immediate timeout)
+ [Fafard:client:(2) 1.000312] [test/INFO] Initialization done.
+ [Tremblay:server:(1) 2.000312] [test/INFO] gras_msg_handle(1) works as expected (delayed timeout)
+ [Tremblay:server:(1) 5.000312] [test/INFO] Unlock pal
+ [Tremblay:server:(1) 5.020863] [gras/INFO] Exiting GRAS
+ [Fafard:client:(2) 5.020863] [test/INFO] Got the message
+ [Fafard:client:(2) 5.020863] [test/INFO] gras_msg_handle(-1) works as expected (locked)
+ [Fafard:client:(2) 5.020863] [gras/INFO] Exiting GRAS
[0.020912] run_context.c:667: [tesh/ERROR] Test suite `gras/msg_handle/test_sg_32': NOK (<gras/msg_handle/test_sg_32:3> output mismatch)
----------------------------------------------------------
"tesh-gras-msg_handle-sg-32," end time: Dec 15 16:46 CET
"tesh-gras-msg_handle-sg-32," time elapsed: 00:00:00
----------------------------------------------------------

42/112 Testing: tesh-gras-empty_main-rl,
42/112 Test: tesh-gras-empty_main-rl,
Command: "/home/navarrop/Developments/simgrid/tools/tesh/tesh" "--cd" "../teshsuite" "gras/empty_main/test_rl" 
Directory: /home/navarrop/Developments/simgrid/Cmake
"tesh-gras-empty_main-rl," start time: Dec 15 16:46 CET
Output:
----------------------------------------------------------
[0.000005] [tesh/INFO] Change directory to ../teshsuite
[0.000034] [tesh/INFO] Test suite `gras/empty_main/test_rl'
[0.000082] [tesh/INFO] [gras/empty_main/test_rl:3] $SG_TEST_ENV ./gras/empty_main/empty_main_function$EXEEXT --log=root.fmt=%P:%t%e%m%n $ARGS (background command)
[0.026068] [tesh/INFO] Test suite `gras/empty_main/test_rl' OK
----------------------------------------------------------
"tesh-gras-empty_main-rl," end time: Dec 15 16:46 CET
"tesh-gras-empty_main-rl," time elapsed: 00:00:00
----------------------------------------------------------

43/112 Testing: tesh-gras-empty_main-sg,
43/112 Test: tesh-gras-empty_main-sg,
Command: "/home/navarrop/Developments/simgrid/tools/tesh/tesh" "--cd" "../teshsuite" "gras/empty_main/test_sg" 
Directory: /home/navarrop/Developments/simgrid/Cmake
"tesh-gras-empty_main-sg," start time: Dec 15 16:46 CET
Output:
----------------------------------------------------------
[0.000005] [tesh/INFO] Change directory to ../teshsuite
[0.000031] [tesh/INFO] Test suite `gras/empty_main/test_sg'
[0.000075] [tesh/INFO] [gras/empty_main/test_sg:1] Runs the 'empty_main' test within the simulator
[0.000087] [tesh/INFO] [gras/empty_main/test_sg:3] $SG_TEST_EXENV ./gras/empty_main/empty_main_simulator${EXEEXT:=} ${srcdir:=.}/../examples/msg/small_platform.xml ${srcdir:=.}/gras/empty_main/empty_main.xml
[0.020827] [tesh/INFO] Test suite `gras/empty_main/test_sg' OK
----------------------------------------------------------
"tesh-gras-empty_main-sg," end time: Dec 15 16:46 CET
"tesh-gras-empty_main-sg," time elapsed: 00:00:00
----------------------------------------------------------

44/112 Testing: tesh-gras-small_sleep-sg-32,
44/112 Test: tesh-gras-small_sleep-sg-32,
Command: "/home/navarrop/Developments/simgrid/tools/tesh/tesh" "--cd" "../teshsuite" "gras/small_sleep/test_sg_32" 
Directory: /home/navarrop/Developments/simgrid/Cmake
"tesh-gras-small_sleep-sg-32," start time: Dec 15 16:46 CET
Output:
----------------------------------------------------------
[0.000005] [tesh/INFO] Change directory to ../teshsuite
[0.000032] [tesh/INFO] Test suite `gras/small_sleep/test_sg_32'
[0.000067] [tesh/INFO] [gras/small_sleep/test_sg_32:1] Runs the 'small_sleep' test within the simulator
[0.000078] [tesh/INFO] [gras/small_sleep/test_sg_32:3] $SG_TEST_EXENV ./gras/small_sleep/small_sleep_simulator${EXEEXT:=} ${srcdir:=.}/../examples/msg/small_platform.xml ${srcdir:=.}/gras/small_sleep/small_sleep.xml
[0.018609] run_context.c:663: [tesh/ERROR] Output of <gras/small_sleep/test_sg_32:3> mismatch:
  [Tremblay:function:(1) 0.000000] [test/INFO] Let's go 1E-5
  [Tremblay:function:(1) 0.000010] [test/INFO] Let's go 1E-10
  [Tremblay:function:(1) 0.000020] [test/INFO] Let's go 1E-15
- [Tremblay:function:(1) 0.000030] [test/INFO] Let's go 1E-20
- [Tremblay:function:(1) 0.000030] [test/INFO] done
- [Tremblay:function:(1) 0.000030] [gras/INFO] Exiting GRAS
+ [Tremblay:function:(1) 0.000020] [test/INFO] Let's go 1E-20
+ [Tremblay:function:(1) 0.000020] [test/INFO] done
+ [Tremblay:function:(1) 0.000020] [gras/INFO] Exiting GRAS
[0.018627] run_context.c:667: [tesh/ERROR] Test suite `gras/small_sleep/test_sg_32': NOK (<gras/small_sleep/test_sg_32:3> output mismatch)
----------------------------------------------------------
"tesh-gras-small_sleep-sg-32," end time: Dec 15 16:46 CET
"tesh-gras-small_sleep-sg-32," time elapsed: 00:00:00
----------------------------------------------------------

45/112 Testing: tesh-simdag-reinit_costs,
45/112 Test: tesh-simdag-reinit_costs,
Command: "/home/navarrop/Developments/simgrid/tools/tesh/tesh" "--cd" "../teshsuite" "simdag/network/test_reinit_costs.tesh" 
Directory: /home/navarrop/Developments/simgrid/Cmake
"tesh-simdag-reinit_costs," start time: Dec 15 16:46 CET
Output:
----------------------------------------------------------
[0.000005] [tesh/INFO] Change directory to ../teshsuite
[0.000034] [tesh/INFO] Test suite `simdag/network/test_reinit_costs'
[0.000077] [tesh/INFO] [simdag/network/test_reinit_costs:2] Reinitialization test
[0.000089] [tesh/INFO] [simdag/network/test_reinit_costs:4] simdag/network/test_reinit_costs ${srcdir:=.}/simdag/network/platform_2p_1sl.xml --surf-path=${srcdir} --log=sd_kernel.thres=warning
[0.021678] [tesh/INFO] Test suite `simdag/network/test_reinit_costs' OK
----------------------------------------------------------
"tesh-simdag-reinit_costs," end time: Dec 15 16:46 CET
"tesh-simdag-reinit_costs," time elapsed: 00:00:00
----------------------------------------------------------

46/112 Testing: tesh-simdag-parser,
46/112 Test: tesh-simdag-parser,
Command: "/home/navarrop/Developments/simgrid/tools/tesh/tesh" "--cd" "../teshsuite" "simdag/platforms/basic_parsing_test.tesh" 
Directory: /home/navarrop/Developments/simgrid/Cmake
"tesh-simdag-parser," start time: Dec 15 16:46 CET
Output:
----------------------------------------------------------
[0.000005] [tesh/INFO] Change directory to ../teshsuite
[0.000033] [tesh/INFO] Test suite `simdag/platforms/basic_parsing_test'
[0.000082] [tesh/INFO] [simdag/platforms/basic_parsing_test:1] simdag/platforms/basic_parsing_test --log=xbt_cfg.thres:critical --cfg=path:${srcdir:=.}/simdag/platforms one_cluster_foreach.xml
[0.022204] [tesh/INFO] [simdag/platforms/basic_parsing_test:2] simdag/platforms/basic_parsing_test --log=xbt_cfg.thres:critical --cfg=path:${srcdir:=.}/simdag/platforms one_cluster_one_host_random.xml
[0.040761] [tesh/INFO] [simdag/platforms/basic_parsing_test:3] simdag/platforms/basic_parsing_test --log=xbt_cfg.thres:critical --cfg=path:${srcdir:=.}/simdag/platforms one_cluster_one_host.xml
[0.061695] [tesh/INFO] [simdag/platforms/basic_parsing_test:4] simdag/platforms/basic_parsing_test --log=xbt_cfg.thres:critical --cfg=path:${srcdir:=.}/simdag/platforms one_cluster_properties_foreach.xml
[0.080899] [tesh/INFO] [simdag/platforms/basic_parsing_test:5] simdag/platforms/basic_parsing_test --log=xbt_cfg.thres:critical --cfg=path:${srcdir:=.}/simdag/platforms one_cluster.xml
[0.101106] [tesh/INFO] [simdag/platforms/basic_parsing_test:6] simdag/platforms/basic_parsing_test --log=xbt_cfg.thres:critical --cfg=path:${srcdir:=.}/simdag/platforms one_host_availability.xml
[0.121961] [tesh/INFO] [simdag/platforms/basic_parsing_test:7] simdag/platforms/basic_parsing_test --log=xbt_cfg.thres:critical --cfg=path:${srcdir:=.}/simdag/platforms one_host_properties.xml
[0.142817] [tesh/INFO] [simdag/platforms/basic_parsing_test:8] simdag/platforms/basic_parsing_test --log=xbt_cfg.thres:critical --cfg=path:${srcdir:=.}/simdag/platforms one_host_state_file.xml
[0.161333] [tesh/INFO] [simdag/platforms/basic_parsing_test:9] simdag/platforms/basic_parsing_test --log=xbt_cfg.thres:critical --cfg=path:${srcdir:=.}/simdag/platforms one_host_state_off.xml
[0.181883] [tesh/INFO] [simdag/platforms/basic_parsing_test:10] simdag/platforms/basic_parsing_test --log=xbt_cfg.thres:critical --cfg=path:${srcdir:=.}/simdag/platforms one_host_state_on.xml
[0.200169] [tesh/INFO] [simdag/platforms/basic_parsing_test:11] simdag/platforms/basic_parsing_test --log=xbt_cfg.thres:critical --cfg=path:${srcdir:=.}/simdag/platforms one_host_trace_inside.xml
[0.218472] [tesh/INFO] [simdag/platforms/basic_parsing_test:12] simdag/platforms/basic_parsing_test --log=xbt_cfg.thres:critical --cfg=path:${srcdir:=.}/simdag/platforms one_host.xml
[0.240207] [tesh/INFO] [simdag/platforms/basic_parsing_test:13] simdag/platforms/basic_parsing_test --log=xbt_cfg.thres:critical --cfg=path:${srcdir:=.}/simdag/platforms one_link_availability.xml
[0.258405] [tesh/INFO] [simdag/platforms/basic_parsing_test:14] simdag/platforms/basic_parsing_test --log=xbt_cfg.thres:critical --cfg=path:${srcdir:=.}/simdag/platforms one_link_fatpipe.xml
[0.278096] [tesh/INFO] [simdag/platforms/basic_parsing_test:15] simdag/platforms/basic_parsing_test --log=xbt_cfg.thres:critical --cfg=path:${srcdir:=.}/simdag/platforms one_link_shared.xml
[0.298993] [tesh/INFO] [simdag/platforms/basic_parsing_test:16] simdag/platforms/basic_parsing_test --log=xbt_cfg.thres:critical --cfg=path:${srcdir:=.}/simdag/platforms one_link_state_file.xml
[0.318554] [tesh/INFO] [simdag/platforms/basic_parsing_test:17] simdag/platforms/basic_parsing_test --log=xbt_cfg.thres:critical --cfg=path:${srcdir:=.}/simdag/platforms three_hosts_non_symmetric_route.xml
[0.338404] [tesh/INFO] [simdag/platforms/basic_parsing_test:18] simdag/platforms/basic_parsing_test --log=xbt_cfg.thres:critical --cfg=path:${srcdir:=.}/simdag/platforms two_clusters_symmetric.xml
[0.361107] [tesh/INFO] [simdag/platforms/basic_parsing_test:19] simdag/platforms/basic_parsing_test --log=xbt_cfg.thres:critical --cfg=path:${srcdir:=.}/simdag/platforms two_clusters.xml
[0.382360] [tesh/INFO] [simdag/platforms/basic_parsing_test:20] simdag/platforms/basic_parsing_test --log=xbt_cfg.thres:critical --cfg=path:${srcdir:=.}/simdag/platforms two_hosts_multi_hop.xml
[0.403107] [tesh/INFO] [simdag/platforms/basic_parsing_test:21] simdag/platforms/basic_parsing_test --log=xbt_cfg.thres:critical --cfg=path:${srcdir:=.}/simdag/platforms two_hosts_one_link.xml
[0.421061] [tesh/INFO] Test suite `simdag/platforms/basic_parsing_test' OK
----------------------------------------------------------
"tesh-simdag-parser," end time: Dec 15 16:46 CET
"tesh-simdag-parser," time elapsed: 00:00:00
----------------------------------------------------------

47/112 Testing: tesh-simdag-flatifier,
47/112 Test: tesh-simdag-flatifier,
Command: "/home/navarrop/Developments/simgrid/tools/tesh/tesh" "--cd" "../teshsuite" "simdag/platforms/flatifier.tesh" 
Directory: /home/navarrop/Developments/simgrid/Cmake
"tesh-simdag-flatifier," start time: Dec 15 16:46 CET
Output:
----------------------------------------------------------
[0.000005] [tesh/INFO] Change directory to ../teshsuite
[0.000033] [tesh/INFO] Test suite `simdag/platforms/flatifier'
[0.000071] [tesh/INFO] [simdag/platforms/flatifier:1] ./simdag/platforms/flatifier --cfg=path:${srcdir:=.}/simdag/platforms/ one_cluster.xml
[0.028479] run_context.c:663: [tesh/ERROR] Output of <simdag/platforms/flatifier:1> mismatch:
  [0.000000] [xbt_cfg/INFO] Configuration change: Set 'path' to './simdag/platforms/'
  <?xml version='1.0'?>
  <!DOCTYPE platform SYSTEM "simgrid.dtd">
  <platform version="2">
    <host id="bob0.hamburger.edu" power="1000000000"/>
    <host id="bob2.hamburger.edu" power="1000000000"/>
    <host id="bob3.hamburger.edu" power="1000000000"/>
    <host id="bob4.hamburger.edu" power="1000000000"/>
    <host id="bob6.hamburger.edu" power="1000000000"/>
    <link id="__loopback__" bandwidth="498000000" latency="0.000015000" sharing_policy="FATPIPE"/>
    <link id="bob0.hamburger.edu" bandwidth="125000000" latency="0.000050000"/>
    <link id="bob2.hamburger.edu" bandwidth="125000000" latency="0.000050000"/>
    <link id="bob3.hamburger.edu" bandwidth="125000000" latency="0.000050000"/>
    <link id="bob4.hamburger.edu" bandwidth="125000000" latency="0.000050000"/>
    <link id="bob6.hamburger.edu" bandwidth="125000000" latency="0.000050000"/>
    <link id="bob_cluster_bb" bandwidth="2250000000" latency="0.000500000" sharing_policy="FATPIPE"/>
    <route src="bob0.hamburger.edu" dst="bob0.hamburger.edu">
-     <link:ctn id="__loopback__"/>
+     <link:ctn id="bob0.hamburger.edu"/>
    </route>
    <route src="bob0.hamburger.edu" dst="bob2.hamburger.edu">
      <link:ctn id="bob0.hamburger.edu"/><link:ctn id="bob_cluster_bb"/><link:ctn id="bob2.hamburger.edu"/>
    </route>
    <route src="bob0.hamburger.edu" dst="bob3.hamburger.edu">
      <link:ctn id="bob0.hamburger.edu"/><link:ctn id="bob_cluster_bb"/><link:ctn id="bob3.hamburger.edu"/>
    </route>
    <route src="bob0.hamburger.edu" dst="bob4.hamburger.edu">
      <link:ctn id="bob0.hamburger.edu"/><link:ctn id="bob_cluster_bb"/><link:ctn id="bob4.hamburger.edu"/>
    </route>
    <route src="bob0.hamburger.edu" dst="bob6.hamburger.edu">
      <link:ctn id="bob0.hamburger.edu"/><link:ctn id="bob_cluster_bb"/><link:ctn id="bob6.hamburger.edu"/>
    </route>
    <route src="bob2.hamburger.edu" dst="bob0.hamburger.edu">
      <link:ctn id="bob2.hamburger.edu"/><link:ctn id="bob_cluster_bb"/><link:ctn id="bob0.hamburger.edu"/>
    </route>
    <route src="bob2.hamburger.edu" dst="bob2.hamburger.edu">
-     <link:ctn id="__loopback__"/>
+     <link:ctn id="bob2.hamburger.edu"/>
    </route>
    <route src="bob2.hamburger.edu" dst="bob3.hamburger.edu">
      <link:ctn id="bob2.hamburger.edu"/><link:ctn id="bob_cluster_bb"/><link:ctn id="bob3.hamburger.edu"/>
    </route>
    <route src="bob2.hamburger.edu" dst="bob4.hamburger.edu">
      <link:ctn id="bob2.hamburger.edu"/><link:ctn id="bob_cluster_bb"/><link:ctn id="bob4.hamburger.edu"/>
    </route>
    <route src="bob2.hamburger.edu" dst="bob6.hamburger.edu">
      <link:ctn id="bob2.hamburger.edu"/><link:ctn id="bob_cluster_bb"/><link:ctn id="bob6.hamburger.edu"/>
    </route>
    <route src="bob3.hamburger.edu" dst="bob0.hamburger.edu">
      <link:ctn id="bob3.hamburger.edu"/><link:ctn id="bob_cluster_bb"/><link:ctn id="bob0.hamburger.edu"/>
    </route>
    <route src="bob3.hamburger.edu" dst="bob2.hamburger.edu">
      <link:ctn id="bob3.hamburger.edu"/><link:ctn id="bob_cluster_bb"/><link:ctn id="bob2.hamburger.edu"/>
    </route>
    <route src="bob3.hamburger.edu" dst="bob3.hamburger.edu">
-     <link:ctn id="__loopback__"/>
+     <link:ctn id="bob3.hamburger.edu"/>
    </route>
    <route src="bob3.hamburger.edu" dst="bob4.hamburger.edu">
      <link:ctn id="bob3.hamburger.edu"/><link:ctn id="bob_cluster_bb"/><link:ctn id="bob4.hamburger.edu"/>
    </route>
    <route src="bob3.hamburger.edu" dst="bob6.hamburger.edu">
      <link:ctn id="bob3.hamburger.edu"/><link:ctn id="bob_cluster_bb"/><link:ctn id="bob6.hamburger.edu"/>
    </route>
    <route src="bob4.hamburger.edu" dst="bob0.hamburger.edu">
      <link:ctn id="bob4.hamburger.edu"/><link:ctn id="bob_cluster_bb"/><link:ctn id="bob0.hamburger.edu"/>
    </route>
    <route src="bob4.hamburger.edu" dst="bob2.hamburger.edu">
      <link:ctn id="bob4.hamburger.edu"/><link:ctn id="bob_cluster_bb"/><link:ctn id="bob2.hamburger.edu"/>
    </route>
    <route src="bob4.hamburger.edu" dst="bob3.hamburger.edu">
      <link:ctn id="bob4.hamburger.edu"/><link:ctn id="bob_cluster_bb"/><link:ctn id="bob3.hamburger.edu"/>
    </route>
    <route src="bob4.hamburger.edu" dst="bob4.hamburger.edu">
-     <link:ctn id="__loopback__"/>
+     <link:ctn id="bob4.hamburger.edu"/>
    </route>
    <route src="bob4.hamburger.edu" dst="bob6.hamburger.edu">
      <link:ctn id="bob4.hamburger.edu"/><link:ctn id="bob_cluster_bb"/><link:ctn id="bob6.hamburger.edu"/>
    </route>
    <route src="bob6.hamburger.edu" dst="bob0.hamburger.edu">
      <link:ctn id="bob6.hamburger.edu"/><link:ctn id="bob_cluster_bb"/><link:ctn id="bob0.hamburger.edu"/>
    </route>
    <route src="bob6.hamburger.edu" dst="bob2.hamburger.edu">
      <link:ctn id="bob6.hamburger.edu"/><link:ctn id="bob_cluster_bb"/><link:ctn id="bob2.hamburger.edu"/>
    </route>
    <route src="bob6.hamburger.edu" dst="bob3.hamburger.edu">
      <link:ctn id="bob6.hamburger.edu"/><link:ctn id="bob_cluster_bb"/><link:ctn id="bob3.hamburger.edu"/>
    </route>
    <route src="bob6.hamburger.edu" dst="bob4.hamburger.edu">
      <link:ctn id="bob6.hamburger.edu"/><link:ctn id="bob_cluster_bb"/><link:ctn id="bob4.hamburger.edu"/>
    </route>
    <route src="bob6.hamburger.edu" dst="bob6.hamburger.edu">
-     <link:ctn id="__loopback__"/>
+     <link:ctn id="bob6.hamburger.edu"/>
    </route>
  </platform>
[0.028510] run_context.c:667: [tesh/ERROR] Test suite `simdag/platforms/flatifier': NOK (<simdag/platforms/flatifier:1> output mismatch)
----------------------------------------------------------
"tesh-simdag-flatifier," end time: Dec 15 16:46 CET
"tesh-simdag-flatifier," time elapsed: 00:00:00
----------------------------------------------------------

48/112 Testing: tesh-simdag-basic0,
48/112 Test: tesh-simdag-basic0,
Command: "/home/navarrop/Developments/simgrid/tools/tesh/tesh" "--cd" "../teshsuite" "simdag/basic0.tesh" 
Directory: /home/navarrop/Developments/simgrid/Cmake
"tesh-simdag-basic0," start time: Dec 15 16:46 CET
Output:
----------------------------------------------------------
[0.000005] [tesh/INFO] Change directory to ../teshsuite
[0.000033] [tesh/INFO] Test suite `simdag/basic0'
[0.000078] [tesh/INFO] [simdag/basic0:1] simdag/basic0 ${srcdir:=.}/simdag/basic_platform.xml --surf-path=${srcdir}
[0.016632] [tesh/INFO] Test suite `simdag/basic0' OK
----------------------------------------------------------
"tesh-simdag-basic0," end time: Dec 15 16:46 CET
"tesh-simdag-basic0," time elapsed: 00:00:00
----------------------------------------------------------

49/112 Testing: tesh-simdag-basic1,
49/112 Test: tesh-simdag-basic1,
Command: "/home/navarrop/Developments/simgrid/tools/tesh/tesh" "--cd" "../teshsuite" "simdag/basic1.tesh" 
Directory: /home/navarrop/Developments/simgrid/Cmake
"tesh-simdag-basic1," start time: Dec 15 16:46 CET
Output:
----------------------------------------------------------
[0.000006] [tesh/INFO] Change directory to ../teshsuite
[0.000036] [tesh/INFO] Test suite `simdag/basic1'
[0.000076] [tesh/INFO] [simdag/basic1:1] simdag/basic1 ${srcdir:=.}/simdag/basic_platform.xml --surf-path=${srcdir}
[0.024975] [tesh/INFO] Test suite `simdag/basic1' OK
----------------------------------------------------------
"tesh-simdag-basic1," end time: Dec 15 16:46 CET
"tesh-simdag-basic1," time elapsed: 00:00:00
----------------------------------------------------------

50/112 Testing: tesh-simdag-basic2,
50/112 Test: tesh-simdag-basic2,
Command: "/home/navarrop/Developments/simgrid/tools/tesh/tesh" "--cd" "../teshsuite" "simdag/basic2.tesh" 
Directory: /home/navarrop/Developments/simgrid/Cmake
"tesh-simdag-basic2," start time: Dec 15 16:46 CET
Output:
----------------------------------------------------------
[0.000006] [tesh/INFO] Change directory to ../teshsuite
[0.000033] [tesh/INFO] Test suite `simdag/basic2'
[0.000080] [tesh/INFO] [simdag/basic2:1] simdag/basic2 ${srcdir:=.}/simdag/basic_platform.xml --surf-path=${srcdir}
[0.017436] [tesh/INFO] Test suite `simdag/basic2' OK
----------------------------------------------------------
"tesh-simdag-basic2," end time: Dec 15 16:46 CET
"tesh-simdag-basic2," time elapsed: 00:00:00
----------------------------------------------------------

51/112 Testing: tesh-simdag-basic3,
51/112 Test: tesh-simdag-basic3,
Command: "/home/navarrop/Developments/simgrid/tools/tesh/tesh" "--cd" "../teshsuite" "simdag/basic3.tesh" 
Directory: /home/navarrop/Developments/simgrid/Cmake
"tesh-simdag-basic3," start time: Dec 15 16:46 CET
Output:
----------------------------------------------------------
[0.000005] [tesh/INFO] Change directory to ../teshsuite
[0.000035] [tesh/INFO] Test suite `simdag/basic3'
[0.000073] [tesh/INFO] [simdag/basic3:1] simdag/basic3 ${srcdir:=.}/simdag/basic_platform.xml --surf-path=${srcdir}
[0.019923] [tesh/INFO] Test suite `simdag/basic3' OK
----------------------------------------------------------
"tesh-simdag-basic3," end time: Dec 15 16:46 CET
"tesh-simdag-basic3," time elapsed: 00:00:00
----------------------------------------------------------

52/112 Testing: tesh-simdag-basic4,
52/112 Test: tesh-simdag-basic4,
Command: "/home/navarrop/Developments/simgrid/tools/tesh/tesh" "--cd" "../teshsuite" "simdag/basic4.tesh" 
Directory: /home/navarrop/Developments/simgrid/Cmake
"tesh-simdag-basic4," start time: Dec 15 16:46 CET
Output:
----------------------------------------------------------
[0.000006] [tesh/INFO] Change directory to ../teshsuite
[0.000035] [tesh/INFO] Test suite `simdag/basic4'
[0.000071] [tesh/INFO] [simdag/basic4:1] simdag/basic4 ${srcdir:=.}/simdag/basic_platform.xml --surf-path=${srcdir}
[0.018538] [tesh/INFO] Test suite `simdag/basic4' OK
----------------------------------------------------------
"tesh-simdag-basic4," end time: Dec 15 16:46 CET
"tesh-simdag-basic4," time elapsed: 00:00:00
----------------------------------------------------------

53/112 Testing: tesh-simdag-basic5,
53/112 Test: tesh-simdag-basic5,
Command: "/home/navarrop/Developments/simgrid/tools/tesh/tesh" "--cd" "../teshsuite" "simdag/basic5.tesh" 
Directory: /home/navarrop/Developments/simgrid/Cmake
"tesh-simdag-basic5," start time: Dec 15 16:46 CET
Output:
----------------------------------------------------------
[0.000005] [tesh/INFO] Change directory to ../teshsuite
[0.000034] [tesh/INFO] Test suite `simdag/basic5'
[0.000072] [tesh/INFO] [simdag/basic5:1] simdag/basic5 ${srcdir:=.}/simdag/basic_platform.xml --surf-path=${srcdir}
[0.022913] [tesh/INFO] Test suite `simdag/basic5' OK
----------------------------------------------------------
"tesh-simdag-basic5," end time: Dec 15 16:46 CET
"tesh-simdag-basic5," time elapsed: 00:00:00
----------------------------------------------------------

54/112 Testing: tesh-simdag-basic6,
54/112 Test: tesh-simdag-basic6,
Command: "/home/navarrop/Developments/simgrid/tools/tesh/tesh" "--cd" "../teshsuite" "simdag/basic6.tesh" 
Directory: /home/navarrop/Developments/simgrid/Cmake
"tesh-simdag-basic6," start time: Dec 15 16:46 CET
Output:
----------------------------------------------------------
[0.000008] [tesh/INFO] Change directory to ../teshsuite
[0.000048] [tesh/INFO] Test suite `simdag/basic6'
[0.000103] [tesh/INFO] [simdag/basic6:1] simdag/basic6 ${srcdir:=.}/simdag/network/p2p/platform_2p_1sl.xml --surf-path=${srcdir}
[0.022785] [tesh/INFO] Test suite `simdag/basic6' OK
----------------------------------------------------------
"tesh-simdag-basic6," end time: Dec 15 16:46 CET
"tesh-simdag-basic6," time elapsed: 00:00:00
----------------------------------------------------------

55/112 Testing: tesh-simdag-p2p-1,
55/112 Test: tesh-simdag-p2p-1,
Command: "/home/navarrop/Developments/simgrid/tools/tesh/tesh" "--cd" "../teshsuite" "simdag/network/p2p/test_latency1.tesh" 
Directory: /home/navarrop/Developments/simgrid/Cmake
"tesh-simdag-p2p-1," start time: Dec 15 16:46 CET
Output:
----------------------------------------------------------
[0.000006] [tesh/INFO] Change directory to ../teshsuite
[0.000033] [tesh/INFO] Test suite `simdag/network/p2p/test_latency1'
[0.000067] [tesh/INFO] [simdag/network/p2p/test_latency1:2] latency check, 1 byte, shared link
[0.000078] [tesh/INFO] [simdag/network/p2p/test_latency1:4] simdag/network/p2p/test_latency1 ${srcdir:=.}/simdag/network/p2p/platform_2p_1sl.xml --surf-path=${srcdir} --log=sd_kernel.thres=warning
[0.020014] [tesh/INFO] [simdag/network/p2p/test_latency1:7] latency check, 1 byte, fat pipe
[...]
- [0.000000] [sd_test/INFO] Route between lille_1_host and nancy_0_host:
- [0.000000] [sd_test/INFO] 	Link lille_1_host: latency = 0.000050, bandwidth = 125000000.000000
- [0.000000] [sd_test/INFO] 	Link INTER-bb: latency = 0.000100, bandwidth = 125000000.000000
- [0.000000] [sd_test/INFO] 	Link nancy_0_host: latency = 0.000050, bandwidth = 125000000.000000
- [0.000000] [sd_test/INFO] Route between lille_1_host and lille_1_host:
- [0.000000] [sd_test/INFO] 	Link lille_1_host: latency = 0.000050, bandwidth = 125000000.000000
- [0.000000] [sd_test/INFO] 	Link Lille_bb: latency = 0.000050, bandwidth = 50000000.000000
- [0.000000] [sd_test/INFO] Route between lille_1_host and nancy_1_host:
- [0.000000] [sd_test/INFO] 	Link lille_1_host: latency = 0.000050, bandwidth = 125000000.000000
- [0.000000] [sd_test/INFO] 	Link INTER-bb: latency = 0.000100, bandwidth = 125000000.000000
- [0.000000] [sd_test/INFO] 	Link nancy_1_host: latency = 0.000050, bandwidth = 125000000.000000
- [0.000000] [sd_test/INFO] Route between nancy_1_host and lille_2_host:
- [0.000000] [sd_test/INFO] 	Link nancy_1_host: latency = 0.000050, bandwidth = 125000000.000000
- [0.000000] [sd_test/INFO] 	Link INTER-bb: latency = 0.000100, bandwidth = 125000000.000000
- [0.000000] [sd_test/INFO] 	Link lille_2_host: latency = 0.000050, bandwidth = 125000000.000000
- [0.000000] [sd_test/INFO] Route between nancy_1_host and nancy_2_host:
- [0.000000] [sd_test/INFO] 	Link nancy_1_host: latency = 0.000050, bandwidth = 125000000.000000
- [0.000000] [sd_test/INFO] 	Link Nancy_bb: latency = 0.001000, bandwidth = 50000000.000000
- [0.000000] [sd_test/INFO] Route between nancy_1_host and lille_0_host:
- [0.000000] [sd_test/INFO] 	Link nancy_1_host: latency = 0.000050, bandwidth = 125000000.000000
- [0.000000] [sd_test/INFO] 	Link INTER-bb: latency = 0.000100, bandwidth = 125000000.000000
- [0.000000] [sd_test/INFO] 	Link lille_0_host: latency = 0.000050, bandwidth = 125000000.000000
- [0.000000] [sd_test/INFO] Route between nancy_1_host and nancy_0_host:
- [0.000000] [sd_test/INFO] 	Link nancy_1_host: latency = 0.000050, bandwidth = 125000000.000000
- [0.000000] [sd_test/INFO] 	Link Nancy_bb: latency = 0.001000, bandwidth = 50000000.000000
- [0.000000] [sd_test/INFO] Route between nancy_1_host and lille_1_host:
- [0.000000] [sd_test/INFO] 	Link nancy_1_host: latency = 0.000050, bandwidth = 125000000.000000
- [0.000000] [sd_test/INFO] 	Link INTER-bb: latency = 0.000100, bandwidth = 125000000.000000
- [0.000000] [sd_test/INFO] 	Link lille_1_host: latency = 0.000050, bandwidth = 125000000.000000
- [0.000000] [sd_test/INFO] Route between nancy_1_host and nancy_1_host:
- [0.000000] [sd_test/INFO] 	Link nancy_1_host: latency = 0.000050, bandwidth = 125000000.000000
- [0.000000] [sd_test/INFO] 	Link Nancy_bb: latency = 0.001000, bandwidth = 50000000.000000
- 
[0.001271] run_context.c:667: [tesh/ERROR] Test suite `metaxml/metaxml_test': NOK (<metaxml/metaxml_test:5> output mismatch)
----------------------------------------------------------
"simdag-metaxml_test," end time: Dec 15 16:46 CET
"simdag-metaxml_test," time elapsed: 00:00:00
----------------------------------------------------------

105/112 Testing: java-basic,
105/112 Test: java-basic,
Command: "/home/navarrop/Developments/simgrid/Cmake/test_java.sh" "../examples/java/basic" "BasicTest" 
Directory: /home/navarrop/Developments/simgrid/Cmake
"java-basic," start time: Dec 15 16:46 CET
Output:
----------------------------------------------------------
/home/navarrop/Developments/simgrid/examples/java/basic
LD_LIBRARY_PATH=../../../src/.libs:../src/.libs: java -cp .:../../../src/simgrid.jar:.:../src/simgrid.jar: BasicTest basic_platform.xml basic_deployment.xml
[Jacquelin:Master:(1) 0.000000] [jmsg/INFO] hello!
[Jacquelin:Master:(1) 0.000000] [jmsg/INFO] argc=8
[Jacquelin:Master:(1) 0.000000] [jmsg/INFO] argv:5
[Jacquelin:Master:(1) 0.000000] [jmsg/INFO] argv:50000
[Jacquelin:Master:(1) 0.000000] [jmsg/INFO] argv:10
[Jacquelin:Master:(1) 0.000000] [jmsg/INFO] argv:iRMX
[Jacquelin:Master:(1) 0.000000] [jmsg/INFO] argv:Casavant
[Jacquelin:Master:(1) 0.000000] [jmsg/INFO] argv:Bousquet
[Jacquelin:Master:(1) 0.000000] [jmsg/INFO] argv:Soucy
[Jacquelin:Master:(1) 0.000000] [jmsg/INFO] argv:Jackson
[Jacquelin:Master:(1) 0.000000] [jmsg/INFO] Got 5 slave(s) :
[Jacquelin:Master:(1) 0.000000] [jmsg/INFO] 	iRMX
[Jacquelin:Master:(1) 0.000000] [jmsg/INFO] 	Casavant
[Jacquelin:Master:(1) 0.000000] [jmsg/INFO] 	Bousquet
[Jacquelin:Master:(1) 0.000000] [jmsg/INFO] 	Soucy
[Jacquelin:Master:(1) 0.000000] [jmsg/INFO] 	Jackson
[Jacquelin:Master:(1) 0.000000] [jmsg/INFO] Got 5 task to process.
[Jacquelin:Master:(1) 0.000000] [jmsg/INFO] Sending "Task_0" to "iRMX"
[Jackson:Forwarder:(2) 0.000000] [jmsg/INFO] hello!
[Casavant:Forwarder:(3) 0.000000] [jmsg/INFO] hello!
[iRMX:Slave:(4) 0.000000] [jmsg/INFO] Hello !
[Bousquet:Slave:(5) 0.000000] [jmsg/INFO] Hello !
[Soucy:Slave:(6) 0.000000] [jmsg/INFO] Hello !
[Kuenning:Slave:(7) 0.000000] [jmsg/INFO] Hello !
[Browne:Slave:(8) 0.000000] [jmsg/INFO] Hello !
[Stephen:Slave:(9) 0.000000] [jmsg/INFO] Hello !
[Robert:Slave:(10) 0.000000] [jmsg/INFO] Hello !
[Sirois:Slave:(11) 0.000000] [jmsg/INFO] Hello !
[Monique:Slave:(12) 0.000000] [jmsg/INFO] Hello !
[Jacquelin:Master:(1) 2.433288] [jmsg/INFO] Sending "Task_1" to "Casavant"
[iRMX:Slave:(4) 2.433288] [jmsg/INFO] Received "Task_0" 
[iRMX:Slave:(4) 2.433288] [jmsg/INFO] Processing "Task_0" 
[iRMX:Slave:(4) 2.434017] [jmsg/INFO] "Task_0" done 
[Casavant:Forwarder:(3) 3.518164] [jmsg/INFO] Received "Task_1" 
[Casavant:Forwarder:(3) 3.518164] [jmsg/INFO] Sending "Task_1" to "Robert"
[Jacquelin:Master:(1) 3.518164] [jmsg/INFO] Sending "Task_2" to "Bousquet"
[Bousquet:Slave:(5) 4.329361] [jmsg/INFO] Received "Task_2" 
[Bousquet:Slave:(5) 4.329361] [jmsg/INFO] Processing "Task_2" 
[Jacquelin:Master:(1) 4.329361] [jmsg/INFO] Sending "Task_3" to "Soucy"
[Bousquet:Slave:(5) 4.330526] [jmsg/INFO] "Task_2" done 
[Robert:Slave:(10) 4.721518] [jmsg/INFO] Received "Task_1" 
[Robert:Slave:(10) 4.721518] [jmsg/INFO] Processing "Task_1" 
[Robert:Slave:(10) 4.721882] [jmsg/INFO] "Task_1" done 
[Soucy:Slave:(6) 5.483533] [jmsg/INFO] Received "Task_3" 
[Soucy:Slave:(6) 5.483533] [jmsg/INFO] Processing "Task_3" 
[Jacquelin:Master:(1) 5.483533] [jmsg/INFO] Sending "Task_4" to "Jackson"
[Soucy:Slave:(6) 5.483897] [jmsg/INFO] "Task_3" done 
[Jackson:Forwarder:(2) 6.164246] [jmsg/INFO] Received "Task_4" 
[Jackson:Forwarder:(2) 6.164246] [jmsg/INFO] Sending "Task_4" to "Kuenning"
[Jacquelin:Master:(1) 6.164246] [jmsg/INFO] Send completed
[Jacquelin:Master:(1) 6.164246] [jmsg/INFO] All tasks have been dispatched. Let's tell everybody the computation is over.
[Kuenning:Slave:(7) 6.168926] [jmsg/INFO] Received "Task_4" 
[Kuenning:Slave:(7) 6.168926] [jmsg/INFO] Processing "Task_4" 
[Kuenning:Slave:(7) 6.169508] [jmsg/INFO] "Task_4" done 
[iRMX:Slave:(4) 8.597300] [jmsg/INFO] Received Finalize. I'm done. See you!
[Casavant:Forwarder:(3) 9.682071] [jmsg/INFO] All tasks have been dispatched. Let's tell everybody the computation is over.
[Bousquet:Slave:(5) 10.493190] [jmsg/INFO] Received Finalize. I'm done. See you!
[Robert:Slave:(10) 10.885310] [jmsg/INFO] Received Finalize. I'm done. See you!
[Sirois:Slave:(11) 11.294529] [jmsg/INFO] Received Finalize. I'm done. See you!
[Soucy:Slave:(6) 11.647251] [jmsg/INFO] Received Finalize. I'm done. See you!
[Monique:Slave:(12) 12.003972] [jmsg/INFO] Received Finalize. I'm done. See you!
[Casavant:Forwarder:(3) 12.003972] [jmsg/INFO] I'm done. See you!
[Jackson:Forwarder:(2) 12.327898] [jmsg/INFO] All tasks have been dispatched. Let's tell everybody the computation is over.
[Jacquelin:Master:(1) 12.327898] [jmsg/INFO] Goodbye now!
[Kuenning:Slave:(7) 12.332571] [jmsg/INFO] Received Finalize. I'm done. See you!
[Browne:Slave:(8) 13.775034] [jmsg/INFO] Received Finalize. I'm done. See you!
[Stephen:Slave:(9) 15.935351] [jmsg/INFO] Received Finalize. I'm done. See you!
[Jackson:Forwarder:(2) 15.935351] [jmsg/INFO] I'm done. See you!
----------------------------------------------------------
"java-basic," end time: Dec 15 16:46 CET
"java-basic," time elapsed: 00:00:00
----------------------------------------------------------

106/112 Testing: java-pingpong,
106/112 Test: java-pingpong,
Command: "/home/navarrop/Developments/simgrid/Cmake/test_java.sh" "../examples/java/ping_pong" "PingPongTest" 
Directory: /home/navarrop/Developments/simgrid/Cmake
"java-pingpong," start time: Dec 15 16:46 CET
Output:
----------------------------------------------------------
/home/navarrop/Developments/simgrid/examples/java/ping_pong
LD_LIBRARY_PATH=../../../src/.libs:../src/.libs: java -cp .:../../../src/simgrid.jar:.:../src/simgrid.jar: PingPongTest ping_pong_platform.xml ping_pong_deployment.xml
[Inmos:Sender:(1) 0.000000] [jmsg/INFO] hello!
[Inmos:Sender:(1) 0.000000] [jmsg/INFO] host count : 1
[Inmos:Sender:(1) 0.000000] [jmsg/INFO] sender time : 0.0
[Bellevue:Receiver:(2) 0.000000] [jmsg/INFO] hello!
[Bellevue:Receiver:(2) 0.000000] [jmsg/INFO] try to get a task
[Inmos:Sender:(1) 0.015200] [jmsg/INFO] goodbye!
[Bellevue:Receiver:(2) 0.015200] [jmsg/INFO] Got at time 0.015199927562026665
[Bellevue:Receiver:(2) 0.015200] [jmsg/INFO] Was sent at time 0.0
[Bellevue:Receiver:(2) 0.015200] [jmsg/INFO] Communication time : 0.015199927562026665
[Bellevue:Receiver:(2) 0.015200] [jmsg/INFO]  --- bw 6.578978721571395E9 ----
[Bellevue:Receiver:(2) 0.015200] [jmsg/INFO] goodbye!
----------------------------------------------------------
"java-pingpong," end time: Dec 15 16:46 CET
"java-pingpong," time elapsed: 00:00:00
----------------------------------------------------------

107/112 Testing: java-comm_time,
107/112 Test: java-comm_time,
Command: "/home/navarrop/Developments/simgrid/Cmake/test_java.sh" "../examples/java/comm_time" "CommTimeTest" 
Directory: /home/navarrop/Developments/simgrid/Cmake
"java-comm_time," start time: Dec 15 16:46 CET
Output:
----------------------------------------------------------
/home/navarrop/Developments/simgrid/examples/java/comm_time
LD_LIBRARY_PATH=../../../src/.libs:../src/.libs: java -cp .:../../../src/simgrid.jar:.:../src/simgrid.jar: CommTimeTest comm_time_platform.xml comm_time_deployment.xml
[Jacquelin:Master:(1) 0.000000] [jmsg/INFO] Hello i'm the master
[Jacquelin:Master:(1) 0.000000] [jmsg/INFO] Got 20 slave(s):
[Jacquelin:Master:(1) 0.000000] [jmsg/INFO] 	 iRMX
[Jacquelin:Master:(1) 0.000000] [jmsg/INFO] 	 Bousquet
[Jacquelin:Master:(1) 0.000000] [jmsg/INFO] 	 Soucy
[Jacquelin:Master:(1) 0.000000] [jmsg/INFO] 	 Casavant
[Jacquelin:Master:(1) 0.000000] [jmsg/INFO] 	 Jackson
[Jacquelin:Master:(1) 0.000000] [jmsg/INFO] 	 Geoff
[Jacquelin:Master:(1) 0.000000] [jmsg/INFO] 	 Disney
[Jacquelin:Master:(1) 0.000000] [jmsg/INFO] 	 McGee
[Jacquelin:Master:(1) 0.000000] [jmsg/INFO] 	 Gatien
[Jacquelin:Master:(1) 0.000000] [jmsg/INFO] 	 Laroche
[Jacquelin:Master:(1) 0.000000] [jmsg/INFO] 	 Tanguay
[Jacquelin:Master:(1) 0.000000] [jmsg/INFO] 	 Morin
[Jacquelin:Master:(1) 0.000000] [jmsg/INFO] 	 Ethernet
[Jacquelin:Master:(1) 0.000000] [jmsg/INFO] 	 Bellemarre
[Jacquelin:Master:(1) 0.000000] [jmsg/INFO] 	 Harry
[Jacquelin:Master:(1) 0.000000] [jmsg/INFO] 	 Olivier
[Jacquelin:Master:(1) 0.000000] [jmsg/INFO] 	 Boucherville
[Jacquelin:Master:(1) 0.000000] [jmsg/INFO] 	 Pointe_Claire
[Jacquelin:Master:(1) 0.000000] [jmsg/INFO] 	 Kansas
[Jacquelin:Master:(1) 0.000000] [jmsg/INFO] 	 King
[Jacquelin:Master:(1) 0.000000] [jmsg/INFO] Got 50000 task(s) to process.
[iRMX:Slave:(2) 0.000000] [jmsg/INFO] Hello i'm a slave
[Bousquet:Slave:(3) 0.000000] [jmsg/INFO] Hello i'm a slave
[Soucy:Slave:(4) 0.000000] [jmsg/INFO] Hello i'm a slave
[Casavant:Slave:(5) 0.000000] [jmsg/INFO] Hello i'm a slave
[Jackson:Slave:(6) 0.000000] [jmsg/INFO] Hello i'm a slave
[Geoff:Slave:(7) 0.000000] [jmsg/INFO] Hello i'm a slave
[Disney:Slave:(8) 0.000000] [jmsg/INFO] Hello i'm a slave
[McGee:Slave:(9) 0.000000] [jmsg/INFO] Hello i'm a slave
[Gatien:Slave:(10) 0.000000] [jmsg/INFO] Hello i'm a slave
[Laroche:Slave:(11) 0.000000] [jmsg/INFO] Hello i'm a slave
[Tanguay:Slave:(12) 0.000000] [jmsg/INFO] Hello i'm a slave
[Morin:Slave:(13) 0.000000] [jmsg/INFO] Hello i'm a slave
[Ethernet:Slave:(14) 0.000000] [jmsg/INFO] Hello i'm a slave
[Bellemarre:Slave:(15) 0.000000] [jmsg/INFO] Hello i'm a slave
[Harry:Slave:(16) 0.000000] [jmsg/INFO] Hello i'm a slave
[Olivier:Slave:(17) 0.000000] [jmsg/INFO] Hello i'm a slave
[Boucherville:Slave:(18) 0.000000] [jmsg/INFO] Hello i'm a slave
[Pointe_Claire:Slave:(19) 0.000000] [jmsg/INFO] Hello i'm a slave
[Kansas:Slave:(20) 0.000000] [jmsg/INFO] Hello i'm a slave
[King:Slave:(21) 0.000000] [jmsg/INFO] Hello i'm a slave
[Jacquelin:Master:(1) 55958.656249] [jmsg/INFO] All tasks have been dispatched. Let's tell everybody the computation is over.
[Jacquelin:Master:(1) 55958.656249] [jmsg/INFO] Finalize host iRMX [0]
[iRMX:Slave:(2) 55961.089303] [jmsg/INFO] Received Finalize. I'm done. See you!
[Jacquelin:Master:(1) 55961.089303] [jmsg/INFO] Finalize host Bousquet [1]
[Bousquet:Slave:(3) 55961.900422] [jmsg/INFO] Received Finalize. I'm done. See you!
[Jacquelin:Master:(1) 55961.900422] [jmsg/INFO] Finalize host Soucy [2]
[Soucy:Slave:(4) 55963.054483] [jmsg/INFO] Received Finalize. I'm done. See you!
[Jacquelin:Master:(1) 55963.054483] [jmsg/INFO] Finalize host Casavant [3]
[Casavant:Slave:(5) 55964.139254] [jmsg/INFO] Received Finalize. I'm done. See you!
[Jacquelin:Master:(1) 55964.139254] [jmsg/INFO] Finalize host Jackson [4]
[Jackson:Slave:(6) 55964.819902] [jmsg/INFO] Received Finalize. I'm done. See you!
[Jacquelin:Master:(1) 55964.819902] [jmsg/INFO] Finalize host Geoff [5]
[Geoff:Slave:(7) 55964.824170] [jmsg/INFO] Received Finalize. I'm done. See you!
[Jacquelin:Master:(1) 55964.824170] [jmsg/INFO] Finalize host Disney [6]
[Disney:Slave:(8) 55966.281879] [jmsg/INFO] Received Finalize. I'm done. See you!
[Jacquelin:Master:(1) 55966.281879] [jmsg/INFO] Finalize host McGee [7]
[McGee:Slave:(9) 55966.992014] [jmsg/INFO] Received Finalize. I'm done. See you!
[Jacquelin:Master:(1) 55966.992014] [jmsg/INFO] Finalize host Gatien [8]
[Gatien:Slave:(10) 55968.010780] [jmsg/INFO] Received Finalize. I'm done. See you!
[Jacquelin:Master:(1) 55968.010780] [jmsg/INFO] Finalize host Laroche [9]
[Laroche:Slave:(11) 55969.450184] [jmsg/INFO] Received Finalize. I'm done. See you!
[Jacquelin:Master:(1) 55969.450184] [jmsg/INFO] Finalize host Tanguay [10]
[Tanguay:Slave:(12) 55970.242240] [jmsg/INFO] Received Finalize. I'm done. See you!
[Jacquelin:Master:(1) 55970.242240] [jmsg/INFO] Finalize host Morin [11]
[Morin:Slave:(13) 55971.732479] [jmsg/INFO] Received Finalize. I'm done. See you!
[Jacquelin:Master:(1) 55971.732479] [jmsg/INFO] Finalize host Ethernet [12]
[Ethernet:Slave:(14) 55972.579985] [jmsg/INFO] Received Finalize. I'm done. See you!
[Jacquelin:Master:(1) 55972.579985] [jmsg/INFO] Finalize host Bellemarre [13]
[Bellemarre:Slave:(15) 55974.027379] [jmsg/INFO] Received Finalize. I'm done. See you!
[Jacquelin:Master:(1) 55974.027379] [jmsg/INFO] Finalize host Harry [14]
[Harry:Slave:(16) 55975.496370] [jmsg/INFO] Received Finalize. I'm done. See you!
[Jacquelin:Master:(1) 55975.496370] [jmsg/INFO] Finalize host Olivier [15]
[Olivier:Slave:(17) 55976.643812] [jmsg/INFO] Received Finalize. I'm done. See you!
[Jacquelin:Master:(1) 55976.643812] [jmsg/INFO] Finalize host Boucherville [16]
[Boucherville:Slave:(18) 55978.161855] [jmsg/INFO] Received Finalize. I'm done. See you!
[Jacquelin:Master:(1) 55978.161855] [jmsg/INFO] Finalize host Pointe_Claire [17]
[Pointe_Claire:Slave:(19) 55979.643506] [jmsg/INFO] Received Finalize. I'm done. See you!
[Jacquelin:Master:(1) 55979.643506] [jmsg/INFO] Finalize host Kansas [18]
[Kansas:Slave:(20) 55980.356635] [jmsg/INFO] Received Finalize. I'm done. See you!
[Jacquelin:Master:(1) 55980.356635] [jmsg/INFO] Finalize host King [19]
[King:Slave:(21) 55981.037555] [jmsg/INFO] Received Finalize. I'm done. See you!
[Jacquelin:Master:(1) 55981.037555] [jmsg/INFO] All finalize messages have been dispatched. Goodbye now!
----------------------------------------------------------
"java-comm_time," end time: Dec 15 16:46 CET
"java-comm_time," time elapsed: 00:00:07
----------------------------------------------------------

108/112 Testing: java-suspend,
108/112 Test: java-suspend,
Command: "/home/navarrop/Developments/simgrid/Cmake/test_java.sh" "../examples/java/suspend" "SuspendTest" 
Directory: /home/navarrop/Developments/simgrid/Cmake
"java-suspend," start time: Dec 15 16:46 CET
Output:
----------------------------------------------------------
/home/navarrop/Developments/simgrid/examples/java/suspend
LD_LIBRARY_PATH=../../../src/.libs:../src/.libs: java -cp .:../../../src/simgrid.jar:.:../src/simgrid.jar: SuspendTest suspend_platform.xml suspend_deployment.xml
[Jacquelin:DreamMaster:(1) 0.000000] [jmsg/INFO] Hello !
[Jacquelin:DreamMaster:(1) 0.000000] [jmsg/INFO] Let's create a lazy guy.
[Jacquelin:DreamMaster:(1) 0.000000] [jmsg/INFO] Current host  name : Jacquelin
[Jacquelin:DreamMaster:(1) 0.000000] [jmsg/INFO] Let's wait a little bit...
[Jacquelin:LazyGuy:(2) 0.000000] [jmsg/INFO] Hello !
[Jacquelin:LazyGuy:(2) 0.000000] [jmsg/INFO] Nobody's watching me ? Let's go to sleep.
[Jacquelin:DreamMaster:(1) 10.000000] [jmsg/INFO] Let's wake the lazy guy up! >:) 
[Jacquelin:DreamMaster:(1) 10.000000] [jmsg/INFO] OK, goodbye now.
[Jacquelin:LazyGuy:(2) 10.000000] [jmsg/INFO] Uuuh ? Did somebody call me ?
[Jacquelin:LazyGuy:(2) 10.000000] [jmsg/INFO] Mmmh, goodbye now.
----------------------------------------------------------
"java-suspend," end time: Dec 15 16:46 CET
"java-suspend," time elapsed: 00:00:00
----------------------------------------------------------

109/112 Testing: test_pierre_1,
109/112 Test: test_pierre_1,
Command: "/bin/echo" "hello" 
Directory: /home/navarrop/Developments/simgrid/Cmake
"test_pierre_1," start time: Dec 15 16:46 CET
Output:
----------------------------------------------------------
hello
----------------------------------------------------------
"test_pierre_1," end time: Dec 15 16:46 CET
"test_pierre_1," time elapsed: 00:00:00
----------------------------------------------------------

110/112 Testing: test_pierre_2,
110/112 Test: test_pierre_2,
Command: "/usr/bin/java" "-version" 
Directory: /home/navarrop/Developments/simgrid/Cmake
"test_pierre_2," start time: Dec 15 16:46 CET
Output:
----------------------------------------------------------
java version "1.6.0_0"
OpenJDK Runtime Environment (IcedTea6 1.6.1) (6b16-1.6.1-3ubuntu1)
OpenJDK 64-Bit Server VM (build 14.0-b16, mixed mode)
----------------------------------------------------------
"test_pierre_2," end time: Dec 15 16:46 CET
"test_pierre_2," time elapsed: 00:00:00
----------------------------------------------------------

111/112 Testing: presence_1,
111/112 Test: presence_1,
Command: "/bin/ls" "./CTestList.txt" 
Directory: /home/navarrop/Developments/simgrid/Cmake
"presence_1," start time: Dec 15 16:46 CET
Output:
----------------------------------------------------------
./CTestList.txt
----------------------------------------------------------
"presence_1," end time: Dec 15 16:46 CET
"presence_1," time elapsed: 00:00:00
----------------------------------------------------------

112/112 Testing: presence_2,
112/112 Test: presence_2,
Command: "/bin/ls" "./CT.txt" 
Directory: /home/navarrop/Developments/simgrid/Cmake
"presence_2," start time: Dec 15 16:46 CET
Output:
----------------------------------------------------------
/bin/ls: ne peut accéder ./CT.txt: Aucun fichier ou dossier de ce type
----------------------------------------------------------
"presence_2," end time: Dec 15 16:46 CET
"presence_2," time elapsed: 00:00:00
----------------------------------------------------------

End testing: Dec 15 16:46 CET
