Start testing: Dec 09 14:56 CET
----------------------------------------------------------
Changing directory into: /home/navarrop/Developments/simgrid/Cmake
109/112 Testing: test_pierre_1,
109/112 Test: test_pierre_1,
Command: "/bin/echo" "hello" 
Directory: /home/navarrop/Developments/simgrid/Cmake
"test_pierre_1," start time: Dec 09 14:56 CET
Output:
----------------------------------------------------------
hello
----------------------------------------------------------
"test_pierre_1," end time: Dec 09 14:56 CET
"test_pierre_1," time elapsed: 00:00:00
----------------------------------------------------------

110/112 Testing: test_pierre_2,
110/112 Test: test_pierre_2,
Command: "/usr/bin/java" "-version" 
Directory: /home/navarrop/Developments/simgrid/Cmake
"test_pierre_2," start time: Dec 09 14:56 CET
Output:
----------------------------------------------------------
java version "1.6.0_0"
OpenJDK Runtime Environment (IcedTea6 1.6.1) (6b16-1.6.1-3ubuntu1)
OpenJDK 64-Bit Server VM (build 14.0-b16, mixed mode)
----------------------------------------------------------
"test_pierre_2," end time: Dec 09 14:56 CET
"test_pierre_2," time elapsed: 00:00:00
----------------------------------------------------------

End testing: Dec 09 14:56 CET
