Start testing: Dec 10 15:57 CET
----------------------------------------------------------
Changing directory into: /home/navarrop/Developments/simgrid/Cmake
1/112 Testing: config_and_build
1/112 Test: config_and_build
Command: "/home/navarrop/Developments/simgrid/Cmake/build.sh" 
Directory: /home/navarrop/Developments/simgrid/Cmake
"config_and_build" start time: Dec 10 15:57 CET
Output:
----------------------------------------------------------
Making all in include
make[1]: entrant dans le répertoire « /home/navarrop/Developments/simgrid/include »
make[1]: Rien à faire pour « all ».
make[1]: quittant le répertoire « /home/navarrop/Developments/simgrid/include »
Making all in src
make[1]: entrant dans le répertoire « /home/navarrop/Developments/simgrid/src »
make  all-am
make[2]: entrant dans le répertoire « /home/navarrop/Developments/simgrid/src »
/bin/bash ../libtool --tag=CC   --mode=compile gcc -DHAVE_CONFIG_H -I. -I../include -I../src/include    -O3 -finline-functions -funroll-loops -fno-strict-aliasing -Wall -Wunused -Wmissing-prototypes -Wmissing-declarations -Wpointer-arith -Wchar-subscripts -Wcomment -Wformat -Wwrite-strings -Wno-unused-function -Wno-unused-parameter -Wno-strict-aliasing -Wno-format-nonliteral -Werror -g3 -MT snprintf.lo -MD -MP -MF .deps/snprintf.Tpo -c -o snprintf.lo `test -f 'xbt/snprintf.c' || echo './'`xbt/snprintf.c
libtool: compile:  gcc -DHAVE_CONFIG_H -I. -I../include -I../src/include -O3 -finline-functions -funroll-loops -fno-strict-aliasing -Wall -Wunused -Wmissing-prototypes -Wmissing-declarations -Wpointer-arith -Wchar-subscripts -Wcomment -Wformat -Wwrite-strings -Wno-unused-function -Wno-unused-parameter -Wno-strict-aliasing -Wno-format-nonliteral -Werror -g3 -MT snprintf.lo -MD -MP -MF .deps/snprintf.Tpo -c xbt/snprintf.c  -fPIC -DPIC -o .libs/snprintf.o
In file included from /usr/include/stdio.h:910,
                 from ./portable.h:30,
                 from xbt/snprintf.c:319:
/usr/include/bits/stdio2.h: In function ‘asprintf’:
/usr/include/bits/stdio2.h:158: error: invalid use of ‘__builtin_va_arg_pack ()’
make[2]: quittant le répertoire « /home/navarrop/Developments/simgrid/src »
make[2]: *** [snprintf.lo] Erreur 1
make[1]: *** [all] Erreur 2
make[1]: quittant le répertoire « /home/navarrop/Developments/simgrid/src »
make: *** [all-recursive] Erreur 1
----------------------------------------------------------
"config_and_build" end time: Dec 10 15:57 CET
"config_and_build" time elapsed: 00:00:01
----------------------------------------------------------

2/112 Testing: test-core
2/112 Test: test-core
Command: "/home/navarrop/Developments/simgrid/src/testall" 
Directory: /home/navarrop/Developments/simgrid/Cmake
"test-core" start time: Dec 10 15:57 CET
Output:
----------------------------------------------------------

 =======================[ Testsuite mechanism autotest ]========================
 Unit: expected failures ................................................... ok
       SKIP: Skipped test [xbt/cunit.c:828]
      EFAIL: EXPECTED FAILURE [xbt/cunit.c:831]
    Summary: 0 of 1 tests failed (1 tests ignored)
 =========================================================================== OK
 Summary: Units: 100% ok (1 units: 1 ok)
          Tests: 100% ok (1 tests: 1 ok; 1 ignored; 1 expected to fail)

 ============================[ Exception Handling ]=============================
 Unit: basic nested control flow ........................................... ok
 Unit: exception value passing ............................................. ok
 Unit: variable value preservation ......................................... ok
 Unit: cleanup handling .................................................... ok
 =========================================================================== OK
 Summary: Units: 100% ok (4 units: 4 ok)
          Tests: 100% ok (4 tests: 4 ok)

 ===========================[ Dynar data container ]============================
 Unit: Dynars of integers .................................................. ok
 Unit: Dynars of doubles ................................................... ok
 Unit: Dynars of strings ................................................... ok
 Unit: Synchronized dynars of integers ..................................... ok
 =========================================================================== OK
 Summary: Units: 100% ok (4 units: 4 ok)
          Tests: 100% ok (16 tests: 16 ok)

 ============================[ Dict data container ]============================
 Unit: Basic usage: change, retrieve, traverse ............................. ok
 Unit: Removing some values ................................................ ok
 Unit: NULL data management ................................................ ok
 Unit: Crash test .......................................................... ok
 Unit: Multi-dict crash test ............................................... ok
 =========================================================================== OK
 Summary: Units: 100% ok (5 units: 5 ok)
          Tests: 100% ok (10077 tests: 10077 ok)

 ============================[ Set data container ]=============================
 Unit: Basic usage ......................................................... ok
 Unit: Changing some values ................................................ ok
 Unit: Retrieving some values .............................................. ok
 Unit: Removing some values ................................................ ok
 =========================================================================== OK
 Summary: Units: 100% ok (4 units: 4 ok)
          Tests: 100% ok (45 tests: 45 ok)

 ============================[ Swag data container ]============================
 Unit: Basic usage ......................................................... ok
 =========================================================================== OK
 Summary: Units: 100% ok (1 units: 1 ok)
          Tests: 100% ok (4 tests: 4 ok)

 ==============================[ String Handling ]==============================
 Unit: test the function xbt_str_split_quoted .............................. ok
 Unit: test the function xbt_str_split_str ................................. ok
 =========================================================================== OK
 Summary: Units: 100% ok (2 units: 2 ok)
          Tests: 100% ok (17 tests: 17 ok)

 ==============================[ String Buffers ]===============================
 Unit: test the function xbt_strbuff_substitute ............................ ok
 =========================================================================== OK
 Summary: Units: 100% ok (1 units: 1 ok)
          Tests: 100% ok (37 tests: 37 ok)

 ==========================[ Various hash functions ]===========================
 Unit: Test of the sha algorithm ........................................... ok
 =========================================================================== OK
 Summary: Units: 100% ok (1 units: 1 ok)
          Tests: 100% ok (4 tests: 4 ok)

 ===========================[ Configuration support ]===========================
 Unit: Alloc and free a config set ......................................... ok
 Unit: Validation tests .................................................... ok
 Unit: Data retrieving tests ............................................... ok
 =========================================================================== OK
 Summary: Units: 100% ok (3 units: 3 ok)
          Tests: 100% ok (6 tests: 6 ok)

 ====================[ Advanced synchronization mecanisms ]=====================
 Unit: do parallel on dynars of integers .............................[0.000006] [xbt_sync/INFO] Dopar for 50 elements
...... ok
 =========================================================================== OK
 Summary: Units: 100% ok (1 units: 1 ok)
          Tests: 100% ok (1 tests: 1 ok)


 TOTAL: Suites: 100% ok (11 suites: 11 ok)
        Units:  100% ok (27 units: 27 ok)
        Tests:  100% ok (10212 tests: 10212 ok, 1 ignored, 1 expected to fail)
----------------------------------------------------------
"test-core" end time: Dec 10 15:57 CET
"test-core" time elapsed: 00:00:01
----------------------------------------------------------

3/112 Testing: tesh-self-basic,
3/112 Test: tesh-self-basic,
Command: "/home/navarrop/Developments/simgrid/tools/tesh/tesh" "--cd" "../tools/tesh" "basic.tesh" 
Directory: /home/navarrop/Developments/simgrid/Cmake
"tesh-self-basic," start time: Dec 10 15:57 CET
Output:
----------------------------------------------------------
[0.000006] [tesh/INFO] Change directory to ../tools/tesh
[0.000042] [tesh/INFO] Test suite `basic'
[0.018645] [tesh/INFO] [basic:3] This is a basic test
[0.018673] [tesh/INFO] [basic:7] mkfile tmp_fich
[0.019493] [tesh/INFO] [basic:9] cat tmp_fich
[0.021272] [tesh/INFO] [basic:12] rm tmp_fich
[0.023732] [tesh/INFO] [basic:14] And now, some multilines examples
[0.023751] [tesh/INFO] [basic:20] mkfile tmp_fich
[0.024498] [tesh/INFO] [basic:22] cat tmp_fich
[0.026845] [tesh/INFO] [basic:28] wc -l tmp_fich
[0.049725] [tesh/INFO] [basic:31] rm tmp_fich
[0.054019] [tesh/INFO] Test suite `basic' OK
----------------------------------------------------------
"tesh-self-basic," end time: Dec 10 15:57 CET
"tesh-self-basic," time elapsed: 00:00:00
----------------------------------------------------------

4/112 Testing: tesh-self-cd,
4/112 Test: tesh-self-cd,
Command: "/home/navarrop/Developments/simgrid/tools/tesh/tesh" "--cd" "../tools/tesh" "cd.tesh" 
Directory: /home/navarrop/Developments/simgrid/Cmake
"tesh-self-cd," start time: Dec 10 15:57 CET
Output:
----------------------------------------------------------
[0.000005] [tesh/INFO] Change directory to ../tools/tesh
[0.000035] [tesh/INFO] Test suite `cd'
[0.000288] [tesh/INFO] [cd:5] rm -rf testdir_temp
[0.008389] [tesh/INFO] [cd:6] mkdir testdir_temp
[0.010579] [tesh/INFO] [cd:10] ls
[0.012595] [tesh/INFO] [cd:18] ../tesh --log='log.thresh:info tesh.fmt:%m%n'
[0.055945] [tesh/INFO] [cd:22] test -e ../testdir_temp
[0.077566] [tesh/INFO] [cd:25] rmdir testdir_temp
[0.079952] [tesh/INFO] Test suite `cd' OK
----------------------------------------------------------
"tesh-self-cd," end time: Dec 10 15:57 CET
"tesh-self-cd," time elapsed: 00:00:00
----------------------------------------------------------

5/112 Testing: tesh-self-IO-broken-pipe,
5/112 Test: tesh-self-IO-broken-pipe,
Command: "/home/navarrop/Developments/simgrid/tools/tesh/tesh" "--cd" "../tools/tesh" "IO-broken-pipe.tesh" 
Directory: /home/navarrop/Developments/simgrid/Cmake
"tesh-self-IO-broken-pipe," start time: Dec 10 15:57 CET
Output:
----------------------------------------------------------
[0.000006] [tesh/INFO] Change directory to ../tools/tesh
[0.000040] [tesh/INFO] Test suite `IO-broken-pipe'
[0.000305] [tesh/INFO] [IO-broken-pipe:10] echo
[0.002571] [tesh/INFO] [IO-broken-pipe:14] echo
[0.004143] [tesh/INFO] [IO-broken-pipe:18] echo
[0.005622] [tesh/INFO] [IO-broken-pipe:22] echo
[0.007086] [tesh/INFO] [IO-broken-pipe:26] echo
[0.008586] [tesh/INFO] [IO-broken-pipe:30] echo
[0.010141] [tesh/INFO] [IO-broken-pipe:34] echo
[0.011851] [tesh/INFO] [IO-broken-pipe:38] echo
[0.013824] [tesh/INFO] [IO-broken-pipe:42] echo
[0.015319] [tesh/INFO] [IO-broken-pipe:46] echo
[0.016748] [tesh/INFO] [IO-broken-pipe:50] echo
[0.018182] [tesh/INFO] [IO-broken-pipe:54] echo
[0.019605] [tesh/INFO] [IO-broken-pipe:58] echo
[0.021140] [tesh/INFO] [IO-broken-pipe:62] echo
[0.022890] [tesh/INFO] Test suite `IO-broken-pipe' OK
----------------------------------------------------------
"tesh-self-IO-broken-pipe," end time: Dec 10 15:57 CET
"tesh-self-IO-broken-pipe," time elapsed: 00:00:00
----------------------------------------------------------

6/112 Testing: tesh-self-IO-orders,
6/112 Test: tesh-self-IO-orders,
Command: "/home/navarrop/Developments/simgrid/tools/tesh/tesh" "--cd" "../tools/tesh" "IO-orders.tesh" 
Directory: /home/navarrop/Developments/simgrid/Cmake
"tesh-self-IO-orders," start time: Dec 10 15:57 CET
Output:
----------------------------------------------------------
[0.000006] [tesh/INFO] Change directory to ../tools/tesh
[0.000036] [tesh/INFO] Test suite `IO-orders'
[0.000271] [tesh/INFO] [IO-orders:2] This tests that TESH accepts any order for the input/output
[0.000278] [tesh/INFO] [IO-orders:4] Order: in, out, cmd
[0.000292] [tesh/INFO] [IO-orders:11] ./tesh --log='log.thresh:info tesh.fmt:%m%n'
[0.050909] [tesh/INFO] [IO-orders:13] Order: out, in, cmd
[0.050928] [tesh/INFO] [IO-orders:20] ./tesh --log='log.thresh:info tesh.fmt:%m%n'
[0.070865] [tesh/INFO] [IO-orders:22] Order: out, cmd, in
[0.070890] [tesh/INFO] [IO-orders:29] ./tesh --log='log.thresh:info tesh.fmt:%m%n'
[0.092589] [tesh/INFO] [IO-orders:31] Order: in, cmd, out
[0.092618] [tesh/INFO] [IO-orders:38] ./tesh --log='log.thresh:info tesh.fmt:%m%n'
[0.118038] [tesh/INFO] [IO-orders:40] Order: cmd, out, in
[0.118064] [tesh/INFO] [IO-orders:47] ./tesh --log='log.thresh:info tesh.fmt:%m%n'
[0.137047] [tesh/INFO] [IO-orders:49] Order: cmd, in, out
[0.137072] [tesh/INFO] [IO-orders:56] ./tesh --log='log.thresh:info tesh.fmt:%m%n'
[0.158751] [tesh/INFO] Test suite `IO-orders' OK
----------------------------------------------------------
"tesh-self-IO-orders," end time: Dec 10 15:57 CET
"tesh-self-IO-orders," time elapsed: 00:00:00
----------------------------------------------------------

7/112 Testing: tesh-self-IO-bigsize,
7/112 Test: tesh-self-IO-bigsize,
Command: "/home/navarrop/Developments/simgrid/tools/tesh/tesh" "--cd" "../tools/tesh" "IO-bigsize.tesh" 
Directory: /home/navarrop/Developments/simgrid/Cmake
"tesh-self-IO-bigsize," start time: Dec 10 15:57 CET
Output:
----------------------------------------------------------
[0.000006] [tesh/INFO] Change directory to ../tools/tesh
[0.000034] [tesh/INFO] Test suite `IO-bigsize'
[0.068609] [tesh/INFO] [IO-bigsize:9] First, a write test
[0.073841] [tesh/INFO] [IO-bigsize:1011] wc -c
[0.076744] [tesh/INFO] [IO-bigsize:1014] And now, a read/write test
[0.078775] [tesh/INFO] [IO-bigsize:2016] cat
[0.084150] [tesh/INFO] Test suite `IO-bigsize' OK
----------------------------------------------------------
"tesh-self-IO-bigsize," end time: Dec 10 15:57 CET
"tesh-self-IO-bigsize," time elapsed: 00:00:00
----------------------------------------------------------

8/112 Testing: tesh-self-set-return,
8/112 Test: tesh-self-set-return,
Command: "/home/navarrop/Developments/simgrid/tools/tesh/tesh" "--cd" "../tools/tesh" "set-return.tesh" 
Directory: /home/navarrop/Developments/simgrid/Cmake
"tesh-self-set-return," start time: Dec 10 15:57 CET
Output:
----------------------------------------------------------
[0.000005] [tesh/INFO] Change directory to ../tools/tesh
[0.000032] [tesh/INFO] Test suite `set-return'
[0.000325] [tesh/INFO] [set-return:5] rm -rf temp_testdir
[0.001919] [tesh/INFO] [set-return:6] mkdir temp_testdir
[0.003623] [tesh/INFO] [set-return:13] mkfile return1.c
[0.004271] [tesh/INFO] [set-return:15] gcc -o return1 return1.c
[0.045722] [tesh/INFO] [set-return:18] ./return1
[0.046624] [tesh/INFO] [set-return:20] rm -rf temp_testdir
[0.048353] [tesh/INFO] Test suite `set-return' OK
----------------------------------------------------------
"tesh-self-set-return," end time: Dec 10 15:57 CET
"tesh-self-set-return," time elapsed: 00:00:00
----------------------------------------------------------

9/112 Testing: tesh-self-set-signal,
9/112 Test: tesh-self-set-signal,
Command: "/home/navarrop/Developments/simgrid/tools/tesh/tesh" "--cd" "../tools/tesh" "set-signal.tesh" 
Directory: /home/navarrop/Developments/simgrid/Cmake
"tesh-self-set-signal," start time: Dec 10 15:57 CET
Output:
----------------------------------------------------------
[0.000005] [tesh/INFO] Change directory to ../tools/tesh
[0.000032] [tesh/INFO] Test suite `set-signal'
[0.000280] [tesh/INFO] [set-signal:5] rm -rf temp_testdir
[0.002036] [tesh/INFO] [set-signal:6] mkdir temp_testdir
[0.011437] [tesh/INFO] [set-signal:14] mkfile segfault.c
[0.021440] [tesh/INFO] [set-signal:16] gcc -o segfault segfault.c
[0.061779] [tesh/INFO] [set-signal:18] ./segfault
[0.062764] [tesh/INFO] [set-signal:20] rm -rf temp_testdir
[0.064471] [tesh/INFO] Test suite `set-signal' OK
----------------------------------------------------------
"tesh-self-set-signal," end time: Dec 10 15:57 CET
"tesh-self-set-signal," time elapsed: 00:00:00
----------------------------------------------------------

10/112 Testing: tesh-self-set-timeout,
10/112 Test: tesh-self-set-timeout,
Command: "/home/navarrop/Developments/simgrid/tools/tesh/tesh" "--cd" "../tools/tesh" "set-timeout.tesh" 
Directory: /home/navarrop/Developments/simgrid/Cmake
"tesh-self-set-timeout," start time: Dec 10 15:57 CET
Output:
----------------------------------------------------------
[0.000006] [tesh/INFO] Change directory to ../tools/tesh
[0.000036] [tesh/INFO] Test suite `set-timeout'
[0.000265] [tesh/INFO] [set-timeout:7] sleep 6
[6.002331] [tesh/INFO] Test suite `set-timeout' OK
----------------------------------------------------------
"tesh-self-set-timeout," end time: Dec 10 15:57 CET
"tesh-self-set-timeout," time elapsed: 00:00:06
----------------------------------------------------------

11/112 Testing: tesh-self-set-ignore-output,
11/112 Test: tesh-self-set-ignore-output,
Command: "/home/navarrop/Developments/simgrid/tools/tesh/tesh" "--cd" "../tools/tesh" "set-ignore-output.tesh" 
Directory: /home/navarrop/Developments/simgrid/Cmake
"tesh-self-set-ignore-output," start time: Dec 10 15:57 CET
Output:
----------------------------------------------------------
[0.000006] [tesh/INFO] Change directory to ../tools/tesh
[0.000035] [tesh/INFO] Test suite `set-ignore-output'
[0.000283] [tesh/INFO] [set-ignore-output:3] This tests whether TESH accepts to ignore command output
[0.000304] [tesh/INFO] [set-ignore-output:9] ./tesh --log='log.thresh:info tesh.fmt:%m%n'
[0.031897] [tesh/INFO] Test suite `set-ignore-output' OK
----------------------------------------------------------
"tesh-self-set-ignore-output," end time: Dec 10 15:57 CET
"tesh-self-set-ignore-output," time elapsed: 00:00:00
----------------------------------------------------------

12/112 Testing: tesh-self-catch-return,
12/112 Test: tesh-self-catch-return,
Command: "/home/navarrop/Developments/simgrid/tools/tesh/tesh" "--cd" "../tools/tesh" "catch-return.tesh" 
Directory: /home/navarrop/Developments/simgrid/Cmake
"tesh-self-catch-return," start time: Dec 10 15:57 CET
Output:
----------------------------------------------------------
[0.000008] [tesh/INFO] Change directory to ../tools/tesh
[0.000048] [tesh/INFO] Test suite `catch-return'
[0.000679] [tesh/INFO] [catch-return:5] rm -rf temp_testdir
[0.002898] [tesh/INFO] [catch-return:6] mkdir temp_testdir
[0.005215] [tesh/INFO] [catch-return:13] mkfile return1.c
[0.005986] [tesh/INFO] [catch-return:15] gcc -o return1 return1.c
[0.054497] [tesh/INFO] [catch-return:19] ../tesh --log='log.thresh:info tesh.fmt:%m%n'
[0.074616] [tesh/INFO] [catch-return:27] rm -rf temp_testdir
[0.076354] [tesh/INFO] Test suite `catch-return' OK
----------------------------------------------------------
"tesh-self-catch-return," end time: Dec 10 15:57 CET
"tesh-self-catch-return," time elapsed: 00:00:00
----------------------------------------------------------

13/112 Testing: tesh-self-catch-signal,
13/112 Test: tesh-self-catch-signal,
Command: "/home/navarrop/Developments/simgrid/tools/tesh/tesh" "--cd" "../tools/tesh" "catch-signal.tesh" 
Directory: /home/navarrop/Developments/simgrid/Cmake
"tesh-self-catch-signal," start time: Dec 10 15:57 CET
Output:
----------------------------------------------------------
[0.000006] [tesh/INFO] Change directory to ../tools/tesh
[0.000034] [tesh/INFO] Test suite `catch-signal'
[0.000339] [tesh/INFO] [catch-signal:5] rm -rf temp_testdir
[0.001939] [tesh/INFO] [catch-signal:6] mkdir temp_testdir
[0.003610] [tesh/INFO] [catch-signal:14] mkfile segfault.c
[0.004253] [tesh/INFO] [catch-signal:16] gcc -o segfault segfault.c
[0.046526] [tesh/INFO] [catch-signal:20] ../tesh --log='log.thresh:info tesh.fmt:%m%n'
[0.075528] [tesh/INFO] [catch-signal:28] rm -rf temp_testdir
[0.077254] [tesh/INFO] Test suite `catch-signal' OK
----------------------------------------------------------
"tesh-self-catch-signal," end time: Dec 10 15:57 CET
"tesh-self-catch-signal," time elapsed: 00:00:00
----------------------------------------------------------

14/112 Testing: tesh-self-catch-timeout,
14/112 Test: tesh-self-catch-timeout,
Command: "/home/navarrop/Developments/simgrid/tools/tesh/tesh" "--cd" "../tools/tesh" "catch-timeout.tesh" 
Directory: /home/navarrop/Developments/simgrid/Cmake
"tesh-self-catch-timeout," start time: Dec 10 15:57 CET
Output:
----------------------------------------------------------
[0.000005] [tesh/INFO] Change directory to ../tools/tesh
[0.000039] [tesh/INFO] Test suite `catch-timeout'
[0.000279] [tesh/INFO] [catch-timeout:14] ./tesh --log='log.thresh:info tesh.fmt:%m%n'
[1.996915] [tesh/INFO] Test suite `catch-timeout' OK
----------------------------------------------------------
"tesh-self-catch-timeout," end time: Dec 10 15:57 CET
"tesh-self-catch-timeout," time elapsed: 00:00:02
----------------------------------------------------------

15/112 Testing: tesh-self-catch-wrong-output,
15/112 Test: tesh-self-catch-wrong-output,
Command: "/home/navarrop/Developments/simgrid/tools/tesh/tesh" "--cd" "../tools/tesh" "catch-wrong-output.tesh" 
Directory: /home/navarrop/Developments/simgrid/Cmake
"tesh-self-catch-wrong-output," start time: Dec 10 15:57 CET
Output:
----------------------------------------------------------
[0.000006] [tesh/INFO] Change directory to ../tools/tesh
[0.000035] [tesh/INFO] Test suite `catch-wrong-output'
[0.000331] [tesh/INFO] [catch-wrong-output:3] This tests whether TESH detects wrong outputs
[0.000348] [tesh/INFO] [catch-wrong-output:9] ./tesh --log='log.thresh:info tesh.fmt:%m%n'
[0.033523] [tesh/INFO] Test suite `catch-wrong-output' OK
----------------------------------------------------------
"tesh-self-catch-wrong-output," end time: Dec 10 15:57 CET
"tesh-self-catch-wrong-output," time elapsed: 00:00:00
----------------------------------------------------------

16/112 Testing: tesh-self-bg-basic,
16/112 Test: tesh-self-bg-basic,
Command: "/home/navarrop/Developments/simgrid/tools/tesh/tesh" "--cd" "../tools/tesh" "bg-basic.tesh" 
Directory: /home/navarrop/Developments/simgrid/Cmake
"tesh-self-bg-basic," start time: Dec 10 15:57 CET
Output:
----------------------------------------------------------
[0.000006] [tesh/INFO] Change directory to ../tools/tesh
[0.000036] [tesh/INFO] Test suite `bg-basic'
[0.000305] [tesh/INFO] [bg-basic:3] This is a basic test
[0.000317] [tesh/INFO] [bg-basic:7] cat (background command)
[0.002611] [tesh/INFO] [bg-basic:10] And now, some multilines examples
[0.002677] [tesh/INFO] [bg-basic:16] cat (background command)
[0.004602] [tesh/INFO] Test suite `bg-basic' OK
----------------------------------------------------------
"tesh-self-bg-basic," end time: Dec 10 15:57 CET
"tesh-self-bg-basic," time elapsed: 00:00:00
----------------------------------------------------------

17/112 Testing: tesh-self-bg-set-signal,
17/112 Test: tesh-self-bg-set-signal,
Command: "/home/navarrop/Developments/simgrid/tools/tesh/tesh" "--cd" "../tools/tesh" "bg-set-signal.tesh" 
Directory: /home/navarrop/Developments/simgrid/Cmake
"tesh-self-bg-set-signal," start time: Dec 10 15:57 CET
Output:
----------------------------------------------------------
[0.000005] [tesh/INFO] Change directory to ../tools/tesh
[0.000033] [tesh/INFO] Test suite `bg-set-signal'
[0.000290] [tesh/INFO] [bg-set-signal:5] rm -rf temp_testdir
[0.001835] [tesh/INFO] [bg-set-signal:6] mkdir temp_testdir
[0.003495] [tesh/INFO] [bg-set-signal:14] mkfile segfault.c
[0.004097] [tesh/INFO] [bg-set-signal:16] gcc -o segfault segfault.c
[0.057105] [tesh/INFO] [bg-set-signal:18] ./segfault (background command)
[0.057958] [tesh/INFO] [bg-set-signal:19] sleep 1
[1.061132] [tesh/INFO] [bg-set-signal:21] rm -rf temp_testdir
[1.065956] [tesh/INFO] Test suite `bg-set-signal' OK
----------------------------------------------------------
"tesh-self-bg-set-signal," end time: Dec 10 15:58 CET
"tesh-self-bg-set-signal," time elapsed: 00:00:01
----------------------------------------------------------

18/112 Testing: tesh-self-background,
18/112 Test: tesh-self-background,
Command: "/home/navarrop/Developments/simgrid/tools/tesh/tesh" "--cd" "../tools/tesh" "background.tesh" 
Directory: /home/navarrop/Developments/simgrid/Cmake
"tesh-self-background," start time: Dec 10 15:58 CET
Output:
----------------------------------------------------------
[0.000006] [tesh/INFO] Change directory to ../tools/tesh
[0.000036] [tesh/INFO] Test suite `background'
[0.000297] [tesh/INFO] [background:2] rm -rf temp_testdir
[0.001902] [tesh/INFO] [background:3] mkdir temp_testdir
[0.003574] [tesh/INFO] [background:37] mkfile delayed_cat.c
[0.004136] [tesh/INFO] [background:39] gcc -Wall -o delayed_cat delayed_cat.c
[0.069857] [tesh/INFO] [background:41] ./delayed_cat  (background command)
[0.070157] [tesh/INFO] [background:45] mkfile tmp_fich
[0.070850] [tesh/INFO] [background:47] sleep 2
[2.078179] [tesh/INFO] [background:49] rm -rf temp_testdir
[2.080332] [tesh/INFO] Test suite `background' OK
----------------------------------------------------------
"tesh-self-background," end time: Dec 10 15:58 CET
"tesh-self-background," time elapsed: 00:00:02
----------------------------------------------------------

19/112 Testing: test-xbt-log,
19/112 Test: test-xbt-log,
Command: "/home/navarrop/Developments/simgrid/Cmake/chdir_run.sh" "../testsuite" "xbt/log_usage" 
Directory: /home/navarrop/Developments/simgrid/Cmake
"test-xbt-log," start time: Dec 10 15:58 CET
Output:
----------------------------------------------------------
[0.000034] [test/INFO] Test with the settings ''
[0.000157] xbt/log_usage.c:30: [test/WARNING] val=2
[0.000174] xbt/log_usage.c:32: [test/CRITICAL] false alarm!
[0.000185] [test/INFO] Test with the settings ' '
[0.000203] xbt/log_usage.c:30: [test/WARNING] val=2
[0.000214] xbt/log_usage.c:32: [test/CRITICAL] false alarm!
[0.000224] [test/INFO] Test with the settings ' test.thres:info root.thres:info  '
[0.000262] xbt/log_usage.c:30: [test/WARNING] val=2
[0.000275] xbt/log_usage.c:32: [test/CRITICAL] false alarm!
[0.000284] [test/INFO] Test with the settings ' test.thres:debug '
[0.000299] xbt/log.c:652: [test/DEBUG] Apply settings for category 'test': set threshold to DEBUG (=2)
[0.000313] xbt/log_usage.c:29: [test/DEBUG] val=1
[0.000321] xbt/log_usage.c:30: [test/WARNING] val=2
[0.000329] xbt/log_usage.c:32: [test/CRITICAL] false alarm!
[0.000338] [test/INFO] Test with the settings ' test.thres:verbose root.thres:error '
[0.000356] xbt/log_usage.c:30: [test/WARNING] val=2
[0.000366] xbt/log_usage.c:32: [test/CRITICAL] false alarm!
[0.000376] [test/INFO] Test with the settings ' test.thres:critical '
[0.000390] xbt/log_usage.c:32: [test/CRITICAL] false alarm!
----------------------------------------------------------
"test-xbt-log," end time: Dec 10 15:58 CET
"test-xbt-log," time elapsed: 00:00:00
----------------------------------------------------------

20/112 Testing: test-xbt-context,
20/112 Test: test-xbt-context,
Command: "/home/navarrop/Developments/simgrid/Cmake/chdir_run.sh" "../testsuite" "xbt/context_usage" 
Directory: /home/navarrop/Developments/simgrid/Cmake
"test-xbt-context," start time: Dec 10 15:58 CET
Output:
----------------------------------------------------------
exec: 4: xbt/context_usage: not found
----------------------------------------------------------
"test-xbt-context," end time: Dec 10 15:58 CET
"test-xbt-context," time elapsed: 00:00:00
----------------------------------------------------------

21/112 Testing: test-xbt-graphxml,
21/112 Test: test-xbt-graphxml,
Command: "/home/navarrop/Developments/simgrid/Cmake/chdir_run.sh" "../testsuite" "xbt/graphxml_usage" "./xbt/graph.xml" 
Directory: /home/navarrop/Developments/simgrid/Cmake
"test-xbt-graphxml," start time: Dec 10 15:58 CET
Output:
----------------------------------------------------------
[0.000000] [test/INFO] ---- Testing XML export. Exporting to testgraph.xml ----
[0.000000] [test/INFO] ---- Testing GraphViz export. Exporting to testgraph.dot ----
[0.000000] [test/INFO] ---- Dumping Edge lengths ----
[0.000000] [test/INFO] 0.000000e+00	4.100000e-01	-1.000000e+00	-1.000000e+00	-1.000000e+00	-1.000000e+00	-1.000000e+00	-1.000000e+00	
[0.000000] [test/INFO] -1.000000e+00	0.000000e+00	5.100000e-01	-1.000000e+00	-1.000000e+00	-1.000000e+00	-1.000000e+00	-1.000000e+00	
[0.000000] [test/INFO] -1.000000e+00	-1.000000e+00	0.000000e+00	5.000000e-01	-1.000000e+00	-1.000000e+00	-1.000000e+00	-1.000000e+00	
[0.000000] [test/INFO] -1.000000e+00	-1.000000e+00	-1.000000e+00	0.000000e+00	-1.000000e+00	3.800000e-01	-1.000000e+00	-1.000000e+00	
[0.000000] [test/INFO] -1.000000e+00	-1.000000e+00	-1.000000e+00	3.600000e-01	0.000000e+00	-1.000000e+00	-1.000000e+00	-1.000000e+00	
[0.000000] [test/INFO] -1.000000e+00	-1.000000e+00	-1.000000e+00	-1.000000e+00	-1.000000e+00	0.000000e+00	-1.000000e+00	-1.000000e+00	
[0.000000] [test/INFO] -1.000000e+00	-1.000000e+00	-1.000000e+00	-1.000000e+00	3.800000e-01	-1.000000e+00	0.000000e+00	-1.000000e+00	
[0.000000] [test/INFO] -1.000000e+00	-1.000000e+00	-1.000000e+00	-1.000000e+00	-1.000000e+00	-1.000000e+00	-1.000000e+00	0.000000e+00	
[0.000000] [test/INFO] ---- Testing Shortest Paths ----
[0.000000] [test/INFO] A	B	B	B	B	
[0.000000] [test/INFO] B	C	C	C	
[0.000000] [test/INFO] C	D	D	
[0.000000] [test/INFO] D	F	
[0.000000] [test/INFO] D	E	D	
[0.000000] [test/INFO] F	
[0.000000] [test/INFO] E	E	E	M	
[0.000000] [test/INFO] P	
[0.000000] [test/INFO] ---- Testing Topological Sort ----
[0.000000] [test/INFO] sorted[0] = P (0x1618dd0)
[0.000000] [test/INFO] sorted[1] = M (0x16191f0)
[0.000000] [test/INFO] sorted[2] = E (0x1618f90)
[0.000000] [test/INFO] sorted[3] = A (0x1618a90)
[0.000000] [test/INFO] sorted[4] = B (0x1618be0)
[0.000000] [test/INFO] sorted[5] = C (0x1618d10)
[0.000000] [test/INFO] sorted[6] = D (0x1618e60)
[0.000000] [test/INFO] sorted[7] = F (0x16190c0)
----------------------------------------------------------
"test-xbt-graphxml," end time: Dec 10 15:58 CET
"test-xbt-graphxml," time elapsed: 00:00:00
----------------------------------------------------------

22/112 Testing: test-xbt-heap,
22/112 Test: test-xbt-heap,
Command: "/home/navarrop/Developments/simgrid/Cmake/chdir_run.sh" "../testsuite" "xbt/heap_bench" 
Directory: /home/navarrop/Developments/simgrid/Cmake
"test-xbt-heap," start time: Dec 10 15:58 CET
Output:
----------------------------------------------------------
Validity test complete!
Creation time  100 size heap : 10
Mean access time for a 100 size heap : 0.34429
Validity test complete!
Creation time  1000 size heap : 69
Mean access time for a 1000 size heap : 0.450029
----------------------------------------------------------
"test-xbt-heap," end time: Dec 10 15:58 CET
"test-xbt-heap," time elapsed: 00:00:00
----------------------------------------------------------

23/112 Testing: test-surf-lmm,
23/112 Test: test-surf-lmm,
Command: "/home/navarrop/Developments/simgrid/Cmake/chdir_run.sh" "../testsuite" "surf/lmm_usage" 
Directory: /home/navarrop/Developments/simgrid/Cmake
"test-surf-lmm," start time: Dec 10 15:58 CET
Output:
----------------------------------------------------------
[0.000000] [surf_test/INFO] ***** Test 1 (Max-Min)
[0.000000] [surf_test/INFO] ***** Test 1 (Lagrange - Vegas)
[0.000000] [surf_test/INFO] ***** Test 1 (Lagrange - Reno)
[0.000000] [surf_test/INFO] ***** Test 2 (Max-Min)
[0.000000] [surf_test/INFO] ***** Test 2 (Lagrange - Vegas)
[0.000000] [surf_test/INFO] ***** Test 2 (Lagrange - Reno)
[0.000000] [surf_test/INFO] ***** Test 3 (Max-Min)
[0.000000] [surf_test/INFO] ***** Test 3 (Lagrange - Vegas)
[0.000000] [surf_test/INFO] ***** Test 3 (Lagrange - Reno)
----------------------------------------------------------
"test-surf-lmm," end time: Dec 10 15:58 CET
"test-surf-lmm," time elapsed: 00:00:00
----------------------------------------------------------

24/112 Testing: test-surf-maxmin,
24/112 Test: test-surf-maxmin,
Command: "/home/navarrop/Developments/simgrid/Cmake/chdir_run.sh" "../testsuite" "surf/maxmin_bench" 
Directory: /home/navarrop/Developments/simgrid/Cmake
"test-surf-maxmin," start time: Dec 10 15:58 CET
Output:
----------------------------------------------------------
Starting to solve
One shot execution time for a total of 2000 constraints, 2000 variables with 80 active constraint each : 60044 microsecondes 
----------------------------------------------------------
"test-surf-maxmin," end time: Dec 10 15:58 CET
"test-surf-maxmin," time elapsed: 00:00:00
----------------------------------------------------------

25/112 Testing: test-surf-trace,
25/112 Test: test-surf-trace,
Command: "/home/navarrop/Developments/simgrid/Cmake/chdir_run.sh" "../testsuite" "surf/trace_usage" "--surf-path=./surf/" 
Directory: /home/navarrop/Developments/simgrid/Cmake
"test-surf-trace," start time: Dec 10 15:58 CET
Output:
----------------------------------------------------------
** SimGrid: UNCAUGHT EXCEPTION received on (0): category: unknown_err; value: 0
** Cannot open file 'trace_A.txt' (path=./)
** Thrown by () in this process
[0.000000] xbt/ex.c:117: [xbt_ex/CRITICAL] Cannot open file 'trace_A.txt' (path=./)

**   In tmgr_trace_new() at /home/navarrop/Developments/simgrid/src/surf/trace_mgr.c:119
**   In test() at /home/navarrop/Developments/simgrid/testsuite/surf/trace_usage.c:26
----------------------------------------------------------
"test-surf-trace," end time: Dec 10 15:58 CET
"test-surf-trace," time elapsed: 00:00:00
----------------------------------------------------------

26/112 Testing: test-surf-usage,
26/112 Test: test-surf-usage,
Command: "/home/navarrop/Developments/simgrid/Cmake/chdir_run.sh" "../testsuite" "surf/surf_usage" "--surf-path=./surf/" "platform.xml" 
Directory: /home/navarrop/Developments/simgrid/Cmake
"test-surf-usage," start time: Dec 10 15:58 CET
Output:
----------------------------------------------------------
** SimGrid: UNCAUGHT EXCEPTION received on (0): category: unknown_err; value: 0
** Unable to open "--surf-path=./surf/"

** Thrown by () in this process
[0.000000] xbt/ex.c:117: [xbt_ex/CRITICAL] Unable to open "--surf-path=./surf/"


**   In surf_parse_open() at /home/navarrop/Developments/simgrid/src/surf/surfxml_parse.c:447
**   In parse_platform_file() at /home/navarrop/Developments/simgrid/src/surf/surfxml_parse.c:613
**   In test() at /home/navarrop/Developments/simgrid/testsuite/surf/surf_usage.c:61
----------------------------------------------------------
"test-surf-usage," end time: Dec 10 15:58 CET
"test-surf-usage," time elapsed: 00:00:00
----------------------------------------------------------

27/112 Testing: test-surf-usage2,
27/112 Test: test-surf-usage2,
Command: "/home/navarrop/Developments/simgrid/Cmake/chdir_run.sh" "../testsuite" "surf/surf_usage2" "--surf-path=./surf/" "platform.xml" 
Directory: /home/navarrop/Developments/simgrid/Cmake
"test-surf-usage2," start time: Dec 10 15:58 CET
Output:
----------------------------------------------------------
** SimGrid: UNCAUGHT EXCEPTION received on (0): category: unknown_err; value: 0
** Unable to open "--surf-path=./surf/"

** Thrown by () in this process
[0.000000] xbt/ex.c:117: [xbt_ex/CRITICAL] Unable to open "--surf-path=./surf/"


**   In surf_parse_open() at /home/navarrop/Developments/simgrid/src/surf/surfxml_parse.c:447
**   In parse_platform_file() at /home/navarrop/Developments/simgrid/src/surf/surfxml_parse.c:613
**   In test() at /home/navarrop/Developments/simgrid/testsuite/surf/surf_usage2.c:56
----------------------------------------------------------
"test-surf-usage2," end time: Dec 10 15:58 CET
"test-surf-usage2," time elapsed: 00:00:00
----------------------------------------------------------

28/112 Testing: test-simdag-1,
28/112 Test: test-simdag-1,
Command: "/home/navarrop/Developments/simgrid/Cmake/chdir_run.sh" "../testsuite" "simdag/sd_test" "--surf-path=./simdag" "./simdag/small_platform_variable.xml" 
Directory: /home/navarrop/Developments/simgrid/Cmake
"test-simdag-1," start time: Dec 10 15:58 CET
Output:
----------------------------------------------------------
** SimGrid: UNCAUGHT EXCEPTION received on (0): category: unknown_err; value: 0
** Unable to open "--surf-path=./simdag"

** Thrown by () in this process
[0.000000] xbt/ex.c:117: [xbt_ex/CRITICAL] Unable to open "--surf-path=./simdag"


**   In surf_parse_open() at /home/navarrop/Developments/simgrid/src/surf/surfxml_parse.c:447
**   In parse_platform_file() at /home/navarrop/Developments/simgrid/src/surf/surfxml_parse.c:613
**   In SD_create_environment() at /home/navarrop/Developments/simgrid/src/simdag/sd_global.c:161
----------------------------------------------------------
"test-simdag-1," end time: Dec 10 15:58 CET
"test-simdag-1," time elapsed: 00:00:00
----------------------------------------------------------

29/112 Testing: test-simdag-2,
29/112 Test: test-simdag-2,
Command: "/home/navarrop/Developments/simgrid/Cmake/chdir_run.sh" "../testsuite" "simdag/sd_test" "--surf-path=./simdag" "../examples/msg/small_platform.xml" 
Directory: /home/navarrop/Developments/simgrid/Cmake
"test-simdag-2," start time: Dec 10 15:58 CET
Output:
----------------------------------------------------------
** SimGrid: UNCAUGHT EXCEPTION received on (0): category: unknown_err; value: 0
** Unable to open "--surf-path=./simdag"

** Thrown by () in this process
[0.000000] xbt/ex.c:117: [xbt_ex/CRITICAL] Unable to open "--surf-path=./simdag"


**   In surf_parse_open() at /home/navarrop/Developments/simgrid/src/surf/surfxml_parse.c:447
**   In parse_platform_file() at /home/navarrop/Developments/simgrid/src/surf/surfxml_parse.c:613
**   In SD_create_environment() at /home/navarrop/Developments/simgrid/src/simdag/sd_global.c:161
----------------------------------------------------------
"test-simdag-2," end time: Dec 10 15:58 CET
"test-simdag-2," time elapsed: 00:00:00
----------------------------------------------------------

30/112 Testing: test-simdag-3,
30/112 Test: test-simdag-3,
Command: "/home/navarrop/Developments/simgrid/Cmake/chdir_run.sh" "../testsuite" "simdag/sd_test" "--surf-path=./simdag" "../examples/msg/msg_platform.xml" 
Directory: /home/navarrop/Developments/simgrid/Cmake
"test-simdag-3," start time: Dec 10 15:58 CET
Output:
----------------------------------------------------------
** SimGrid: UNCAUGHT EXCEPTION received on (0): category: unknown_err; value: 0
** Unable to open "--surf-path=./simdag"

** Thrown by () in this process
[0.000000] xbt/ex.c:117: [xbt_ex/CRITICAL] Unable to open "--surf-path=./simdag"


**   In surf_parse_open() at /home/navarrop/Developments/simgrid/src/surf/surfxml_parse.c:447
**   In parse_platform_file() at /home/navarrop/Developments/simgrid/src/surf/surfxml_parse.c:613
**   In SD_create_environment() at /home/navarrop/Developments/simgrid/src/simdag/sd_global.c:161
----------------------------------------------------------
"test-simdag-3," end time: Dec 10 15:58 CET
"test-simdag-3," time elapsed: 00:00:00
----------------------------------------------------------

31/112 Testing: tesh-log-large,
31/112 Test: tesh-log-large,
Command: "/home/navarrop/Developments/simgrid/tools/tesh/tesh" "--cd" "../teshsuite" "xbt/log_large_test.tesh" 
Directory: /home/navarrop/Developments/simgrid/Cmake
"tesh-log-large," start time: Dec 10 15:58 CET
Output:
----------------------------------------------------------
[0.000006] [tesh/INFO] Change directory to ../teshsuite
[0.000036] [tesh/INFO] Test suite `xbt/log_large_test'
[0.011374] [tesh/INFO] [xbt/log_large_test:2] Check that the dynamic version of the log simple layout works
[0.011398] [tesh/INFO] [xbt/log_large_test:3] $SG_EXENV_TEST xbt/log_large_test
[0.098999] [tesh/INFO] [xbt/log_large_test:118] Check that the dynamic version of the log formated layout works
[0.099033] [tesh/INFO] [xbt/log_large_test:119] $SG_EXENV_TEST xbt/log_large_test --log=root.fmt:%m%n
[0.126228] [tesh/INFO] Test suite `xbt/log_large_test' OK
----------------------------------------------------------
"tesh-log-large," end time: Dec 10 15:58 CET
"tesh-log-large," time elapsed: 00:00:00
----------------------------------------------------------

32/112 Testing: tesh-log-parallel,
32/112 Test: tesh-log-parallel,
Command: "/home/navarrop/Developments/simgrid/tools/tesh/tesh" "--cd" "../teshsuite" "xbt/parallel_log_crashtest.tesh" 
Directory: /home/navarrop/Developments/simgrid/Cmake
"tesh-log-parallel," start time: Dec 10 15:58 CET
Output:
----------------------------------------------------------
[0.000006] [tesh/INFO] Change directory to ../teshsuite
[0.000034] [tesh/INFO] Test suite `xbt/parallel_log_crashtest'
[0.000381] [tesh/INFO] [xbt/parallel_log_crashtest:3] Try to crash the log mecanism by using it in parallel with a lot of threads
[0.000393] [tesh/INFO] [xbt/parallel_log_crashtest:4] xbt/parallel_log_crashtest --log=root.fmt:%m%n
[0.106424] [tesh/INFO] Test suite `xbt/parallel_log_crashtest' OK
----------------------------------------------------------
"tesh-log-parallel," end time: Dec 10 15:58 CET
"tesh-log-parallel," time elapsed: 00:00:00
----------------------------------------------------------

33/112 Testing: tesh-gras-dd-mem,
33/112 Test: tesh-gras-dd-mem,
Command: "/home/navarrop/Developments/simgrid/tools/tesh/tesh" "--cd" "../teshsuite" "gras/datadesc/datadesc_mem.tesh" 
Directory: /home/navarrop/Developments/simgrid/Cmake
"tesh-gras-dd-mem," start time: Dec 10 15:58 CET
Output:
----------------------------------------------------------
[0.000006] [tesh/INFO] Change directory to ../teshsuite
[0.000033] [tesh/INFO] Test suite `gras/datadesc/datadesc_mem'
[0.044199] [tesh/INFO] [gras/datadesc/datadesc_mem:2] Check the marshaling facilities (trying to to do a in-memory copy)
[0.044248] [tesh/INFO] [gras/datadesc/datadesc_mem:3] gras/datadesc/datadesc_usage --copy --log=root.fmt:%m%n
[0.130379] [tesh/INFO] Test suite `gras/datadesc/datadesc_mem' OK
----------------------------------------------------------
"tesh-gras-dd-mem," end time: Dec 10 15:58 CET
"tesh-gras-dd-mem," time elapsed: 00:00:00
----------------------------------------------------------

34/112 Testing: tesh-gras-dd-rw,
34/112 Test: tesh-gras-dd-rw,
Command: "/home/navarrop/Developments/simgrid/tools/tesh/tesh" "--cd" "../teshsuite" "gras/datadesc/datadesc_rw.tesh" 
Directory: /home/navarrop/Developments/simgrid/Cmake
"tesh-gras-dd-rw," start time: Dec 10 15:58 CET
Output:
----------------------------------------------------------
[0.000006] [tesh/INFO] Change directory to ../teshsuite
[0.000038] [tesh/INFO] Test suite `gras/datadesc/datadesc_rw'
[0.000301] [tesh/INFO] [gras/datadesc/datadesc_rw:2] Check the marshaling facilities (trying to read what we write)
[0.000311] [tesh/INFO] [gras/datadesc/datadesc_rw:3] rm -f datadesc_usage.out
[0.021429] [tesh/INFO] [gras/datadesc/datadesc_rw:5] gras/datadesc/datadesc_usage --write --log=root.fmt:%m%n
[0.064650] [tesh/INFO] [gras/datadesc/datadesc_rw:28] gras/datadesc/datadesc_usage --read --log=root.fmt:%m%n
[0.100534] [tesh/INFO] Test suite `gras/datadesc/datadesc_rw' OK
----------------------------------------------------------
"tesh-gras-dd-rw," end time: Dec 10 15:58 CET
"tesh-gras-dd-rw," time elapsed: 00:00:00
----------------------------------------------------------

35/112 Testing: tesh-gras-dd-r_little32_4,
35/112 Test: tesh-gras-dd-r_little32_4,
Command: "/home/navarrop/Developments/simgrid/tools/tesh/tesh" "--cd" "../teshsuite" "gras/datadesc/datadesc_r_little32_4.tesh" 
Directory: /home/navarrop/Developments/simgrid/Cmake
"tesh-gras-dd-r_little32_4," start time: Dec 10 15:58 CET
Output:
----------------------------------------------------------
[0.000006] [tesh/INFO] Change directory to ../teshsuite
[0.000034] [tesh/INFO] Test suite `gras/datadesc/datadesc_r_little32_4'
[0.000316] [tesh/INFO] [gras/datadesc/datadesc_r_little32_4:2] Check the marshaling facilities (trying to read the result of linux/x86)
[0.000335] [tesh/INFO] [gras/datadesc/datadesc_r_little32_4:3] gras/datadesc/datadesc_usage --read ${srcdir:=.}/gras/datadesc/datadesc.little32_4 --log=root.fmt:%m%n
[0.055935] [tesh/INFO] Test suite `gras/datadesc/datadesc_r_little32_4' OK
----------------------------------------------------------
"tesh-gras-dd-r_little32_4," end time: Dec 10 15:58 CET
"tesh-gras-dd-r_little32_4," time elapsed: 00:00:00
----------------------------------------------------------

36/112 Testing: tesh-gras-dd-r_little64,
36/112 Test: tesh-gras-dd-r_little64,
Command: "/home/navarrop/Developments/simgrid/tools/tesh/tesh" "--cd" "../teshsuite" "gras/datadesc/datadesc_r_little64.tesh" 
Directory: /home/navarrop/Developments/simgrid/Cmake
"tesh-gras-dd-r_little64," start time: Dec 10 15:58 CET
Output:
----------------------------------------------------------
[0.000006] [tesh/INFO] Change directory to ../teshsuite
[0.000041] [tesh/INFO] Test suite `gras/datadesc/datadesc_r_little64'
[0.000361] [tesh/INFO] [gras/datadesc/datadesc_r_little64:2] Check the marshaling facilities (trying to read the result of linux/amd64)
[0.000381] [tesh/INFO] [gras/datadesc/datadesc_r_little64:3] $SG_TEST_EXENV gras/datadesc/datadesc_usage --read ${srcdir:=.}/gras/datadesc/datadesc.little64 --log=root.fmt:%m%n $ARGS
[0.033937] [tesh/INFO] Test suite `gras/datadesc/datadesc_r_little64' OK
----------------------------------------------------------
"tesh-gras-dd-r_little64," end time: Dec 10 15:58 CET
"tesh-gras-dd-r_little64," time elapsed: 00:00:00
----------------------------------------------------------

37/112 Testing: tesh-gras-dd-r_big32_8,
37/112 Test: tesh-gras-dd-r_big32_8,
Command: "/home/navarrop/Developments/simgrid/tools/tesh/tesh" "--cd" "../teshsuite" "gras/datadesc/datadesc_r_big32_8.tesh" 
Directory: /home/navarrop/Developments/simgrid/Cmake
"tesh-gras-dd-r_big32_8," start time: Dec 10 15:58 CET
Output:
----------------------------------------------------------
[0.000005] [tesh/INFO] Change directory to ../teshsuite
[0.000034] [tesh/INFO] Test suite `gras/datadesc/datadesc_r_big32_8'
[0.000324] [tesh/INFO] [gras/datadesc/datadesc_r_big32_8:2] Check the marshaling facilities (trying to read the result of ppc or sparc)
[0.000340] [tesh/INFO] [gras/datadesc/datadesc_r_big32_8:3] gras/datadesc/datadesc_usage --read ${srcdir:=.}/gras/datadesc/datadesc.big32_8 --log=root.fmt:%m%n
[0.214615] run_context.c:603: [tesh/ERROR] Test suite `gras/datadesc/datadesc_r_big32_8': NOK (<gras/datadesc/datadesc_r_big32_8:3> got signal SIGABRT)
[0.214779] run_context.c:663: [tesh/ERROR] Output of <gras/datadesc/datadesc_r_big32_8:3> mismatch:
- Read from file ./gras/datadesc/datadesc.big32_8
- ---- Test on integer ----
- ---- Test on float ----
- ---- Test on double ----
- ---- Test on fixed array ----
- ---- Test on a reference to an integer ----
- ---- Test on string (ref to dynamic array) ----
- ---- Test on dynar containing integers ----
- ---- Test on all possible struct having 3 fields (49 structs) ----
- ---- Test on homogeneous structure ----
- ---- Test on heterogeneous structure ----
- ---- Test on nested structures ----
- ---- Test on chained list ----
- ---- Test on graph (cyclique chained list of 3 items) ----
- ---- Test on dynar containing integers ----
- ---- Test on the PBIO IEEE struct (also tests GRAS DEFINE TYPE) ----
- ---- Test on struct containing dynamic array and its size (cbps test) ----
- Exiting GRAS
+ Read from file datadesc.big32_8
+ ** SimGrid: UNCAUGHT EXCEPTION received on caraja(10166): category: mismatch; value: 0
+ ** Incoming bytes do not look like a GRAS message (header='....(05000000)'  not 'GRAS')
+ ** Thrown by () in this process
+ Incoming bytes do not look like a GRAS message (header='....(05000000)'  not 'GRAS')
+ 
+ **   In gras_msg_recv() at /home/navarrop/Developments/simgrid/src/gras/Msg/rl_msg.c:116
+ **   In listener_function() at /home/navarrop/Developments/simgrid/src/gras/Msg/gras_msg_listener.c:42
+ **   In xbt_thread_create_wrapper() at /home/navarrop/Developments/simgrid/src/xbt/xbt_rl_synchro.c:37
+ **   In wrapper_start_routine() at /home/navarrop/Developments/simgrid/src/xbt/xbt_os_thread.c:137
+ **   In start_thread() at /build/buildd/eglibc-2.10.1/nptl/pthread_create.c:300
+ **   In ?? at /lib/libc.so.6(clone+0x6d) [0x7f3ecaaed7bd]
[0.214796] run_context.c:667: [tesh/ERROR] Test suite `gras/datadesc/datadesc_r_big32_8': NOK (<gras/datadesc/datadesc_r_big32_8:3> output mismatch)
----------------------------------------------------------
"tesh-gras-dd-r_big32_8," end time: Dec 10 15:58 CET
"tesh-gras-dd-r_big32_8," time elapsed: 00:00:00
----------------------------------------------------------

38/112 Testing: tesh-gras-dd-r_big32_8_4,
38/112 Test: tesh-gras-dd-r_big32_8_4,
Command: "/home/navarrop/Developments/simgrid/tools/tesh/tesh" "--cd" "../teshsuite" "gras/datadesc/datadesc_r_big32_8_4.tesh" 
Directory: /home/navarrop/Developments/simgrid/Cmake
"tesh-gras-dd-r_big32_8_4," start time: Dec 10 15:58 CET
Output:
----------------------------------------------------------
[0.000006] [tesh/INFO] Change directory to ../teshsuite
[0.000035] [tesh/INFO] Test suite `gras/datadesc/datadesc_r_big32_8_4'
[0.001012] [tesh/INFO] [gras/datadesc/datadesc_r_big32_8_4:2] Check the marshaling facilities (trying to read the result of AIX)
[0.001027] [tesh/INFO] [gras/datadesc/datadesc_r_big32_8_4:3] gras/datadesc/datadesc_usage --read ${srcdir:=.}/gras/datadesc/datadesc.big32_8_4 --log=root.fmt:%m%n
[0.048018] [tesh/INFO] Test suite `gras/datadesc/datadesc_r_big32_8_4' OK
----------------------------------------------------------
"tesh-gras-dd-r_big32_8_4," end time: Dec 10 15:58 CET
"tesh-gras-dd-r_big32_8_4," time elapsed: 00:00:00
----------------------------------------------------------

39/112 Testing: tesh-gras-dd-r_big32_2,
39/112 Test: tesh-gras-dd-r_big32_2,
Command: "/home/navarrop/Developments/simgrid/tools/tesh/tesh" "--cd" "../teshsuite" "gras/datadesc/datadesc_r_big32_2.tesh" 
Directory: /home/navarrop/Developments/simgrid/Cmake
"tesh-gras-dd-r_big32_2," start time: Dec 10 15:58 CET
Output:
----------------------------------------------------------
[0.000006] [tesh/INFO] Change directory to ../teshsuite
[0.000034] [tesh/INFO] Test suite `gras/datadesc/datadesc_r_big32_2'
[0.000267] [tesh/INFO] [gras/datadesc/datadesc_r_big32_2:2] Check the marshaling facilities (trying to read the result of linux/mips?)
[0.000279] [tesh/INFO] [gras/datadesc/datadesc_r_big32_2:3] gras/datadesc/datadesc_usage --read ${srcdir:=.}/gras/datadesc/datadesc.big32_2 --log=root.fmt:%m%n
[0.117938] run_context.c:603: [tesh/ERROR] Test suite `gras/datadesc/datadesc_r_big32_2': NOK (<gras/datadesc/datadesc_r_big32_2:3> got signal SIGABRT)
[0.118110] run_context.c:663: [tesh/ERROR] Output of <gras/datadesc/datadesc_r_big32_2:3> mismatch:
- Read from file ./gras/datadesc/datadesc.big32_2
- ---- Test on integer ----
- ---- Test on float ----
- ---- Test on double ----
- ---- Test on fixed array ----
- ---- Test on a reference to an integer ----
- ---- Test on string (ref to dynamic array) ----
- ---- Test on dynar containing integers ----
- ---- Test on all possible struct having 3 fields (49 structs) ----
- ---- Test on homogeneous structure ----
- ---- Test on heterogeneous structure ----
- ---- Test on nested structures ----
- ---- Test on chained list ----
- ---- Test on graph (cyclique chained list of 3 items) ----
- ---- Test on dynar containing integers ----
- ---- Test on the PBIO IEEE struct (also tests GRAS DEFINE TYPE) ----
- ---- Test on struct containing dynamic array and its size (cbps test) ----
- Exiting GRAS
+ Read from file datadesc.big32_2
+ ** SimGrid: UNCAUGHT EXCEPTION received on caraja(10246): category: mismatch; value: 0
+ ** Incoming bytes do not look like a GRAS message (header='....(08000000)'  not 'GRAS')
+ ** Thrown by () in this process
+ Incoming bytes do not look like a GRAS message (header='....(08000000)'  not 'GRAS')
+ 
+ **   In gras_msg_recv() at /home/navarrop/Developments/simgrid/src/gras/Msg/rl_msg.c:116
+ **   In listener_function() at /home/navarrop/Developments/simgrid/src/gras/Msg/gras_msg_listener.c:42
+ **   In xbt_thread_create_wrapper() at /home/navarrop/Developments/simgrid/src/xbt/xbt_rl_synchro.c:37
+ **   In wrapper_start_routine() at /home/navarrop/Developments/simgrid/src/xbt/xbt_os_thread.c:137
+ **   In start_thread() at /build/buildd/eglibc-2.10.1/nptl/pthread_create.c:300
+ **   In ?? at /lib/libc.so.6(clone+0x6d) [0x7f15203187bd]
[0.118121] run_context.c:667: [tesh/ERROR] Test suite `gras/datadesc/datadesc_r_big32_2': NOK (<gras/datadesc/datadesc_r_big32_2:3> output mismatch)
----------------------------------------------------------
"tesh-gras-dd-r_big32_2," end time: Dec 10 15:58 CET
"tesh-gras-dd-r_big32_2," time elapsed: 00:00:00
----------------------------------------------------------

40/112 Testing: tesh-gras-msg_handle-rl,
40/112 Test: tesh-gras-msg_handle-rl,
Command: "/home/navarrop/Developments/simgrid/tools/tesh/tesh" "--cd" "../teshsuite" "gras/msg_handle/test_rl" 
Directory: /home/navarrop/Developments/simgrid/Cmake
"tesh-gras-msg_handle-rl," start time: Dec 10 15:58 CET
Output:
----------------------------------------------------------
[0.000006] [tesh/INFO] Change directory to ../teshsuite
[0.000033] [tesh/INFO] Test suite `gras/msg_handle/test_rl'
[0.000782] [tesh/INFO] [gras/msg_handle/test_rl:3] $SG_TEST_ENV gras/msg_handle/msg_handle_server$EXEEXT 4002 127.0.0.1:4003 --log=root.fmt=%P:%t%e%m%n $ARGS (background command)
[0.001188] [tesh/INFO] [gras/msg_handle/test_rl:12] $SG_TEST_ENV gras/msg_handle/msg_handle_client$EXEEXT 4003 127.0.0.1:4002 --log=root.fmt=%P:%t%e%m%n $ARGS (background command)
[5.103811] [tesh/INFO] Test suite `gras/msg_handle/test_rl' OK
----------------------------------------------------------
"tesh-gras-msg_handle-rl," end time: Dec 10 15:58 CET
"tesh-gras-msg_handle-rl," time elapsed: 00:00:05
----------------------------------------------------------

41/112 Testing: tesh-gras-msg_handle-sg-32,
41/112 Test: tesh-gras-msg_handle-sg-32,
Command: "/home/navarrop/Developments/simgrid/tools/tesh/tesh" "--cd" "../teshsuite" "gras/msg_handle/test_sg_32" 
Directory: /home/navarrop/Developments/simgrid/Cmake
"tesh-gras-msg_handle-sg-32," start time: Dec 10 15:58 CET
Output:
----------------------------------------------------------
[0.000005] [tesh/INFO] Change directory to ../teshsuite
[0.000033] [tesh/INFO] Test suite `gras/msg_handle/test_sg_32'
[0.000292] [tesh/INFO] [gras/msg_handle/test_sg_32:1] Runs the 'msg_handle' test within the simulator (simulation times valid for 32bits architectures)
[0.000313] [tesh/INFO] [gras/msg_handle/test_sg_32:3] $SG_TEST_EXENV gras/msg_handle/msg_handle_simulator$EXEEXT ${srcdir:=.}/../examples/msg/small_platform.xml ${srcdir:=.}/gras/msg_handle/msg_handle.xml
[0.117260] run_context.c:663: [tesh/ERROR] Output of <gras/msg_handle/test_sg_32:3> mismatch:
  [Tremblay:server:(1) 0.000000] [test/INFO] Launch server (port=4000)
  [Fafard:client:(2) 0.000000] [test/INFO] Launch client (port=4000)
- [Tremblay:server:(1) 1.000030] [test/INFO] Initialization done.
- [Tremblay:server:(1) 1.000030] [test/INFO] gras_msg_handle(0) works as expected (immediate timeout)
- [Fafard:client:(2) 1.000030] [test/INFO] Initialization done.
- [Tremblay:server:(1) 2.000030] [test/INFO] gras_msg_handle(1) works as expected (delayed timeout)
- [Tremblay:server:(1) 5.000030] [test/INFO] Unlock pal
- [Tremblay:server:(1) 5.002006] [gras/INFO] Exiting GRAS
- [Fafard:client:(2) 5.002006] [test/INFO] Got the message
- [Fafard:client:(2) 5.002006] [test/INFO] gras_msg_handle(-1) works as expected (locked)
- [Fafard:client:(2) 5.002006] [gras/INFO] Exiting GRAS
+ [Tremblay:server:(1) 1.000312] [test/INFO] Initialization done.
+ [Tremblay:server:(1) 1.000312] [test/INFO] gras_msg_handle(0) works as expected (immediate timeout)
+ [Fafard:client:(2) 1.000312] [test/INFO] Initialization done.
+ [Tremblay:server:(1) 2.000312] [test/INFO] gras_msg_handle(1) works as expected (delayed timeout)
+ [Tremblay:server:(1) 5.000312] [test/INFO] Unlock pal
+ [Tremblay:server:(1) 5.020863] [gras/INFO] Exiting GRAS
+ [Fafard:client:(2) 5.020863] [test/INFO] Got the message
+ [Fafard:client:(2) 5.020863] [test/INFO] gras_msg_handle(-1) works as expected (locked)
+ [Fafard:client:(2) 5.020863] [gras/INFO] Exiting GRAS
[0.117281] run_context.c:667: [tesh/ERROR] Test suite `gras/msg_handle/test_sg_32': NOK (<gras/msg_handle/test_sg_32:3> output mismatch)
----------------------------------------------------------
"tesh-gras-msg_handle-sg-32," end time: Dec 10 15:58 CET
"tesh-gras-msg_handle-sg-32," time elapsed: 00:00:00
----------------------------------------------------------

42/112 Testing: tesh-gras-empty_main-rl,
42/112 Test: tesh-gras-empty_main-rl,
Command: "/home/navarrop/Developments/simgrid/tools/tesh/tesh" "--cd" "../teshsuite" "gras/empty_main/test_rl" 
Directory: /home/navarrop/Developments/simgrid/Cmake
"tesh-gras-empty_main-rl," start time: Dec 10 15:58 CET
Output:
----------------------------------------------------------
[0.000006] [tesh/INFO] Change directory to ../teshsuite
[0.000038] [tesh/INFO] Test suite `gras/empty_main/test_rl'
[0.000513] [tesh/INFO] [gras/empty_main/test_rl:3] $SG_TEST_ENV ./gras/empty_main/empty_main_function$EXEEXT --log=root.fmt=%P:%t%e%m%n $ARGS (background command)
[0.076424] [tesh/INFO] Test suite `gras/empty_main/test_rl' OK
----------------------------------------------------------
"tesh-gras-empty_main-rl," end time: Dec 10 15:58 CET
"tesh-gras-empty_main-rl," time elapsed: 00:00:00
----------------------------------------------------------

43/112 Testing: tesh-gras-empty_main-sg,
43/112 Test: tesh-gras-empty_main-sg,
Command: "/home/navarrop/Developments/simgrid/tools/tesh/tesh" "--cd" "../teshsuite" "gras/empty_main/test_sg" 
Directory: /home/navarrop/Developments/simgrid/Cmake
"tesh-gras-empty_main-sg," start time: Dec 10 15:58 CET
Output:
----------------------------------------------------------
[0.000005] [tesh/INFO] Change directory to ../teshsuite
[0.000035] [tesh/INFO] Test suite `gras/empty_main/test_sg'
[0.001628] [tesh/INFO] [gras/empty_main/test_sg:1] Runs the 'empty_main' test within the simulator
[0.001651] [tesh/INFO] [gras/empty_main/test_sg:3] $SG_TEST_EXENV ./gras/empty_main/empty_main_simulator${EXEEXT:=} ${srcdir:=.}/../examples/msg/small_platform.xml ${srcdir:=.}/gras/empty_main/empty_main.xml
[0.071186] [tesh/INFO] Test suite `gras/empty_main/test_sg' OK
----------------------------------------------------------
"tesh-gras-empty_main-sg," end time: Dec 10 15:58 CET
"tesh-gras-empty_main-sg," time elapsed: 00:00:00
----------------------------------------------------------

44/112 Testing: tesh-gras-small_sleep-sg-32,
44/112 Test: tesh-gras-small_sleep-sg-32,
Command: "/home/navarrop/Developments/simgrid/tools/tesh/tesh" "--cd" "../teshsuite" "gras/small_sleep/test_sg_32" 
Directory: /home/navarrop/Developments/simgrid/Cmake
"tesh-gras-small_sleep-sg-32," start time: Dec 10 15:58 CET
Output:
----------------------------------------------------------
[0.000006] [tesh/INFO] Change directory to ../teshsuite
[0.000037] [tesh/INFO] Test suite `gras/small_sleep/test_sg_32'
[0.000478] [tesh/INFO] [gras/small_sleep/test_sg_32:1] Runs the 'small_sleep' test within the simulator
[0.000500] [tesh/INFO] [gras/small_sleep/test_sg_32:3] $SG_TEST_EXENV ./gras/small_sleep/small_sleep_simulator${EXEEXT:=} ${srcdir:=.}/../examples/msg/small_platform.xml ${srcdir:=.}/gras/small_sleep/small_sleep.xml
[0.069169] run_context.c:663: [tesh/ERROR] Output of <gras/small_sleep/test_sg_32:3> mismatch:
  [Tremblay:function:(1) 0.000000] [test/INFO] Let's go 1E-5
  [Tremblay:function:(1) 0.000010] [test/INFO] Let's go 1E-10
  [Tremblay:function:(1) 0.000020] [test/INFO] Let's go 1E-15
- [Tremblay:function:(1) 0.000030] [test/INFO] Let's go 1E-20
- [Tremblay:function:(1) 0.000030] [test/INFO] done
- [Tremblay:function:(1) 0.000030] [gras/INFO] Exiting GRAS
+ [Tremblay:function:(1) 0.000020] [test/INFO] Let's go 1E-20
+ [Tremblay:function:(1) 0.000020] [test/INFO] done
+ [Tremblay:function:(1) 0.000020] [gras/INFO] Exiting GRAS
[0.069182] run_context.c:667: [tesh/ERROR] Test suite `gras/small_sleep/test_sg_32': NOK (<gras/small_sleep/test_sg_32:3> output mismatch)
----------------------------------------------------------
"tesh-gras-small_sleep-sg-32," end time: Dec 10 15:58 CET
"tesh-gras-small_sleep-sg-32," time elapsed: 00:00:00
----------------------------------------------------------

45/112 Testing: tesh-simdag-reinit_costs,
45/112 Test: tesh-simdag-reinit_costs,
Command: "/home/navarrop/Developments/simgrid/tools/tesh/tesh" "--cd" "../teshsuite" "simdag/network/test_reinit_costs.tesh" 
Directory: /home/navarrop/Developments/simgrid/Cmake
"tesh-simdag-reinit_costs," start time: Dec 10 15:58 CET
Output:
----------------------------------------------------------
[0.000005] [tesh/INFO] Change directory to ../teshsuite
[0.000037] [tesh/INFO] Test suite `simdag/network/test_reinit_costs'
[0.007699] [tesh/INFO] [simdag/network/test_reinit_costs:2] Reinitialization test
[0.007728] [tesh/INFO] [simdag/network/test_reinit_costs:4] simdag/network/test_reinit_costs ${srcdir:=.}/simdag/network/platform_2p_1sl.xml --surf-path=${srcdir} --log=sd_kernel.thres=warning
[0.045283] [tesh/INFO] Test suite `simdag/network/test_reinit_costs' OK
----------------------------------------------------------
"tesh-simdag-reinit_costs," end time: Dec 10 15:58 CET
"tesh-simdag-reinit_costs," time elapsed: 00:00:00
----------------------------------------------------------

46/112 Testing: tesh-simdag-parser,
46/112 Test: tesh-simdag-parser,
Command: "/home/navarrop/Developments/simgrid/tools/tesh/tesh" "--cd" "../teshsuite" "simdag/platforms/basic_parsing_test.tesh" 
Directory: /home/navarrop/Developments/simgrid/Cmake
"tesh-simdag-parser," start time: Dec 10 15:58 CET
Output:
----------------------------------------------------------
[0.000005] [tesh/INFO] Change directory to ../teshsuite
[0.000036] [tesh/INFO] Test suite `simdag/platforms/basic_parsing_test'
[0.000433] [tesh/INFO] [simdag/platforms/basic_parsing_test:1] simdag/platforms/basic_parsing_test --log=xbt_cfg.thres:critical --cfg=path:${srcdir:=.}/simdag/platforms one_cluster_foreach.xml
[0.060529] [tesh/INFO] [simdag/platforms/basic_parsing_test:2] simdag/platforms/basic_parsing_test --log=xbt_cfg.thres:critical --cfg=path:${srcdir:=.}/simdag/platforms one_cluster_one_host_random.xml
[0.088934] [tesh/INFO] [simdag/platforms/basic_parsing_test:3] simdag/platforms/basic_parsing_test --log=xbt_cfg.thres:critical --cfg=path:${srcdir:=.}/simdag/platforms one_cluster_one_host.xml
[0.110911] [tesh/INFO] [simdag/platforms/basic_parsing_test:4] simdag/platforms/basic_parsing_test --log=xbt_cfg.thres:critical --cfg=path:${srcdir:=.}/simdag/platforms one_cluster_properties_foreach.xml
[0.129809] [tesh/INFO] [simdag/platforms/basic_parsing_test:5] simdag/platforms/basic_parsing_test --log=xbt_cfg.thres:critical --cfg=path:${srcdir:=.}/simdag/platforms one_cluster.xml
[0.155011] [tesh/INFO] [simdag/platforms/basic_parsing_test:6] simdag/platforms/basic_parsing_test --log=xbt_cfg.thres:critical --cfg=path:${srcdir:=.}/simdag/platforms one_host_availability.xml
[0.175776] [tesh/INFO] [simdag/platforms/basic_parsing_test:7] simdag/platforms/basic_parsing_test --log=xbt_cfg.thres:critical --cfg=path:${srcdir:=.}/simdag/platforms one_host_properties.xml
[0.203092] [tesh/INFO] [simdag/platforms/basic_parsing_test:8] simdag/platforms/basic_parsing_test --log=xbt_cfg.thres:critical --cfg=path:${srcdir:=.}/simdag/platforms one_host_state_file.xml
[0.237526] [tesh/INFO] [simdag/platforms/basic_parsing_test:9] simdag/platforms/basic_parsing_test --log=xbt_cfg.thres:critical --cfg=path:${srcdir:=.}/simdag/platforms one_host_state_off.xml
[0.264687] [tesh/INFO] [simdag/platforms/basic_parsing_test:10] simdag/platforms/basic_parsing_test --log=xbt_cfg.thres:critical --cfg=path:${srcdir:=.}/simdag/platforms one_host_state_on.xml
[0.285421] [tesh/INFO] [simdag/platforms/basic_parsing_test:11] simdag/platforms/basic_parsing_test --log=xbt_cfg.thres:critical --cfg=path:${srcdir:=.}/simdag/platforms one_host_trace_inside.xml
[0.305046] [tesh/INFO] [simdag/platforms/basic_parsing_test:12] simdag/platforms/basic_parsing_test --log=xbt_cfg.thres:critical --cfg=path:${srcdir:=.}/simdag/platforms one_host.xml
[0.333690] [tesh/INFO] [simdag/platforms/basic_parsing_test:13] simdag/platforms/basic_parsing_test --log=xbt_cfg.thres:critical --cfg=path:${srcdir:=.}/simdag/platforms one_link_availability.xml
[0.374851] [tesh/INFO] [simdag/platforms/basic_parsing_test:14] simdag/platforms/basic_parsing_test --log=xbt_cfg.thres:critical --cfg=path:${srcdir:=.}/simdag/platforms one_link_fatpipe.xml
[0.394142] [tesh/INFO] [simdag/platforms/basic_parsing_test:15] simdag/platforms/basic_parsing_test --log=xbt_cfg.thres:critical --cfg=path:${srcdir:=.}/simdag/platforms one_link_shared.xml
[0.424583] [tesh/INFO] [simdag/platforms/basic_parsing_test:16] simdag/platforms/basic_parsing_test --log=xbt_cfg.thres:critical --cfg=path:${srcdir:=.}/simdag/platforms one_link_state_file.xml
[0.441241] [tesh/INFO] [simdag/platforms/basic_parsing_test:17] simdag/platforms/basic_parsing_test --log=xbt_cfg.thres:critical --cfg=path:${srcdir:=.}/simdag/platforms three_hosts_non_symmetric_route.xml
[0.469503] [tesh/INFO] [simdag/platforms/basic_parsing_test:18] simdag/platforms/basic_parsing_test --log=xbt_cfg.thres:critical --cfg=path:${srcdir:=.}/simdag/platforms two_clusters_symmetric.xml
[0.502683] [tesh/INFO] [simdag/platforms/basic_parsing_test:19] simdag/platforms/basic_parsing_test --log=xbt_cfg.thres:critical --cfg=path:${srcdir:=.}/simdag/platforms two_clusters.xml
[0.529192] [tesh/INFO] [simdag/platforms/basic_parsing_test:20] simdag/platforms/basic_parsing_test --log=xbt_cfg.thres:critical --cfg=path:${srcdir:=.}/simdag/platforms two_hosts_multi_hop.xml
[0.547884] [tesh/INFO] [simdag/platforms/basic_parsing_test:21] simdag/platforms/basic_parsing_test --log=xbt_cfg.thres:critical --cfg=path:${srcdir:=.}/simdag/platforms two_hosts_one_link.xml
[0.570547] [tesh/INFO] Test suite `simdag/platforms/basic_parsing_test' OK
----------------------------------------------------------
"tesh-simdag-parser," end time: Dec 10 15:58 CET
"tesh-simdag-parser," time elapsed: 00:00:00
----------------------------------------------------------

47/112 Testing: tesh-simdag-flatifier,
47/112 Test: tesh-simdag-flatifier,
Command: "/home/navarrop/Developments/simgrid/tools/tesh/tesh" "--cd" "../teshsuite" "simdag/platforms/flatifier.tesh" 
Directory: /home/navarrop/Developments/simgrid/Cmake
"tesh-simdag-flatifier," start time: Dec 10 15:58 CET
Output:
----------------------------------------------------------
[0.000006] [tesh/INFO] Change directory to ../teshsuite
[0.000039] [tesh/INFO] Test suite `simdag/platforms/flatifier'
[0.000340] [tesh/INFO] [simdag/platforms/flatifier:1] ./simdag/platforms/flatifier --cfg=path:${srcdir:=.}/simdag/platforms/ one_cluster.xml
[0.084973] run_context.c:663: [tesh/ERROR] Output of <simdag/platforms/flatifier:1> mismatch:
  [0.000000] [xbt_cfg/INFO] Configuration change: Set 'path' to './simdag/platforms/'
  <?xml version='1.0'?>
  <!DOCTYPE platform SYSTEM "simgrid.dtd">
  <platform version="2">
    <host id="bob0.hamburger.edu" power="1000000000"/>
    <host id="bob2.hamburger.edu" power="1000000000"/>
    <host id="bob3.hamburger.edu" power="1000000000"/>
    <host id="bob4.hamburger.edu" power="1000000000"/>
    <host id="bob6.hamburger.edu" power="1000000000"/>
    <link id="__loopback__" bandwidth="498000000" latency="0.000015000" sharing_policy="FATPIPE"/>
    <link id="bob0.hamburger.edu" bandwidth="125000000" latency="0.000050000"/>
    <link id="bob2.hamburger.edu" bandwidth="125000000" latency="0.000050000"/>
    <link id="bob3.hamburger.edu" bandwidth="125000000" latency="0.000050000"/>
    <link id="bob4.hamburger.edu" bandwidth="125000000" latency="0.000050000"/>
    <link id="bob6.hamburger.edu" bandwidth="125000000" latency="0.000050000"/>
    <link id="bob_cluster_bb" bandwidth="2250000000" latency="0.000500000" sharing_policy="FATPIPE"/>
    <route src="bob0.hamburger.edu" dst="bob0.hamburger.edu">
-     <link:ctn id="__loopback__"/>
+     <link:ctn id="bob0.hamburger.edu"/>
    </route>
    <route src="bob0.hamburger.edu" dst="bob2.hamburger.edu">
      <link:ctn id="bob0.hamburger.edu"/><link:ctn id="bob_cluster_bb"/><link:ctn id="bob2.hamburger.edu"/>
    </route>
    <route src="bob0.hamburger.edu" dst="bob3.hamburger.edu">
      <link:ctn id="bob0.hamburger.edu"/><link:ctn id="bob_cluster_bb"/><link:ctn id="bob3.hamburger.edu"/>
    </route>
    <route src="bob0.hamburger.edu" dst="bob4.hamburger.edu">
      <link:ctn id="bob0.hamburger.edu"/><link:ctn id="bob_cluster_bb"/><link:ctn id="bob4.hamburger.edu"/>
    </route>
    <route src="bob0.hamburger.edu" dst="bob6.hamburger.edu">
      <link:ctn id="bob0.hamburger.edu"/><link:ctn id="bob_cluster_bb"/><link:ctn id="bob6.hamburger.edu"/>
    </route>
    <route src="bob2.hamburger.edu" dst="bob0.hamburger.edu">
      <link:ctn id="bob2.hamburger.edu"/><link:ctn id="bob_cluster_bb"/><link:ctn id="bob0.hamburger.edu"/>
    </route>
    <route src="bob2.hamburger.edu" dst="bob2.hamburger.edu">
-     <link:ctn id="__loopback__"/>
+     <link:ctn id="bob2.hamburger.edu"/>
    </route>
    <route src="bob2.hamburger.edu" dst="bob3.hamburger.edu">
      <link:ctn id="bob2.hamburger.edu"/><link:ctn id="bob_cluster_bb"/><link:ctn id="bob3.hamburger.edu"/>
    </route>
    <route src="bob2.hamburger.edu" dst="bob4.hamburger.edu">
      <link:ctn id="bob2.hamburger.edu"/><link:ctn id="bob_cluster_bb"/><link:ctn id="bob4.hamburger.edu"/>
    </route>
    <route src="bob2.hamburger.edu" dst="bob6.hamburger.edu">
      <link:ctn id="bob2.hamburger.edu"/><link:ctn id="bob_cluster_bb"/><link:ctn id="bob6.hamburger.edu"/>
    </route>
    <route src="bob3.hamburger.edu" dst="bob0.hamburger.edu">
      <link:ctn id="bob3.hamburger.edu"/><link:ctn id="bob_cluster_bb"/><link:ctn id="bob0.hamburger.edu"/>
    </route>
    <route src="bob3.hamburger.edu" dst="bob2.hamburger.edu">
      <link:ctn id="bob3.hamburger.edu"/><link:ctn id="bob_cluster_bb"/><link:ctn id="bob2.hamburger.edu"/>
    </route>
    <route src="bob3.hamburger.edu" dst="bob3.hamburger.edu">
-     <link:ctn id="__loopback__"/>
+     <link:ctn id="bob3.hamburger.edu"/>
    </route>
    <route src="bob3.hamburger.edu" dst="bob4.hamburger.edu">
      <link:ctn id="bob3.hamburger.edu"/><link:ctn id="bob_cluster_bb"/><link:ctn id="bob4.hamburger.edu"/>
    </route>
    <route src="bob3.hamburger.edu" dst="bob6.hamburger.edu">
      <link:ctn id="bob3.hamburger.edu"/><link:ctn id="bob_cluster_bb"/><link:ctn id="bob6.hamburger.edu"/>
    </route>
    <route src="bob4.hamburger.edu" dst="bob0.hamburger.edu">
      <link:ctn id="bob4.hamburger.edu"/><link:ctn id="bob_cluster_bb"/><link:ctn id="bob0.hamburger.edu"/>
    </route>
    <route src="bob4.hamburger.edu" dst="bob2.hamburger.edu">
      <link:ctn id="bob4.hamburger.edu"/><link:ctn id="bob_cluster_bb"/><link:ctn id="bob2.hamburger.edu"/>
    </route>
    <route src="bob4.hamburger.edu" dst="bob3.hamburger.edu">
      <link:ctn id="bob4.hamburger.edu"/><link:ctn id="bob_cluster_bb"/><link:ctn id="bob3.hamburger.edu"/>
    </route>
    <route src="bob4.hamburger.edu" dst="bob4.hamburger.edu">
-     <link:ctn id="__loopback__"/>
+     <link:ctn id="bob4.hamburger.edu"/>
    </route>
    <route src="bob4.hamburger.edu" dst="bob6.hamburger.edu">
      <link:ctn id="bob4.hamburger.edu"/><link:ctn id="bob_cluster_bb"/><link:ctn id="bob6.hamburger.edu"/>
    </route>
    <route src="bob6.hamburger.edu" dst="bob0.hamburger.edu">
      <link:ctn id="bob6.hamburger.edu"/><link:ctn id="bob_cluster_bb"/><link:ctn id="bob0.hamburger.edu"/>
    </route>
    <route src="bob6.hamburger.edu" dst="bob2.hamburger.edu">
      <link:ctn id="bob6.hamburger.edu"/><link:ctn id="bob_cluster_bb"/><link:ctn id="bob2.hamburger.edu"/>
    </route>
    <route src="bob6.hamburger.edu" dst="bob3.hamburger.edu">
      <link:ctn id="bob6.hamburger.edu"/><link:ctn id="bob_cluster_bb"/><link:ctn id="bob3.hamburger.edu"/>
    </route>
    <route src="bob6.hamburger.edu" dst="bob4.hamburger.edu">
      <link:ctn id="bob6.hamburger.edu"/><link:ctn id="bob_cluster_bb"/><link:ctn id="bob4.hamburger.edu"/>
    </route>
    <route src="bob6.hamburger.edu" dst="bob6.hamburger.edu">
-     <link:ctn id="__loopback__"/>
+     <link:ctn id="bob6.hamburger.edu"/>
    </route>
  </platform>
[0.085068] run_context.c:667: [tesh/ERROR] Test suite `simdag/platforms/flatifier': NOK (<simdag/platforms/flatifier:1> output mismatch)
----------------------------------------------------------
"tesh-simdag-flatifier," end time: Dec 10 15:58 CET
"tesh-simdag-flatifier," time elapsed: 00:00:00
----------------------------------------------------------

48/112 Testing: tesh-simdag-basic0,
48/112 Test: tesh-simdag-basic0,
Command: "/home/navarrop/Developments/simgrid/tools/tesh/tesh" "--cd" "../teshsuite" "simdag/basic0.tesh" 
Directory: /home/navarrop/Developments/simgrid/Cmake
"tesh-simdag-basic0," start time: Dec 10 15:58 CET
Output:
----------------------------------------------------------
[0.000005] [tesh/INFO] Change directory to ../teshsuite
[0.000033] [tesh/INFO] Test suite `simdag/basic0'
[0.010172] [tesh/INFO] [simdag/basic0:1] simdag/basic0 ${srcdir:=.}/simdag/basic_platform.xml --surf-path=${srcdir}
[0.070185] [tesh/INFO] Test suite `simdag/basic0' OK
----------------------------------------------------------
"tesh-simdag-basic0," end time: Dec 10 15:58 CET
"tesh-simdag-basic0," time elapsed: 00:00:00
----------------------------------------------------------

49/112 Testing: tesh-simdag-basic1,
49/112 Test: tesh-simdag-basic1,
Command: "/home/navarrop/Developments/simgrid/tools/tesh/tesh" "--cd" "../teshsuite" "simdag/basic1.tesh" 
Directory: /home/navarrop/Developments/simgrid/Cmake
"tesh-simdag-basic1," start time: Dec 10 15:58 CET
Output:
----------------------------------------------------------
[0.000006] [tesh/INFO] Change directory to ../teshsuite
[0.000039] [tesh/INFO] Test suite `simdag/basic1'
[0.000271] [tesh/INFO] [simdag/basic1:1] simdag/basic1 ${srcdir:=.}/simdag/basic_platform.xml --surf-path=${srcdir}
[0.061507] [tesh/INFO] Test suite `simdag/basic1' OK
----------------------------------------------------------
"tesh-simdag-basic1," end time: Dec 10 15:58 CET
"tesh-simdag-basic1," time elapsed: 00:00:00
----------------------------------------------------------

50/112 Testing: tesh-simdag-basic2,
50/112 Test: tesh-simdag-basic2,
Command: "/home/navarrop/Developments/simgrid/tools/tesh/tesh" "--cd" "../teshsuite" "simdag/basic2.tesh" 
Directory: /home/navarrop/Developments/simgrid/Cmake
"tesh-simdag-basic2," start time: Dec 10 15:58 CET
Output:
----------------------------------------------------------
[0.000008] [tesh/INFO] Change directory to ../teshsuite
[0.000108] [tesh/INFO] Test suite `simdag/basic2'
[0.000369] [tesh/INFO] [simdag/basic2:1] simdag/basic2 ${srcdir:=.}/simdag/basic_platform.xml --surf-path=${srcdir}
[0.029862] [tesh/INFO] Test suite `simdag/basic2' OK
----------------------------------------------------------
"tesh-simdag-basic2," end time: Dec 10 15:58 CET
"tesh-simdag-basic2," time elapsed: 00:00:00
----------------------------------------------------------

51/112 Testing: tesh-simdag-basic3,
51/112 Test: tesh-simdag-basic3,
Command: "/home/navarrop/Developments/simgrid/tools/tesh/tesh" "--cd" "../teshsuite" "simdag/basic3.tesh" 
Directory: /home/navarrop/Developments/simgrid/Cmake
"tesh-simdag-basic3," start time: Dec 10 15:58 CET
Output:
----------------------------------------------------------
[0.000006] [tesh/INFO] Change directory to ../teshsuite
[0.000035] [tesh/INFO] Test suite `simdag/basic3'
[0.000299] [tesh/INFO] [simdag/basic3:1] simdag/basic3 ${srcdir:=.}/simdag/basic_platform.xml --surf-path=${srcdir}
[0.046723] [tesh/INFO] Test suite `simdag/basic3' OK
----------------------------------------------------------
"tesh-simdag-basic3," end time: Dec 10 15:58 CET
"tesh-simdag-basic3," time elapsed: 00:00:00
----------------------------------------------------------

52/112 Testing: tesh-simdag-basic4,
52/112 Test: tesh-simdag-basic4,
Command: "/home/navarrop/Developments/simgrid/tools/tesh/tesh" "--cd" "../teshsuite" "simdag/basic4.tesh" 
Directory: /home/navarrop/Developments/simgrid/Cmake
"tesh-simdag-basic4," start time: Dec 10 15:58 CET
Output:
----------------------------------------------------------
[0.000005] [tesh/INFO] Change directory to ../teshsuite
[0.000033] [tesh/INFO] Test suite `simdag/basic4'
[0.000280] [tesh/INFO] [simdag/basic4:1] simdag/basic4 ${srcdir:=.}/simdag/basic_platform.xml --surf-path=${srcdir}
[0.076283] [tesh/INFO] Test suite `simdag/basic4' OK
----------------------------------------------------------
"tesh-simdag-basic4," end time: Dec 10 15:58 CET
"tesh-simdag-basic4," time elapsed: 00:00:00
----------------------------------------------------------

53/112 Testing: tesh-simdag-basic5,
53/112 Test: tesh-simdag-basic5,
Command: "/home/navarrop/Developments/simgrid/tools/tesh/tesh" "--cd" "../teshsuite" "simdag/basic5.tesh" 
Directory: /home/navarrop/Developments/simgrid/Cmake
"tesh-simdag-basic5," start time: Dec 10 15:58 CET
Output:
----------------------------------------------------------
[0.000012] [tesh/INFO] Change directory to ../teshsuite
[0.000054] [tesh/INFO] Test suite `simdag/basic5'
[0.000351] [tesh/INFO] [simdag/basic5:1] simdag/basic5 ${srcdir:=.}/simdag/basic_platform.xml --surf-path=${srcdir}
[0.047317] [tesh/INFO] Test suite `simdag/basic5' OK
----------------------------------------------------------
"tesh-simdag-basic5," end time: Dec 10 15:58 CET
"tesh-simdag-basic5," time elapsed: 00:00:00
----------------------------------------------------------

54/112 Testing: tesh-simdag-basic6,
54/112 Test: tesh-simdag-basic6,
Command: "/home/navarrop/Developments/simgrid/tools/tesh/tesh" "--cd" "../teshsuite" "simdag/basic6.tesh" 
Directory: /home/navarrop/Developments/simgrid/Cmake
"tesh-simdag-basic6," start time: Dec 10 15:58 CET
Output:
----------------------------------------------------------
[0.000006] [tesh/INFO] Change directory to ../teshsuite
[0.000042] [tesh/INFO] Test suite `simdag/basic6'
[0.000292] [tesh/INFO] [simdag/basic6:1] simdag/basic6 ${srcdir:=.}/simdag/network/p2p/platform_2p_1sl.xml --surf-path=${srcdir}
[0.070314] [tesh/INFO] Test suite `simdag/basic6' OK
----------------------------------------------------------
"tesh-simdag-basic6," end time: Dec 10 15:58 CET
"tesh-simdag-basic6," time elapsed: 00:00:00
----------------------------------------------------------

55/112 Testing: tesh-simdag-p2p-1,
55/112 Test: tesh-simdag-p2p-1,
Command: "/home/navarrop/Developments/simgrid/tools/tesh/tesh" "--cd" "../teshsuite" "simdag/network/p2p/test_latency1.tesh" 
Directory: /home/navarrop/Developments/simgrid/Cmake
"tesh-simdag-p2p-1," start time: Dec 10 15:58 CET
Output:
----------------------------------------------------------
[0.000006] [tesh/INFO] Change directory to ../teshsuite
[0.000033] [tesh/INFO] Test suite `simdag/network/p2p/test_latency1'
[0.000269] [tesh/INFO] [simdag/network/p2p/test_latency1:2] latency check, 1 byte, shared link
[...]
	public PingPongTask() throws JniException, NativeException {
	                                           ^^^^^^^^^^^^^^^
PingPongTask.java:21: error: JniException cannot be resolved to a type
	public PingPongTask(String name, double computeDuration, double messageSize) throws JniException, NativeException {      
	                                                                                    ^^^^^^^^^^^^
PingPongTask.java:21: error: NativeException cannot be resolved to a type
	public PingPongTask(String name, double computeDuration, double messageSize) throws JniException, NativeException {      
	                                                                                                  ^^^^^^^^^^^^^^^
PingPongTest.java:11: error: The import simgrid.msg cannot be resolved
	import simgrid.msg.*;
	       ^^^^^^^^^^^
PingPongTest.java:20: error: JniException cannot be resolved to a type
	public static void main(String[] args) throws JniException, NativeException {
	                                              ^^^^^^^^^^^^
PingPongTest.java:20: error: NativeException cannot be resolved to a type
	public static void main(String[] args) throws JniException, NativeException {
	                                                            ^^^^^^^^^^^^^^^
PingPongTest.java:23: error: Msg cannot be resolved
	Msg.init(args);
	^^^
PingPongTest.java:26: error: Msg cannot be resolved
	Msg.info("Usage   : PingPong platform_file deployment_file");
	^^^
PingPongTest.java:27: error: Msg cannot be resolved
	Msg.info("example : PingPong ping_pong_platform.xml ping_pong_deployment.xml");
	^^^
PingPongTest.java:32: error: Msg cannot be resolved
	Msg.pajeOutput("ping_pong.trace");
	^^^
PingPongTest.java:35: error: Msg cannot be resolved
	Msg.createEnvironment(args[0]);
	^^^
PingPongTest.java:36: error: Msg cannot be resolved
	Msg.deployApplication(args[1]);
	^^^
PingPongTest.java:39: error: Msg cannot be resolved
	Msg.run();
	^^^
45 problems (45 errors)
/home/navarrop/Developments/simgrid/examples/java/ping_pong
LD_LIBRARY_PATH=../../../src/.libs:../src/.libs: java -cp .:../../../src/simgrid.jar:.:../src/simgrid.jar: PingPongTest ping_pong_platform.xml ping_pong_deployment.xml
make: *** [classnoinst.stamp] Erreur 1
Exception in thread "main" java.lang.NoClassDefFoundError: PingPongTest
Caused by: java.lang.ClassNotFoundException: PingPongTest
	at java.net.URLClassLoader$1.run(URLClassLoader.java:217)
	at java.security.AccessController.doPrivileged(Native Method)
	at java.net.URLClassLoader.findClass(URLClassLoader.java:205)
	at java.lang.ClassLoader.loadClass(ClassLoader.java:319)
	at sun.misc.Launcher$AppClassLoader.loadClass(Launcher.java:294)
	at java.lang.ClassLoader.loadClass(ClassLoader.java:264)
	at java.lang.ClassLoader.loadClassInternal(ClassLoader.java:332)
Could not find the main class: PingPongTest. Program will exit.
----------------------------------------------------------
"java-pingpong," end time: Dec 10 15:58 CET
"java-pingpong," time elapsed: 00:00:00
----------------------------------------------------------

107/112 Testing: java-comm_time,
107/112 Test: java-comm_time,
Command: "/home/navarrop/Developments/simgrid/Cmake/test_java.sh" "../examples/java/comm_time" "CommTimeTest" 
Directory: /home/navarrop/Developments/simgrid/Cmake
"java-comm_time," start time: Dec 10 15:58 CET
Output:
----------------------------------------------------------
CLASSPATH=.:./.:$CLASSPATH /usr/bin/javac -d . -classpath .:../../../src/simgrid.jar:../../../src/simgrid.jar:..   Master.java Slave.java CommTimeTest.java CommTimeTask.java FinalizeTask.java
Master.java:11: error: The import simgrid.msg cannot be resolved
	import simgrid.msg.*;
	       ^^^^^^^^^^^
Master.java:13: error: simgrid cannot be resolved to a type
	public class Master extends simgrid.msg.Process {
	                            ^^^^^^^
Master.java:15: error: JniException cannot be resolved to a type
	public void main(String[] args) throws JniException, NativeException {
	                                       ^^^^^^^^^^^^
Master.java:15: error: NativeException cannot be resolved to a type
	public void main(String[] args) throws JniException, NativeException {
	                                                     ^^^^^^^^^^^^^^^
Master.java:17: error: Msg cannot be resolved
	Msg.info("Hello i'm the master");
	^^^
Master.java:24: error: Host cannot be resolved to a type
	Host[] slaves = new Host[slavecount] ;
	^^^^
Master.java:24: error: Host cannot be resolved to a type
	Host[] slaves = new Host[slavecount] ;
	                    ^^^^
Master.java:28: error: Host cannot be resolved
	slaves[i-3] = Host.getByName(args[i]);
	              ^^^^
Master.java:29: error: HostNotFoundException cannot be resolved to a type
	} catch(HostNotFoundException e) {
	        ^^^^^^^^^^^^^^^^^^^^^
Master.java:30: error: Msg cannot be resolved
	Msg.info(e.toString());
	^^^
Master.java:31: error: Msg cannot be resolved
	Msg.info("Unknown host " +  args[i] +". Stopping Now! " );
	^^^
Master.java:36: error: Msg cannot be resolved
	Msg.info("Got " + slavecount + " slave(s):");		
	^^^
Master.java:38: error: Msg cannot be resolved
	Msg.info("\t " + slaves[i].getName());
	^^^
Master.java:40: error: Msg cannot be resolved
	Msg.info("Got "+numberoftasks+" task(s) to process.");
	^^^
Master.java:43: error: The constructor CommTimeTask(String, double, double) refers to the missing type JniException
	CommTimeTask task = new CommTimeTask("Task_" + i ,taskComputeSize,taskCommunicateSize);
	                    ^^^^^^^^^^^^^^^^^^^^^^^^^^^^^^^^^^^^^^^^^^^^^^^^^^^^^^^^^^^^^^^^^^
Master.java:44: error: Msg cannot be resolved
	task.setTime(Msg.getClock());
	             ^^^
Master.java:50: error: Msg cannot be resolved
	Msg.info("All tasks have been dispatched. Let's tell everybody the computation is over.");
	^^^
Master.java:54: error: Msg cannot be resolved
	Msg.info("Finalize host " + slaves[i].getName() +  " [" + i + "]");
	^^^
Master.java:55: error: The constructor FinalizeTask() refers to the missing type JniException
	slaves[i].put(0, new FinalizeTask());
	                 ^^^^^^^^^^^^^^^^^^
Master.java:58: error: Msg cannot be resolved
	Msg.info("All finalize messages have been dispatched. Goodbye now!");
	^^^
Slave.java:11: error: The import simgrid.msg cannot be resolved
	import simgrid.msg.*;
	       ^^^^^^^^^^^
Slave.java:13: error: simgrid cannot be resolved to a type
	public class Slave extends simgrid.msg.Process {
	                           ^^^^^^^
Slave.java:15: error: JniException cannot be resolved to a type
	public void main(String[] args) throws JniException, NativeException {
	                                       ^^^^^^^^^^^^
Slave.java:15: error: NativeException cannot be resolved to a type
	public void main(String[] args) throws JniException, NativeException {
	                                                     ^^^^^^^^^^^^^^^
Slave.java:17: error: Msg cannot be resolved
	Msg.info("Hello i'm a slave");
	^^^
Slave.java:20: error: Msg cannot be resolved
	double time1 = Msg.getClock();       
	               ^^^
Slave.java:21: error: Task cannot be resolved to a type
	Task t = Task.get(0);	
	^^^^
Slave.java:21: error: Task cannot be resolved
	Task t = Task.get(0);	
	         ^^^^
Slave.java:35: error: The method execute() is undefined for the type CommTimeTask
	task.execute();
	     ^^^^^^^
Slave.java:38: error: Msg cannot be resolved
	Msg.info("Received Finalize. I'm done. See you!");
	^^^
CommTimeTest.java:12: error: The import simgrid.msg cannot be resolved
	import simgrid.msg.*;
	       ^^^^^^^^^^^
CommTimeTest.java:21: error: JniException cannot be resolved to a type
	public static void main(String[] args) throws JniException, NativeException {
	                                              ^^^^^^^^^^^^
CommTimeTest.java:21: error: NativeException cannot be resolved to a type
	public static void main(String[] args) throws JniException, NativeException {
	                                                            ^^^^^^^^^^^^^^^
CommTimeTest.java:24: error: Msg cannot be resolved
	Msg.init(args);
	^^^
CommTimeTest.java:28: error: Msg cannot be resolved
	Msg.info("Usage   : CommTime platform_file deployment_file");
	^^^
CommTimeTest.java:29: error: Msg cannot be resolved
	Msg.info("example : CommTime comm_time_platform.xml comm_time_deployment.xml");
	^^^
CommTimeTest.java:34: error: Msg cannot be resolved
	Msg.pajeOutput("comm_time.trace");
	^^^
CommTimeTest.java:37: error: Msg cannot be resolved
	Msg.createEnvironment(args[0]);
	^^^
CommTimeTest.java:38: error: Msg cannot be resolved
	Msg.deployApplication(args[1]);
	^^^
CommTimeTest.java:41: error: Msg cannot be resolved
	Msg.run();
	^^^
CommTimeTask.java:11: error: The import simgrid.msg cannot be resolved
	import simgrid.msg.*;
	       ^^^^^^^^^^^
CommTimeTask.java:13: error: Task cannot be resolved to a type
	public class CommTimeTask extends Task {
	                                  ^^^^
CommTimeTask.java:17: error: JniException cannot be resolved to a type
	public CommTimeTask(String name, double computeDuration, double messageSize) throws JniException, NativeException{
	                                                                                    ^^^^^^^^^^^^
CommTimeTask.java:17: error: NativeException cannot be resolved to a type
	public CommTimeTask(String name, double computeDuration, double messageSize) throws JniException, NativeException{
	                                                                                                  ^^^^^^^^^^^^^^^
FinalizeTask.java:11: error: The import simgrid.msg cannot be resolved
	import simgrid.msg.*;
	       ^^^^^^^^^^^
FinalizeTask.java:13: error: Task cannot be resolved to a type
	public class FinalizeTask extends Task {
	                                  ^^^^
FinalizeTask.java:15: error: JniException cannot be resolved to a type
	public FinalizeTask() throws JniException, NativeException{
	                             ^^^^^^^^^^^^
FinalizeTask.java:15: error: NativeException cannot be resolved to a type
	public FinalizeTask() throws JniException, NativeException{
	                                           ^^^^^^^^^^^^^^^
48 problems (48 errors)
make: *** [classnoinst.stamp] Erreur 1
/home/navarrop/Developments/simgrid/examples/java/comm_time
LD_LIBRARY_PATH=../../../src/.libs:../src/.libs: java -cp .:../../../src/simgrid.jar:.:../src/simgrid.jar: CommTimeTest comm_time_platform.xml comm_time_deployment.xml
Exception in thread "main" java.lang.NoClassDefFoundError: CommTimeTest
Caused by: java.lang.ClassNotFoundException: CommTimeTest
	at java.net.URLClassLoader$1.run(URLClassLoader.java:217)
	at java.security.AccessController.doPrivileged(Native Method)
	at java.net.URLClassLoader.findClass(URLClassLoader.java:205)
	at java.lang.ClassLoader.loadClass(ClassLoader.java:319)
	at sun.misc.Launcher$AppClassLoader.loadClass(Launcher.java:294)
	at java.lang.ClassLoader.loadClass(ClassLoader.java:264)
	at java.lang.ClassLoader.loadClassInternal(ClassLoader.java:332)
Could not find the main class: CommTimeTest. Program will exit.
----------------------------------------------------------
"java-comm_time," end time: Dec 10 15:58 CET
"java-comm_time," time elapsed: 00:00:00
----------------------------------------------------------

108/112 Testing: java-suspend,
108/112 Test: java-suspend,
Command: "/home/navarrop/Developments/simgrid/Cmake/test_java.sh" "../examples/java/suspend" "SuspendTest" 
Directory: /home/navarrop/Developments/simgrid/Cmake
"java-suspend," start time: Dec 10 15:58 CET
Output:
----------------------------------------------------------
CLASSPATH=.:./.:$CLASSPATH /usr/bin/javac -d . -classpath .:../../../src/simgrid.jar:../../../src/simgrid.jar:..   DreamMaster.java LazyGuy.java SuspendTest.java
DreamMaster.java:11: error: The import simgrid.msg cannot be resolved
	import simgrid.msg.*;
	       ^^^^^^^^^^^
DreamMaster.java:13: error: simgrid cannot be resolved to a type
	public class DreamMaster extends simgrid.msg.Process {
	                                 ^^^^^^^
DreamMaster.java:15: error: JniException cannot be resolved to a type
	public void main(String[] args) throws JniException, NativeException {
	                                       ^^^^^^^^^^^^
DreamMaster.java:15: error: NativeException cannot be resolved to a type
	public void main(String[] args) throws JniException, NativeException {
	                                                     ^^^^^^^^^^^^^^^
DreamMaster.java:16: error: Msg cannot be resolved
	Msg.info("Hello !");
	^^^
DreamMaster.java:18: error: Msg cannot be resolved
	Msg.info("Let's create a lazy guy.");
	^^^
DreamMaster.java:22: error: Host cannot be resolved to a type
	Host currentHost = Host.currentHost();
	^^^^
DreamMaster.java:22: error: Host cannot be resolved
	Host currentHost = Host.currentHost();
	                   ^^^^
DreamMaster.java:24: error: Msg cannot be resolved
	Msg.info("Current host  name : " + currentHost.getName());
	^^^
DreamMaster.java:28: error: Msg cannot be resolved
	Msg.info("Let's wait a little bit...");
	^^^
DreamMaster.java:30: error: simgrid cannot be resolved
	simgrid.msg.Process.waitFor(10.0);
	^^^^^^^
DreamMaster.java:32: error: Msg cannot be resolved
	Msg.info("Let's wake the lazy guy up! >:) ");
	^^^
DreamMaster.java:34: error: The method restart() is undefined for the type LazyGuy
	lazy.restart();
	     ^^^^^^^
DreamMaster.java:38: error: HostNotFoundException cannot be resolved to a type
	catch(HostNotFoundException e)
	      ^^^^^^^^^^^^^^^^^^^^^
DreamMaster.java:48: error: Msg cannot be resolved
	Msg.info("OK, goodbye now.");
	^^^
LazyGuy.java:11: error: The import simgrid.msg cannot be resolved
	import simgrid.msg.*;
	       ^^^^^^^^^^^
LazyGuy.java:13: error: simgrid cannot be resolved to a type
	public class LazyGuy extends simgrid.msg.Process {
	                             ^^^^^^^
LazyGuy.java:20: error: Host cannot be resolved to a type
	public LazyGuy(Host host,String name) 
	               ^^^^
LazyGuy.java:21: error: HostNotFoundException cannot be resolved to a type
	throws NullPointerException, HostNotFoundException, JniException, NativeException
	                             ^^^^^^^^^^^^^^^^^^^^^
LazyGuy.java:21: error: JniException cannot be resolved to a type
	throws NullPointerException, HostNotFoundException, JniException, NativeException
	                                                    ^^^^^^^^^^^^
LazyGuy.java:21: error: NativeException cannot be resolved to a type
	throws NullPointerException, HostNotFoundException, JniException, NativeException
	                                                                  ^^^^^^^^^^^^^^^
LazyGuy.java:27: error: JniException cannot be resolved to a type
	public void main(String[] args) throws JniException, NativeException {
	                                       ^^^^^^^^^^^^
LazyGuy.java:27: error: NativeException cannot be resolved to a type
	public void main(String[] args) throws JniException, NativeException {
	                                                     ^^^^^^^^^^^^^^^
LazyGuy.java:28: error: Msg cannot be resolved
	Msg.info("Hello !");
	^^^
LazyGuy.java:30: error: Msg cannot be resolved
	Msg.info("Nobody's watching me ? Let's go to sleep.");
	^^^
LazyGuy.java:31: error: simgrid cannot be resolved
	simgrid.msg.Process.currentProcess().pause();
	^^^^^^^
/home/navarrop/Developments/simgrid/examples/java/suspend
LD_LIBRARY_PATH=../../../src/.libs:../src/.libs: java -cp .:../../../src/simgrid.jar:.:../src/simgrid.jar: SuspendTest suspend_platform.xml suspend_deployment.xml
LazyGuy.java:33: error: Msg cannot be resolved
	Msg.info("Uuuh ? Did somebody call me ?");
	^^^
LazyGuy.java:34: error: Msg cannot be resolved
	Msg.info("Mmmh, goodbye now."); 
	^^^
SuspendTest.java:12: error: The import simgrid.msg cannot be resolved
	import simgrid.msg.*;
	       ^^^^^^^^^^^
SuspendTest.java:16: error: JniException cannot be resolved to a type
	public static void main(String[] args) throws JniException, NativeException {
	                                              ^^^^^^^^^^^^
SuspendTest.java:16: error: NativeException cannot be resolved to a type
	public static void main(String[] args) throws JniException, NativeException {
	                                                            ^^^^^^^^^^^^^^^
SuspendTest.java:19: error: Msg cannot be resolved
	Msg.init(args);
	^^^
SuspendTest.java:23: error: Msg cannot be resolved
	Msg.info("Usage   : Suspend platform_file deployment_file");
	^^^
SuspendTest.java:24: error: Msg cannot be resolved
	Msg.info("example : Suspend msg_test_suspend_platform.xml msg_test_suspend_deployment.xml");
	^^^
SuspendTest.java:29: error: Msg cannot be resolved
	Msg.pajeOutput("suspend.trace");
	^^^
SuspendTest.java:32: error: Msg cannot be resolved
	Msg.createEnvironment(args[0]);
	^^^
SuspendTest.java:33: error: Msg cannot be resolved
	Msg.deployApplication(args[1]);
	^^^
SuspendTest.java:36: error: Msg cannot be resolved
	Msg.run();
	^^^
38 problems (38 errors)
make: *** [classnoinst.stamp] Erreur 1
Exception in thread "main" java.lang.NoClassDefFoundError: SuspendTest
Caused by: java.lang.ClassNotFoundException: SuspendTest
	at java.net.URLClassLoader$1.run(URLClassLoader.java:217)
	at java.security.AccessController.doPrivileged(Native Method)
	at java.net.URLClassLoader.findClass(URLClassLoader.java:205)
	at java.lang.ClassLoader.loadClass(ClassLoader.java:319)
	at sun.misc.Launcher$AppClassLoader.loadClass(Launcher.java:294)
	at java.lang.ClassLoader.loadClass(ClassLoader.java:264)
	at java.lang.ClassLoader.loadClassInternal(ClassLoader.java:332)
Could not find the main class: SuspendTest. Program will exit.
----------------------------------------------------------
"java-suspend," end time: Dec 10 15:58 CET
"java-suspend," time elapsed: 00:00:00
----------------------------------------------------------

109/112 Testing: test_pierre_1,
109/112 Test: test_pierre_1,
Command: "/bin/echo" "hello" 
Directory: /home/navarrop/Developments/simgrid/Cmake
"test_pierre_1," start time: Dec 10 15:58 CET
Output:
----------------------------------------------------------
hello
----------------------------------------------------------
"test_pierre_1," end time: Dec 10 15:58 CET
"test_pierre_1," time elapsed: 00:00:00
----------------------------------------------------------

110/112 Testing: test_pierre_2,
110/112 Test: test_pierre_2,
Command: "/usr/bin/java" "-version" 
Directory: /home/navarrop/Developments/simgrid/Cmake
"test_pierre_2," start time: Dec 10 15:58 CET
Output:
----------------------------------------------------------
java version "1.6.0_0"
OpenJDK Runtime Environment (IcedTea6 1.6.1) (6b16-1.6.1-3ubuntu1)
OpenJDK 64-Bit Server VM (build 14.0-b16, mixed mode)
----------------------------------------------------------
"test_pierre_2," end time: Dec 10 15:58 CET
"test_pierre_2," time elapsed: 00:00:00
----------------------------------------------------------

111/112 Testing: presence_1,
111/112 Test: presence_1,
Command: "/bin/ls" "./CTestList.txt" 
Directory: /home/navarrop/Developments/simgrid/Cmake
"presence_1," start time: Dec 10 15:58 CET
Output:
----------------------------------------------------------
./CTestList.txt
----------------------------------------------------------
"presence_1," end time: Dec 10 15:58 CET
"presence_1," time elapsed: 00:00:00
----------------------------------------------------------

112/112 Testing: presence_2,
112/112 Test: presence_2,
Command: "/bin/ls" "./CT.txt" 
Directory: /home/navarrop/Developments/simgrid/Cmake
"presence_2," start time: Dec 10 15:58 CET
Output:
----------------------------------------------------------
/bin/ls: ne peut accéder ./CT.txt: Aucun fichier ou dossier de ce type
----------------------------------------------------------
"presence_2," end time: Dec 10 15:58 CET
"presence_2," time elapsed: 00:00:00
----------------------------------------------------------

End testing: Dec 10 15:58 CET
