<?xml version="1.0" encoding="UTF-8"?>
<Site BuildName="Linux-c++"
	BuildStamp="20091209-1210-Continuous"
	Name="Pierre Navarro"
	Generator="ctest2.6-patch 4"	OSName="Linux"
	Hostname="caraja"
	OSRelease="2.6.31-16-generic"
	OSVersion="#52-Ubuntu SMP Thu Dec 3 22:07:16 UTC 2009"
	OSPlatform="x86_64"
	Is64Bits="1"
	VendorString="GenuineIntel"
	VendorID="Intel Corporation"
	FamilyID="6"
	ModelID="23"
	ProcessorCacheSize="3072"
	NumberOfLogicalCPU="2"
	NumberOfPhysicalCPU="2"
	TotalVirtualMemory="3812"
	TotalPhysicalMemory="3951"
	LogicalProcessorsPerPhysical="1"
	ProcessorClockFrequency="2401"
>
<Testing>
	<StartDateTime>Dec 09 13:10 CET</StartDateTime>
	<StartTestTime>1260360612</StartTestTime>
	<TestList>
		<Test>./config_and_build</Test>
		<Test>./test-core</Test>
		<Test>./tesh-self-basic,</Test>
		<Test>./tesh-self-cd,</Test>
		<Test>./tesh-self-IO-broken-pipe,</Test>
		<Test>./tesh-self-IO-orders,</Test>
		<Test>./tesh-self-IO-bigsize,</Test>
		<Test>./tesh-self-set-return,</Test>
		<Test>./tesh-self-set-signal,</Test>
		<Test>./tesh-self-set-timeout,</Test>
		<Test>./tesh-self-set-ignore-output,</Test>
		<Test>./tesh-self-catch-return,</Test>
		<Test>./tesh-self-catch-signal,</Test>
		<Test>./tesh-self-catch-timeout,</Test>
		<Test>./tesh-self-catch-wrong-output,</Test>
		<Test>./tesh-self-bg-basic,</Test>
		<Test>./tesh-self-bg-set-signal,</Test>
		<Test>./tesh-self-background,</Test>
		<Test>./test-xbt-log,</Test>
		<Test>./test-xbt-context,</Test>
		<Test>./test-xbt-graphxml,</Test>
		<Test>./test-xbt-heap,</Test>
		<Test>./test-surf-lmm,</Test>
		<Test>./test-surf-maxmin,</Test>
		<Test>./test-surf-trace,</Test>
		<Test>./test-surf-usage,</Test>
		<Test>./test-surf-usage2,</Test>
		<Test>./test-simdag-1,</Test>
		<Test>./test-simdag-2,</Test>
		<Test>./test-simdag-3,</Test>
		<Test>./tesh-log-large,</Test>
		<Test>./tesh-log-parallel,</Test>
		<Test>./tesh-gras-dd-mem,</Test>
		<Test>./tesh-gras-dd-rw,</Test>
		<Test>./tesh-gras-dd-r_little32_4,</Test>
		<Test>./tesh-gras-dd-r_little64,</Test>
		<Test>./tesh-gras-dd-r_big32_8,</Test>
		<Test>./tesh-gras-dd-r_big32_8_4,</Test>
		<Test>./tesh-gras-dd-r_big32_2,</Test>
		<Test>./tesh-gras-msg_handle-rl,</Test>
		<Test>./tesh-gras-msg_handle-sg-32,</Test>
		<Test>./tesh-gras-empty_main-rl,</Test>
		<Test>./tesh-gras-empty_main-sg,</Test>
		<Test>./tesh-gras-small_sleep-sg-32,</Test>
		<Test>./tesh-simdag-reinit_costs,</Test>
		<Test>./tesh-simdag-parser,</Test>
		<Test>./tesh-simdag-flatifier,</Test>
		<Test>./tesh-simdag-basic0,</Test>
		<Test>./tesh-simdag-basic1,</Test>
		<Test>./tesh-simdag-basic2,</Test>
		<Test>./tesh-simdag-basic3,</Test>
		<Test>./tesh-simdag-basic4,</Test>
		<Test>./tesh-simdag-basic5,</Test>
		<Test>./tesh-simdag-basic6,</Test>
		<Test>./tesh-simdag-p2p-1,</Test>
		<Test>./tesh-simdag-p2p-2,</Test>
		<Test>./tesh-simdag-p2p-3,</Test>
		<Test>./tesh-simdag-mxn-1,</Test>
		<Test>./tesh-simdag-mxn-2,</Test>
		<Test>./tesh-simdag-mxn-3,</Test>
		<Test>./tesh-simdag-par-1,</Test>
		<Test>./tesh-simdag-par-2,</Test>
		<Test>./msg-sendrecv_CLM03,</Test>
		<Test>./msg-sendrecv_Vegas,</Test>
		<Test>./msg-sendrecv_Reno,</Test>
		<Test>./msg-suspend,</Test>
		<Test>./msg-masterslave,</Test>
		<Test>./msg-masterslave-forwarder,</Test>
		<Test>./msg-masterslave-failure,</Test>
		<Test>./msg-masterslave-bypass,</Test>
		<Test>./msg-ptask,</Test>
		<Test>./msg-priority,</Test>
		<Test>./msg-properties,</Test>
		<Test>./msg-gtnets,</Test>
		<Test>./gras-ping-rl,</Test>
		<Test>./gras-rpc-rl,</Test>
		<Test>./gras-spawn-rl,</Test>
		<Test>./gras-timer-rl,</Test>
		<Test>./gras-chrono-rl,</Test>
		<Test>./gras-simple_token-rl,</Test>
		<Test>./gras-mmrpc-rl,</Test>
		<Test>./gras-all2all-rl,</Test>
		<Test>./gras-pmm-rl,</Test>
		<Test>./gras-synchro-rl,</Test>
		<Test>./gras-properties-rl,</Test>
		<Test>./gras-ping-sg-32,</Test>
		<Test>./gras-rpc-sg-32,</Test>
		<Test>./gras-spawn-sg-32,</Test>
		<Test>./gras-timer-sg-32,</Test>
		<Test>./gras-chrono-sg-32,</Test>
		<Test>./gras-simple_token-sg-32,</Test>
		<Test>./gras-mmrpc-sg-32,</Test>
		<Test>./gras-all2all-sg-32,</Test>
		<Test>./gras-pmm-sg-32,</Test>
		<Test>./gras-synchro-sg-32,</Test>
		<Test>./gras-properties-sg,</Test>
		<Test>./amok-bandwidth-rl,</Test>
		<Test>./amok-saturate-rl,</Test>
		<Test>./amok-bandwidth-sg-32,</Test>
		<Test>./amok-saturate-sg-32,</Test>
		<Test>./simdag-test_simdag,</Test>
		<Test>./simdag-test_simdag2,</Test>
		<Test>./simdag-test_prop,</Test>
		<Test>./simdag-metaxml_test,</Test>
		<Test>./java-basic,</Test>
		<Test>./java-pingpong,</Test>
		<Test>./java-comm_time,</Test>
		<Test>./java-suspend,</Test>
		<Test>./test_pierre_1,</Test>
		<Test>./test_pierre_2,</Test>
		<Test>./presence_1,</Test>
		<Test>./presence_2,</Test>
	</TestList>
	<Test Status="passed">
		<Name>config_and_build</Name>
		<Path>.</Path>
		<FullName>./config_and_build</FullName>
		<FullCommandLine>/home/navarrop/Developments/simgrid/Cmake/build.sh</FullCommandLine>
		<Results>
			<NamedMeasurement type="numeric/double" name="Execution Time"><Value>0.528901</Value></NamedMeasurement>
			<NamedMeasurement type="text/string" name="Completion Status"><Value>Completed</Value></NamedMeasurement>
			<NamedMeasurement type="text/string" name="Command Line"><Value>/home/navarrop/Developments/simgrid/Cmake/build.sh</Value></NamedMeasurement>
			<Measurement>
				<Value>Making all in include
make[1]: entrant dans le r</Value>
			</Measurement>
		</Results>
	</Test>
	<Test Status="passed">
		<Name>test-core</Name>
		<Path>.</Path>
		<FullName>./test-core</FullName>
		<FullCommandLine>/home/navarrop/Developments/simgrid/src/testall</FullCommandLine>
		<Results>
			<NamedMeasurement type="numeric/double" name="Execution Time"><Value>1.41725</Value></NamedMeasurement>
			<NamedMeasurement type="text/string" name="Completion Status"><Value>Completed</Value></NamedMeasurement>
			<NamedMeasurement type="text/string" name="Command Line"><Value>/home/navarrop/Developments/simgrid/src/testall</Value></NamedMeasurement>
			<Measurement>
				<Value>
 =======================[ Testsuite mechanism autotest ]========================
 Unit: expected failures ................................................... ok
       SKIP: Skipped test [xbt/cunit.c:828]
      EFAIL: EXPECTED FAILURE [xbt/cunit.c:831]
    Summary: 0 of 1 tests failed (1 tests ignored)
 =========================================================================== OK
 Summary: Units: 100% ok (1 units: 1 ok)
          Tests: 100% ok (1 tests: 1 ok; 1 ignored; 1 expected to fail)

 ============================[ Exception Handling ]=============================
 Unit: basic nested control flow ........................................... ok
 Unit: exception value passing ............................................. ok
 Unit: variable value preservation ......................................... ok
 Unit: cleanup handling .................................................... ok
 =========================================================================== OK
 Summary: Units: 100% ok (4 units: 4 ok)
   ...
The rest of the test output was removed since it exceeds the threshold of 1024 characters.
</Value>
			</Measurement>
		</Results>
	</Test>
	<Test Status="passed">
		<Name>tesh-self-basic,</Name>
		<Path>.</Path>
		<FullName>./tesh-self-basic,</FullName>
		<FullCommandLine>/home/navarrop/Developments/simgrid/tools/tesh/tesh --cd ../tools/tesh basic.tesh</FullCommandLine>
		<Results>
			<NamedMeasurement type="numeric/double" name="Execution Time"><Value>0.02842</Value></NamedMeasurement>
			<NamedMeasurement type="text/string" name="Completion Status"><Value>Completed</Value></NamedMeasurement>
			<NamedMeasurement type="text/string" name="Command Line"><Value>/home/navarrop/Developments/simgrid/tools/tesh/tesh --cd ../tools/tesh basic.tesh</Value></NamedMeasurement>
			<Measurement>
				<Value>[0.000006] [tesh/INFO] Change directory to ../tools/tesh
[0.000036] [tesh/INFO] Test suite `basic'
[0.000074] [tesh/INFO] [basic:3] This is a basic test
[0.000084] [tesh/INFO] [basic:7] mkfile tmp_fich
[0.000741] [tesh/INFO] [basic:9] cat tmp_fich
[0.002312] [tesh/INFO] [basic:12] rm tmp_fich
[0.003744] [tesh/INFO] [basic:14] And now, some multilines examples
[0.003760] [tesh/INFO] [basic:20] mkfile tmp_fich
[0.004371] [tesh/INFO] [basic:22] cat tmp_fich
[0.005867] [tesh/INFO] [basic:28] wc -l tmp_fich
[0.007410] [tesh/INFO] [basic:31] rm tmp_fich
[0.008901] [tesh/INFO] Test suite `basic' OK
</Value>
			</Measurement>
		</Results>
	</Test>
	<Test Status="passed">
		<Name>tesh-self-cd,</Name>
		<Path>.</Path>
		<FullName>./tesh-self-cd,</FullName>
		<FullCommandLine>/home/navarrop/Developments/simgrid/tools/tesh/tesh --cd ../tools/tesh cd.tesh</FullCommandLine>
		<Results>
			<NamedMeasurement type="numeric/double" name="Execution Time"><Value>0.049747</Value></NamedMeasurement>
			<NamedMeasurement type="text/string" name="Completion Status"><Value>Completed</Value></NamedMeasurement>
			<NamedMeasurement type="text/string" name="Command Line"><Value>/home/navarrop/Developments/simgrid/tools/tesh/tesh --cd ../tools/tesh cd.tesh</Value></NamedMeasurement>
			<Measurement>
				<Value>[0.000006] [tesh/INFO] Change directory to ../tools/tesh
[0.000035] [tesh/INFO] Test suite `cd'
[0.000072] [tesh/INFO] [cd:5] rm -rf testdir_temp
[0.001591] [tesh/INFO] [cd:6] mkdir testdir_temp
[0.003431] [tesh/INFO] [cd:10] ls
[0.005517] [tesh/INFO] [cd:18] ../tesh --log='log.thresh:info tesh.fmt:%m%n'
[0.028438] [tesh/INFO] [cd:22] test -e ../testdir_temp
[0.030001] [tesh/INFO] [cd:25] rmdir testdir_temp
[0.031514] [tesh/INFO] Test suite `cd' OK
</Value>
			</Measurement>
		</Results>
	</Test>
	<Test Status="passed">
		<Name>tesh-self-IO-broken-pipe,</Name>
		<Path>.</Path>
		<FullName>./tesh-self-IO-broken-pipe,</FullName>
		<FullCommandLine>/home/navarrop/Developments/simgrid/tools/tesh/tesh --cd ../tools/tesh IO-broken-pipe.tesh</FullCommandLine>
		<Results>
			<NamedMeasurement type="numeric/double" name="Execution Time"><Value>0.044992</Value></NamedMeasurement>
			<NamedMeasurement type="text/string" name="Completion Status"><Value>Completed</Value></NamedMeasurement>
			<NamedMeasurement type="text/string" name="Command Line"><Value>/home/navarrop/Developments/simgrid/tools/tesh/tesh --cd ../tools/tesh IO-broken-pipe.tesh</Value></NamedMeasurement>
			<Measurement>
				<Value>[0.000006] [tesh/INFO] Change directory to ../tools/tesh
[0.000033] [tesh/INFO] Test suite `IO-broken-pipe'
[0.000086] [tesh/INFO] [IO-broken-pipe:10] echo
[0.001588] [tesh/INFO] [IO-broken-pipe:14] echo
[0.003073] [tesh/INFO] [IO-broken-pipe:18] echo
[0.004512] [tesh/INFO] [IO-broken-pipe:22] echo
[0.006111] [tesh/INFO] [IO-broken-pipe:26] echo
[0.007650] [tesh/INFO] [IO-broken-pipe:30] echo
[0.009123] [tesh/INFO] [IO-broken-pipe:34] echo
[0.013877] [tesh/INFO] [IO-broken-pipe:38] echo
[0.015519] [tesh/INFO] [IO-broken-pipe:42] echo
[0.017045] [tesh/INFO] [IO-broken-pipe:46] echo
[0.018538] [tesh/INFO] [IO-broken-pipe:50] echo
[0.020122] [tesh/INFO] [IO-broken-pipe:54] echo
[0.021620] [tesh/INFO] [IO-broken-pipe:58] echo
[0.023144] [tesh/INFO] [IO-broken-pipe:62] echo
[0.024653] [tesh/INFO] Test suite `IO-broken-pipe' OK
</Value>
			</Measurement>
		</Results>
	</Test>
	<Test Status="passed">
		<Name>tesh-self-IO-orders,</Name>
		<Path>.</Path>
		<FullName>./tesh-self-IO-orders,</FullName>
		<FullCommandLine>/home/navarrop/Developments/simgrid/tools/tesh/tesh --cd ../tools/tesh IO-orders.tesh</FullCommandLine>
		<Results>
			<NamedMeasurement type="numeric/double" name="Execution Time"><Value>0.137388</Value></NamedMeasurement>
			<NamedMeasurement type="text/string" name="Completion Status"><Value>Completed</Value></NamedMeasurement>
			<NamedMeasurement type="text/string" name="Command Line"><Value>/home/navarrop/Developments/simgrid/tools/tesh/tesh --cd ../tools/tesh IO-orders.tesh</Value></NamedMeasurement>
			<Measurement>
				<Value>[0.000007] [tesh/INFO] Change directory to ../tools/tesh
[0.000038] [tesh/INFO] Test suite `IO-orders'
[0.000075] [tesh/INFO] [IO-orders:2] This tests that TESH accepts any order for the input/output
[0.000082] [tesh/INFO] [IO-orders:4] Order: in, out, cmd
[0.000094] [tesh/INFO] [IO-orders:11] ./tesh --log='log.thresh:info tesh.fmt:%m%n'
[0.018070] [tesh/INFO] [IO-orders:13] Order: out, in, cmd
[0.018095] [tesh/INFO] [IO-orders:20] ./tesh --log='log.thresh:info tesh.fmt:%m%n'
[0.034948] [tesh/INFO] [IO-orders:22] Order: out, cmd, in
[0.034972] [tesh/INFO] [IO-orders:29] ./tesh --log='log.thresh:info tesh.fmt:%m%n'
[0.055020] [tesh/INFO] [IO-orders:31] Order: in, cmd, out
[0.055045] [tesh/INFO] [IO-orders:38] ./tesh --log='log.thresh:info tesh.fmt:%m%n'
[0.072808] [tesh/INFO] [IO-orders:40] Order: cmd, out, in
[0.072833] [tesh/INFO] [IO-orders:47] ./tesh --log='log.thresh:info tesh.fmt:%m%n'
[0.100787] [tesh/INFO] [IO-orders:49] Order: cmd, in, out
[0.100813] [tesh/INFO] [IO-orders:56] ./tesh --log='log.thresh...
The rest of the test output was removed since it exceeds the threshold of 1024 characters.
</Value>
			</Measurement>
		</Results>
	</Test>
	<Test Status="passed">
		<Name>tesh-self-IO-bigsize,</Name>
		<Path>.</Path>
		<FullName>./tesh-self-IO-bigsize,</FullName>
		<FullCommandLine>/home/navarrop/Developments/simgrid/tools/tesh/tesh --cd ../tools/tesh IO-bigsize.tesh</FullCommandLine>
		<Results>
			<NamedMeasurement type="numeric/double" name="Execution Time"><Value>0.033076</Value></NamedMeasurement>
			<NamedMeasurement type="text/string" name="Completion Status"><Value>Completed</Value></NamedMeasurement>
			<NamedMeasurement type="text/string" name="Command Line"><Value>/home/navarrop/Developments/simgrid/tools/tesh/tesh --cd ../tools/tesh IO-bigsize.tesh</Value></NamedMeasurement>
			<Measurement>
				<Value>[0.000006] [tesh/INFO] Change directory to ../tools/tesh
[0.000033] [tesh/INFO] Test suite `IO-bigsize'
[0.000072] [tesh/INFO] [IO-bigsize:9] First, a write test
[0.001918] [tesh/INFO] [IO-bigsize:1011] wc -c
[0.003899] [tesh/INFO] [IO-bigsize:1014] And now, a read/write test
[0.006810] [tesh/INFO] [IO-bigsize:2016] cat
[0.014674] [tesh/INFO] Test suite `IO-bigsize' OK
</Value>
			</Measurement>
		</Results>
	</Test>
	<Test Status="passed">
		<Name>tesh-self-set-return,</Name>
		<Path>.</Path>
		<FullName>./tesh-self-set-return,</FullName>
		<FullCommandLine>/home/navarrop/Developments/simgrid/tools/tesh/tesh --cd ../tools/tesh set-return.tesh</FullCommandLine>
		<Results>
			<NamedMeasurement type="numeric/double" name="Execution Time"><Value>0.0796001</Value></NamedMeasurement>
			<NamedMeasurement type="text/string" name="Completion Status"><Value>Completed</Value></NamedMeasurement>
			<NamedMeasurement type="text/string" name="Command Line"><Value>/home/navarrop/Developments/simgrid/tools/tesh/tesh --cd ../tools/tesh set-return.tesh</Value></NamedMeasurement>
			<Measurement>
				<Value>[0.000005] [tesh/INFO] Change directory to ../tools/tesh
[0.000033] [tesh/INFO] Test suite `set-return'
[0.000084] [tesh/INFO] [set-return:5] rm -rf temp_testdir
[0.001560] [tesh/INFO] [set-return:6] mkdir temp_testdir
[0.003246] [tesh/INFO] [set-return:13] mkfile return1.c
[0.008867] [tesh/INFO] [set-return:15] gcc -o return1 return1.c
[0.056214] [tesh/INFO] [set-return:18] ./return1
[0.057180] [tesh/INFO] [set-return:20] rm -rf temp_testdir
[0.058853] [tesh/INFO] Test suite `set-return' OK
</Value>
			</Measurement>
		</Results>
	</Test>
	<Test Status="passed">
		<Name>tesh-self-set-signal,</Name>
		<Path>.</Path>
		<FullName>./tesh-self-set-signal,</FullName>
		<FullCommandLine>/home/navarrop/Developments/simgrid/tools/tesh/tesh --cd ../tools/tesh set-signal.tesh</FullCommandLine>
		<Results>
			<NamedMeasurement type="numeric/double" name="Execution Time"><Value>0.077034</Value></NamedMeasurement>
			<NamedMeasurement type="text/string" name="Completion Status"><Value>Completed</Value></NamedMeasurement>
			<NamedMeasurement type="text/string" name="Command Line"><Value>/home/navarrop/Developments/simgrid/tools/tesh/tesh --cd ../tools/tesh set-signal.tesh</Value></NamedMeasurement>
			<Measurement>
				<Value>[0.000005] [tesh/INFO] Change directory to ../tools/tesh
[0.000034] [tesh/INFO] Test suite `set-signal'
[0.000081] [tesh/INFO] [set-signal:5] rm -rf temp_testdir
[0.001599] [tesh/INFO] [set-signal:6] mkdir temp_testdir
[0.003282] [tesh/INFO] [set-signal:14] mkfile segfault.c
[0.006906] [tesh/INFO] [set-signal:16] gcc -o segfault segfault.c
[0.058237] [tesh/INFO] [set-signal:18] ./segfault
[0.059191] [tesh/INFO] [set-signal:20] rm -rf temp_testdir
[0.060945] [tesh/INFO] Test suite `set-signal' OK
</Value>
			</Measurement>
		</Results>
	</Test>
	<Test Status="passed">
		<Name>tesh-self-set-timeout,</Name>
		<Path>.</Path>
		<FullName>./tesh-self-set-timeout,</FullName>
		<FullCommandLine>/home/navarrop/Developments/simgrid/tools/tesh/tesh --cd ../tools/tesh set-timeout.tesh</FullCommandLine>
		<Results>
			<NamedMeasurement type="numeric/double" name="Execution Time"><Value>6.02379</Value></NamedMeasurement>
			<NamedMeasurement type="text/string" name="Completion Status"><Value>Completed</Value></NamedMeasurement>
			<NamedMeasurement type="text/string" name="Command Line"><Value>/home/navarrop/Developments/simgrid/tools/tesh/tesh --cd ../tools/tesh set-timeout.tesh</Value></NamedMeasurement>
			<Measurement>
				<Value>[0.000008] [tesh/INFO] Change directory to ../tools/tesh
[0.000048] [tesh/INFO] Test suite `set-timeout'
[0.000110] [tesh/INFO] [set-timeout:7] sleep 6
[6.002860] [tesh/INFO] Test suite `set-timeout' OK
</Value>
			</Measurement>
		</Results>
	</Test>
	<Test Status="passed">
		<Name>tesh-self-set-ignore-output,</Name>
		<Path>.</Path>
		<FullName>./tesh-self-set-ignore-output,</FullName>
		<FullCommandLine>/home/navarrop/Developments/simgrid/tools/tesh/tesh --cd ../tools/tesh set-ignore-output.tesh</FullCommandLine>
		<Results>
			<NamedMeasurement type="numeric/double" name="Execution Time"><Value>0.063663</Value></NamedMeasurement>
			<NamedMeasurement type="text/string" name="Completion Status"><Value>Completed</Value></NamedMeasurement>
			<NamedMeasurement type="text/string" name="Command Line"><Value>/home/navarrop/Developments/simgrid/tools/tesh/tesh --cd ../tools/tesh set-ignore-output.tesh</Value></NamedMeasurement>
			<Measurement>
				<Value>[0.000006] [tesh/INFO] Change directory to ../tools/tesh
[0.000033] [tesh/INFO] Test suite `set-ignore-output'
[0.000066] [tesh/INFO] [set-ignore-output:3] This tests whether TESH accepts to ignore command output
[0.000079] [tesh/INFO] [set-ignore-output:9] ./tesh --log='log.thresh:info tesh.fmt:%m%n'
[0.019412] [tesh/INFO] Test suite `set-ignore-output' OK
</Value>
			</Measurement>
		</Results>
	</Test>
	<Test Status="passed">
		<Name>tesh-self-catch-return,</Name>
		<Path>.</Path>
		<FullName>./tesh-self-catch-return,</FullName>
		<FullCommandLine>/home/navarrop/Developments/simgrid/tools/tesh/tesh --cd ../tools/tesh catch-return.tesh</FullCommandLine>
		<Results>
			<NamedMeasurement type="numeric/double" name="Execution Time"><Value>0.107841</Value></NamedMeasurement>
			<NamedMeasurement type="text/string" name="Completion Status"><Value>Completed</Value></NamedMeasurement>
			<NamedMeasurement type="text/string" name="Command Line"><Value>/home/navarrop/Developments/simgrid/tools/tesh/tesh --cd ../tools/tesh catch-return.tesh</Value></NamedMeasurement>
			<Measurement>
				<Value>[0.000008] [tesh/INFO] Change directory to ../tools/tesh
[0.000047] [tesh/INFO] Test suite `catch-return'
[0.000109] [tesh/INFO] [catch-return:5] rm -rf temp_testdir
[0.008088] [tesh/INFO] [catch-return:6] mkdir temp_testdir
[0.010595] [tesh/INFO] [catch-return:13] mkfile return1.c
[0.011350] [tesh/INFO] [catch-return:15] gcc -o return1 return1.c
[0.056230] [tesh/INFO] [catch-return:19] ../tesh --log='log.thresh:info tesh.fmt:%m%n'
[0.076804] [tesh/INFO] [catch-return:27] rm -rf temp_testdir
[0.078546] [tesh/INFO] Test suite `catch-return' OK
</Value>
			</Measurement>
		</Results>
	</Test>
	<Test Status="passed">
		<Name>tesh-self-catch-signal,</Name>
		<Path>.</Path>
		<FullName>./tesh-self-catch-signal,</FullName>
		<FullCommandLine>/home/navarrop/Developments/simgrid/tools/tesh/tesh --cd ../tools/tesh catch-signal.tesh</FullCommandLine>
		<Results>
			<NamedMeasurement type="numeric/double" name="Execution Time"><Value>0.0847659</Value></NamedMeasurement>
			<NamedMeasurement type="text/string" name="Completion Status"><Value>Completed</Value></NamedMeasurement>
			<NamedMeasurement type="text/string" name="Command Line"><Value>/home/navarrop/Developments/simgrid/tools/tesh/tesh --cd ../tools/tesh catch-signal.tesh</Value></NamedMeasurement>
			<Measurement>
				<Value>[0.000005] [tesh/INFO] Change directory to ../tools/tesh
[0.000033] [tesh/INFO] Test suite `catch-signal'
[0.000081] [tesh/INFO] [catch-signal:5] rm -rf temp_testdir
[0.004189] [tesh/INFO] [catch-signal:6] mkdir temp_testdir
[0.006076] [tesh/INFO] [catch-signal:14] mkfile segfault.c
[0.006699] [tesh/INFO] [catch-signal:16] gcc -o segfault segfault.c
[0.050611] [tesh/INFO] [catch-signal:20] ../tesh --log='log.thresh:info tesh.fmt:%m%n'
[0.067466] [tesh/INFO] [catch-signal:28] rm -rf temp_testdir
[0.069348] [tesh/INFO] Test suite `catch-signal' OK
</Value>
			</Measurement>
		</Results>
	</Test>
	<Test Status="passed">
		<Name>tesh-self-catch-timeout,</Name>
		<Path>.</Path>
		<FullName>./tesh-self-catch-timeout,</FullName>
		<FullCommandLine>/home/navarrop/Developments/simgrid/tools/tesh/tesh --cd ../tools/tesh catch-timeout.tesh</FullCommandLine>
		<Results>
			<NamedMeasurement type="numeric/double" name="Execution Time"><Value>1.9989</Value></NamedMeasurement>
			<NamedMeasurement type="text/string" name="Completion Status"><Value>Completed</Value></NamedMeasurement>
			<NamedMeasurement type="text/string" name="Command Line"><Value>/home/navarrop/Developments/simgrid/tools/tesh/tesh --cd ../tools/tesh catch-timeout.tesh</Value></NamedMeasurement>
			<Measurement>
				<Value>[0.000007] [tesh/INFO] Change directory to ../tools/tesh
[0.000046] [tesh/INFO] Test suite `catch-timeout'
[0.000130] [tesh/INFO] [catch-timeout:14] ./tesh --log='log.thresh:info tesh.fmt:%m%n'
[1.978003] [tesh/INFO] Test suite `catch-timeout' OK
</Value>
			</Measurement>
		</Results>
	</Test>
	<Test Status="passed">
		<Name>tesh-self-catch-wrong-output,</Name>
		<Path>.</Path>
		<FullName>./tesh-self-catch-wrong-output,</FullName>
		<FullCommandLine>/home/navarrop/Developments/simgrid/tools/tesh/tesh --cd ../tools/tesh catch-wrong-output.tesh</FullCommandLine>
		<Results>
			<NamedMeasurement type="numeric/double" name="Execution Time"><Value>0.057024</Value></NamedMeasurement>
			<NamedMeasurement type="text/string" name="Completion Status"><Value>Completed</Value></NamedMeasurement>
			<NamedMeasurement type="text/string" name="Command Line"><Value>/home/navarrop/Developments/simgrid/tools/tesh/tesh --cd ../tools/tesh catch-wrong-output.tesh</Value></NamedMeasurement>
			<Measurement>
				<Value>[0.000005] [tesh/INFO] Change directory to ../tools/tesh
[0.000033] [tesh/INFO] Test suite `catch-wrong-output'
[0.000076] [tesh/INFO] [catch-wrong-output:3] This tests whether TESH detects wrong outputs
[0.000092] [tesh/INFO] [catch-wrong-output:9] ./tesh --log='log.thresh:info tesh.fmt:%m%n'
[0.023052] [tesh/INFO] Test suite `catch-wrong-output' OK
</Value>
			</Measurement>
		</Results>
	</Test>
	<Test Status="passed">
		<Name>tesh-self-bg-basic,</Name>
		<Path>.</Path>
		<FullName>./tesh-self-bg-basic,</FullName>
		<FullCommandLine>/home/navarrop/Developments/simgrid/tools/tesh/tesh --cd ../tools/tesh bg-basic.tesh</FullCommandLine>
		<Results>
			<NamedMeasurement type="numeric/double" name="Execution Time"><Value>0.0312989</Value></NamedMeasurement>
			<NamedMeasurement type="text/string" name="Completion Status"><Value>Completed</Value></NamedMeasurement>
			<NamedMeasurement type="text/string" name="Command Line"><Value>/home/navarrop/Developments/simgrid/tools/tesh/tesh --cd ../tools/tesh bg-basic.tesh</Value></NamedMeasurement>
			<Measurement>
				<Value>[0.000006] [tesh/INFO] Change directory to ../tools/tesh
[0.000035] [tesh/INFO] Test suite `bg-basic'
[0.000079] [tesh/INFO] [bg-basic:3] This is a basic test
[0.000089] [tesh/INFO] [bg-basic:7] cat (background command)
[0.001449] [tesh/INFO] [bg-basic:10] And now, some multilines examples
[0.001459] [tesh/INFO] [bg-basic:16] cat (background command)
[0.003016] [tesh/INFO] Test suite `bg-basic' OK
</Value>
			</Measurement>
		</Results>
	</Test>
	<Test Status="passed">
		<Name>tesh-self-bg-set-signal,</Name>
		<Path>.</Path>
		<FullName>./tesh-self-bg-set-signal,</FullName>
		<FullCommandLine>/home/navarrop/Developments/simgrid/tools/tesh/tesh --cd ../tools/tesh bg-set-signal.tesh</FullCommandLine>
		<Results>
			<NamedMeasurement type="numeric/double" name="Execution Time"><Value>1.07399</Value></NamedMeasurement>
			<NamedMeasurement type="text/string" name="Completion Status"><Value>Completed</Value></NamedMeasurement>
			<NamedMeasurement type="text/string" name="Command Line"><Value>/home/navarrop/Developments/simgrid/tools/tesh/tesh --cd ../tools/tesh bg-set-signal.tesh</Value></NamedMeasurement>
			<Measurement>
				<Value>[0.000006] [tesh/INFO] Change directory to ../tools/tesh
[0.000035] [tesh/INFO] Test suite `bg-set-signal'
[0.000078] [tesh/INFO] [bg-set-signal:5] rm -rf temp_testdir
[0.008022] [tesh/INFO] [bg-set-signal:6] mkdir temp_testdir
[0.009967] [tesh/INFO] [bg-set-signal:14] mkfile segfault.c
[0.010680] [tesh/INFO] [bg-set-signal:16] gcc -o segfault segfault.c
[0.049481] [tesh/INFO] [bg-set-signal:18] ./segfault (background command)
[0.049835] [tesh/INFO] [bg-set-signal:19] sleep 1
[1.052018] [tesh/INFO] [bg-set-signal:21] rm -rf temp_testdir
[1.056539] [tesh/INFO] Test suite `bg-set-signal' OK
</Value>
			</Measurement>
		</Results>
	</Test>
	<Test Status="passed">
		<Name>tesh-self-background,</Name>
		<Path>.</Path>
		<FullName>./tesh-self-background,</FullName>
		<FullCommandLine>/home/navarrop/Developments/simgrid/tools/tesh/tesh --cd ../tools/tesh background.tesh</FullCommandLine>
		<Results>
			<NamedMeasurement type="numeric/double" name="Execution Time"><Value>2.1166</Value></NamedMeasurement>
			<NamedMeasurement type="text/string" name="Completion Status"><Value>Completed</Value></NamedMeasurement>
			<NamedMeasurement type="text/string" name="Command Line"><Value>/home/navarrop/Developments/simgrid/tools/tesh/tesh --cd ../tools/tesh background.tesh</Value></NamedMeasurement>
			<Measurement>
				<Value>[0.000006] [tesh/INFO] Change directory to ../tools/tesh
[0.000033] [tesh/INFO] Test suite `background'
[0.000068] [tesh/INFO] [background:2] rm -rf temp_testdir
[0.001616] [tesh/INFO] [background:3] mkdir temp_testdir
[0.003344] [tesh/INFO] [background:37] mkfile delayed_cat.c
[0.004005] [tesh/INFO] [background:39] gcc -Wall -o delayed_cat delayed_cat.c
[0.055276] [tesh/INFO] [background:41] ./delayed_cat  (background command)
[0.056064] [tesh/INFO] [background:45] mkfile tmp_fich
[0.057049] [tesh/INFO] [background:47] sleep 2
[2.061751] [tesh/INFO] [background:49] rm -rf temp_testdir
[2.066539] [tesh/INFO] Test suite `background' OK
</Value>
			</Measurement>
		</Results>
	</Test>
	<Test Status="passed">
		<Name>test-xbt-log,</Name>
		<Path>.</Path>
		<FullName>./test-xbt-log,</FullName>
		<FullCommandLine>/home/navarrop/Developments/simgrid/Cmake/chdir_run.sh ../testsuite xbt/log_usage</FullCommandLine>
		<Results>
			<NamedMeasurement type="numeric/double" name="Execution Time"><Value>0.053092</Value></NamedMeasurement>
			<NamedMeasurement type="text/string" name="Completion Status"><Value>Completed</Value></NamedMeasurement>
			<NamedMeasurement type="text/string" name="Command Line"><Value>/home/navarrop/Developments/simgrid/Cmake/chdir_run.sh ../testsuite xbt/log_usage</Value></NamedMeasurement>
			<Measurement>
				<Value>[0.000012] [test/INFO] Test with the settings ''
[0.000054] xbt/log_usage.c:30: [test/WARNING] val=2
[0.000061] xbt/log_usage.c:32: [test/CRITICAL] false alarm!
[0.000064] [test/INFO] Test with the settings ' '
[0.000071] xbt/log_usage.c:30: [test/WARNING] val=2
[0.000075] xbt/log_usage.c:32: [test/CRITICAL] false alarm!
[0.000079] [test/INFO] Test with the settings ' test.thres:info root.thres:info  '
[0.000093] xbt/log_usage.c:30: [test/WARNING] val=2
[0.000097] xbt/log_usage.c:32: [test/CRITICAL] false alarm!
[0.000101] [test/INFO] Test with the settings ' test.thres:debug '
[0.000106] xbt/log.c:652: [test/DEBUG] Apply settings for category 'test': set threshold to DEBUG (=2)
[0.000111] xbt/log_usage.c:29: [test/DEBUG] val=1
[0.000115] xbt/log_usage.c:30: [test/WARNING] val=2
[0.000118] xbt/log_usage.c:32: [test/CRITICAL] false alarm!
[0.000122] [test/INFO] Test with the settings ' test.thres:verbose root.thres:error '
[0.000128] xbt/log_usage.c:30: [test/WARNING] val=2
[0.000132] xbt/log_usage.c:32: [test...
The rest of the test output was removed since it exceeds the threshold of 1024 characters.
</Value>
			</Measurement>
		</Results>
	</Test>
	<Test Status="failed">
		<Name>test-xbt-context,</Name>
		<Path>.</Path>
		<FullName>./test-xbt-context,</FullName>
		<FullCommandLine>/home/navarrop/Developments/simgrid/Cmake/chdir_run.sh ../testsuite xbt/context_usage</FullCommandLine>
		<Results>
			<NamedMeasurement type="text/string" name="Exit Code"><Value>Failed</Value></NamedMeasurement>
			<NamedMeasurement type="text/string" name="Exit Value"><Value>2</Value></NamedMeasurement>
			<NamedMeasurement type="numeric/double" name="Execution Time"><Value>0.000991106</Value></NamedMeasurement>
			<NamedMeasurement type="text/string" name="Completion Status"><Value>Completed</Value></NamedMeasurement>
			<NamedMeasurement type="text/string" name="Command Line"><Value>/home/navarrop/Developments/simgrid/Cmake/chdir_run.sh ../testsuite xbt/context_usage</Value></NamedMeasurement>
			<Measurement>
				<Value>exec: 4: xbt/context_usage: not found
</Value>
			</Measurement>
		</Results>
	</Test>
	<Test Status="passed">
		<Name>test-xbt-graphxml,</Name>
		<Path>.</Path>
		<FullName>./test-xbt-graphxml,</FullName>
		<FullCommandLine>/home/navarrop/Developments/simgrid/Cmake/chdir_run.sh ../testsuite xbt/graphxml_usage ./xbt/graph.xml</FullCommandLine>
		<Results>
			<NamedMeasurement type="numeric/double" name="Execution Time"><Value>0.0157881</Value></NamedMeasurement>
			<NamedMeasurement type="text/string" name="Completion Status"><Value>Completed</Value></NamedMeasurement>
			<NamedMeasurement type="text/string" name="Command Line"><Value>/home/navarrop/Developments/simgrid/Cmake/chdir_run.sh ../testsuite xbt/graphxml_usage ./xbt/graph.xml</Value></NamedMeasurement>
			<Measurement>
				<Value>[0.000000] [test/INFO] ---- Testing XML export. Exporting to testgraph.xml ----
[0.000000] [test/INFO] ---- Testing GraphViz export. Exporting to testgraph.dot ----
[0.000000] [test/INFO] ---- Dumping Edge lengths ----
[0.000000] [test/INFO] 0.000000e+00	4.100000e-01	-1.000000e+00	-1.000000e+00	-1.000000e+00	-1.000000e+00	-1.000000e+00	-1.000000e+00	
[0.000000] [test/INFO] -1.000000e+00	0.000000e+00	5.100000e-01	-1.000000e+00	-1.000000e+00	-1.000000e+00	-1.000000e+00	-1.000000e+00	
[0.000000] [test/INFO] -1.000000e+00	-1.000000e+00	0.000000e+00	5.000000e-01	-1.000000e+00	-1.000000e+00	-1.000000e+00	-1.000000e+00	
[0.000000] [test/INFO] -1.000000e+00	-1.000000e+00	-1.000000e+00	0.000000e+00	-1.000000e+00	3.800000e-01	-1.000000e+00	-1.000000e+00	
[0.000000] [test/INFO] -1.000000e+00	-1.000000e+00	-1.000000e+00	3.600000e-01	0.000000e+00	-1.000000e+00	-1.000000e+00	-1.000000e+00	
[0.000000] [test/INFO] -1.000000e+00	-1.000000e+00	-1.000000e+00	-1.000000e+00	-1.000000e+00	0.000000e+00	-1.000000e+00	-1.000000e+00	
...
The rest of the test output was removed since it exceeds the threshold of 1024 characters.
</Value>
			</Measurement>
		</Results>
	</Test>
	<Test Status="passed">
		<Name>test-xbt-heap,</Name>
		<Path>.</Path>
		<FullName>./test-xbt-heap,</FullName>
		<FullCommandLine>/home/navarrop/Developments/simgrid/Cmake/chdir_run.sh ../testsuite xbt/heap_bench</FullCommandLine>
		<Results>
			<NamedMeasurement type="numeric/double" name="Execution Time"><Value>0.811535</Value></NamedMeasurement>
			<NamedMeasurement type="text/string" name="Completion Status"><Value>Completed</Value></NamedMeasurement>
			<NamedMeasurement type="text/string" name="Command Line"><Value>/home/navarrop/Developments/simgrid/Cmake/chdir_run.sh ../testsuite xbt/heap_bench</Value></NamedMeasurement>
			<Measurement>
				<Value>Validity test complete!
Creation time  100 size heap : 10
Mean access time for a 100 size heap : 0.350332
Validity test complete!
Creation time  1000 size heap : 69
Mean access time for a 1000 size heap : 0.442229
</Value>
			</Measurement>
		</Results>
	</Test>
	<Test Status="passed">
		<Name>test-surf-lmm,</Name>
		<Path>.</Path>
		<FullName>./test-surf-lmm,</FullName>
		<FullCommandLine>/home/navarrop/Developments/simgrid/Cmake/chdir_run.sh ../testsuite surf/lmm_usage</FullCommandLine>
		<Results>
			<NamedMeasurement type="numeric/double" name="Execution Time"><Value>0.023196</Value></NamedMeasurement>
			<NamedMeasurement type="text/string" name="Completion Status"><Value>Completed</Value></NamedMeasurement>
			<NamedMeasurement type="text/string" name="Command Line"><Value>/home/navarrop/Developments/simgrid/Cmake/chdir_run.sh ../testsuite surf/lmm_usage</Value></NamedMeasurement>
			<Measurement>
				<Value>[0.000000] [surf_test/INFO] ***** Test 1 (Max-Min)
[0.000000] [surf_test/INFO] ***** Test 1 (Lagrange - Vegas)
[0.000000] [surf_test/INFO] ***** Test 1 (Lagrange - Reno)
[0.000000] [surf_test/INFO] ***** Test 2 (Max-Min)
[0.000000] [surf_test/INFO] ***** Test 2 (Lagrange - Vegas)
[0.000000] [surf_test/INFO] ***** Test 2 (Lagrange - Reno)
[0.000000] [surf_test/INFO] ***** Test 3 (Max-Min)
[0.000000] [surf_test/INFO] ***** Test 3 (Lagrange - Vegas)
[0.000000] [surf_test/INFO] ***** Test 3 (Lagrange - Reno)
</Value>
			</Measurement>
		</Results>
	</Test>
	<Test Status="passed">
		<Name>test-surf-maxmin,</Name>
		<Path>.</Path>
		<FullName>./test-surf-maxmin,</FullName>
		<FullCommandLine>/home/navarrop/Developments/simgrid/Cmake/chdir_run.sh ../testsuite surf/maxmin_bench</FullCommandLine>
		<Results>
			<NamedMeasurement type="numeric/double" name="Execution Time"><Value>0.412081</Value></NamedMeasurement>
			<NamedMeasurement type="text/string" name="Completion Status"><Value>Completed</Value></NamedMeasurement>
			<NamedMeasurement type="text/string" name="Command Line"><Value>/home/navarrop/Developments/simgrid/Cmake/chdir_run.sh ../testsuite surf/maxmin_bench</Value></NamedMeasurement>
			<Measurement>
				<Value>Starting to solve
One shot execution time for a total of 2000 constraints, 2000 variables with 80 active constraint each : 55239 microsecondes 
</Value>
			</Measurement>
		</Results>
	</Test>
	<Test Status="failed">
		<Name>test-surf-trace,</Name>
		<Path>.</Path>
		<FullName>./test-surf-trace,</FullName>
		<FullCommandLine>/home/navarrop/Developments/simgrid/Cmake/chdir_run.sh ../testsuite surf/trace_usage --surf-path=./surf/</FullCommandLine>
		<Results>
			<NamedMeasurement type="text/string" name="Exit Code"><Value>OTHER_FAULT</Value></NamedMeasurement>
			<NamedMeasurement type="text/string" name="Exit Value"><Value>5</Value></NamedMeasurement>
			<NamedMeasurement type="numeric/double" name="Execution Time"><Value>0.0274918</Value></NamedMeasurement>
			<NamedMeasurement type="text/string" name="Completion Status"><Value>Completed</Value></NamedMeasurement>
			<NamedMeasurement type="text/string" name="Command Line"><Value>/home/navarrop/Developments/simgrid/Cmake/chdir_run.sh ../testsuite surf/trace_usage --surf-path=./surf/</Value></NamedMeasurement>
			<Measurement>
				<Value>** SimGrid: UNCAUGHT EXCEPTION received on (0): category: unknown_err; value: 0
** Cannot open file 'trace_A.txt' (path=./)
** Thrown by () in this process
[0.000000] xbt/ex.c:117: [xbt_ex/CRITICAL] Cannot open file 'trace_A.txt' (path=./)

**   In tmgr_trace_new() at /home/navarrop/Developments/simgrid/src/surf/trace_mgr.c:119
**   In test() at /home/navarrop/Developments/simgrid/testsuite/surf/trace_usage.c:26

*** Exception executing: Child aborted</Value>
			</Measurement>
		</Results>
	</Test>
	<Test Status="failed">
		<Name>test-surf-usage,</Name>
		<Path>.</Path>
		<FullName>./test-surf-usage,</FullName>
		<FullCommandLine>/home/navarrop/Developments/simgrid/Cmake/chdir_run.sh ../testsuite surf/surf_usage --surf-path=./surf/ platform.xml</FullCommandLine>
		<Results>
			<NamedMeasurement type="text/string" name="Exit Code"><Value>OTHER_FAULT</Value></NamedMeasurement>
			<NamedMeasurement type="text/string" name="Exit Value"><Value>5</Value></NamedMeasurement>
			<NamedMeasurement type="numeric/double" name="Execution Time"><Value>0.03601</Value></NamedMeasurement>
			<NamedMeasurement type="text/string" name="Completion Status"><Value>Completed</Value></NamedMeasurement>
			<NamedMeasurement type="text/string" name="Command Line"><Value>/home/navarrop/Developments/simgrid/Cmake/chdir_run.sh ../testsuite surf/surf_usage --surf-path=./surf/ platform.xml</Value></NamedMeasurement>
			<Measurement>
				<Value>** SimGrid: UNCAUGHT EXCEPTION received on (0): category: unknown_err; value: 0
** Unable to open "--surf-path=./surf/"

** Thrown by () in this process
[0.000000] xbt/ex.c:117: [xbt_ex/CRITICAL] Unable to open "--surf-path=./surf/"


**   In surf_parse_open() at /home/navarrop/Developments/simgrid/src/surf/surfxml_parse.c:447
**   In parse_platform_file() at /home/navarrop/Developments/simgrid/src/surf/surfxml_parse.c:613
**   In test() at /home/navarrop/Developments/simgrid/testsuite/surf/surf_usage.c:61

*** Exception executing: Child aborted</Value>
			</Measurement>
		</Results>
	</Test>
	<Test Status="failed">
		<Name>test-surf-usage2,</Name>
		<Path>.</Path>
		<FullName>./test-surf-usage2,</FullName>
		<FullCommandLine>/home/navarrop/Developments/simgrid/Cmake/chdir_run.sh ../testsuite surf/surf_usage2 --surf-path=./surf/ platform.xml</FullCommandLine>
		<Results>
			<NamedMeasurement type="text/string" name="Exit Code"><Value>OTHER_FAULT</Value></NamedMeasurement>
			<NamedMeasurement type="text/string" name="Exit Value"><Value>5</Value></NamedMeasurement>
			<NamedMeasurement type="numeric/double" name="Execution Time"><Value>0.042527</Value></NamedMeasurement>
			<NamedMeasurement type="text/string" name="Completion Status"><Value>Completed</Value></NamedMeasurement>
			<NamedMeasurement type="text/string" name="Command Line"><Value>/home/navarrop/Developments/simgrid/Cmake/chdir_run.sh ../testsuite surf/surf_usage2 --surf-path=./surf/ platform.xml</Value></NamedMeasurement>
			<Measurement>
				<Value>** SimGrid: UNCAUGHT EXCEPTION received on (0): category: unknown_err; value: 0
** Unable to open "--surf-path=./surf/"

** Thrown by () in this process
[0.000000] xbt/ex.c:117: [xbt_ex/CRITICAL] Unable to open "--surf-path=./surf/"


**   In surf_parse_open() at /home/navarrop/Developments/simgrid/src/surf/surfxml_parse.c:447
**   In parse_platform_file() at /home/navarrop/Developments/simgrid/src/surf/surfxml_parse.c:613
**   In test() at /home/navarrop/Developments/simgrid/testsuite/surf/surf_usage2.c:56

*** Exception executing: Child aborted</Value>
			</Measurement>
		</Results>
	</Test>
	<Test Status="failed">
		<Name>test-simdag-1,</Name>
		<Path>.</Path>
		<FullName>./test-simdag-1,</FullName>
		<FullCommandLine>/home/navarrop/Developments/simgrid/Cmake/chdir_run.sh ../testsuite simdag/sd_test --surf-path=./simdag ./simdag/small_platform_variable.xml</FullCommandLine>
		<Results>
			<NamedMeasurement type="text/string" name="Exit Code"><Value>OTHER_FAULT</Value></NamedMeasurement>
			<NamedMeasurement type="text/string" name="Exit Value"><Value>5</Value></NamedMeasurement>
			<NamedMeasurement type="numeric/double" name="Execution Time"><Value>0.038861</Value></NamedMeasurement>
			<NamedMeasurement type="text/string" name="Completion Status"><Value>Completed</Value></NamedMeasurement>
			<NamedMeasurement type="text/string" name="Command Line"><Value>/home/navarrop/Developments/simgrid/Cmake/chdir_run.sh ../testsuite simdag/sd_test --surf-path=./simdag ./simdag/small_platform_variable.xml</Value></NamedMeasurement>
			<Measurement>
				<Value>** SimGrid: UNCAUGHT EXCEPTION received on (0): category: unknown_err; value: 0
** Unable to open "--surf-path=./simdag"

** Thrown by () in this process
[0.000000] xbt/ex.c:117: [xbt_ex/CRITICAL] Unable to open "--surf-path=./simdag"


**   In surf_parse_open() at /home/navarrop/Developments/simgrid/src/surf/surfxml_parse.c:447
**   In parse_platform_file() at /home/navarrop/Developments/simgrid/src/surf/surfxml_parse.c:613
**   In SD_create_environment() at /home/navarrop/Developments/simgrid/src/simdag/sd_global.c:161

*** Exception executing: Child aborted</Value>
			</Measurement>
		</Results>
	</Test>
	<Test Status="failed">
		<Name>test-simdag-2,</Name>
		<Path>.</Path>
		<FullName>./test-simdag-2,</FullName>
		<FullCommandLine>/home/navarrop/Developments/simgrid/Cmake/chdir_run.sh ../testsuite simdag/sd_test --surf-path=./simdag ../examples/msg/small_platform.xml</FullCommandLine>
		<Results>
			<NamedMeasurement type="text/string" name="Exit Code"><Value>OTHER_FAULT</Value></NamedMeasurement>
			<NamedMeasurement type="text/string" name="Exit Value"><Value>5</Value></NamedMeasurement>
			<NamedMeasurement type="numeric/double" name="Execution Time"><Value>0.0454481</Value></NamedMeasurement>
			<NamedMeasurement type="text/string" name="Completion Status"><Value>Completed</Value></NamedMeasurement>
			<NamedMeasurement type="text/string" name="Command Line"><Value>/home/navarrop/Developments/simgrid/Cmake/chdir_run.sh ../testsuite simdag/sd_test --surf-path=./simdag ../examples/msg/small_platform.xml</Value></NamedMeasurement>
			<Measurement>
				<Value>** SimGrid: UNCAUGHT EXCEPTION received on (0): category: unknown_err; value: 0
** Unable to open "--surf-path=./simdag"

** Thrown by () in this process
[0.000000] xbt/ex.c:117: [xbt_ex/CRITICAL] Unable to open "--surf-path=./simdag"


**   In surf_parse_open() at /home/navarrop/Developments/simgrid/src/surf/surfxml_parse.c:447
**   In parse_platform_file() at /home/navarrop/Developments/simgrid/src/surf/surfxml_parse.c:613
**   In SD_create_environment() at /home/navarrop/Developments/simgrid/src/simdag/sd_global.c:161

*** Exception executing: Child aborted</Value>
			</Measurement>
		</Results>
	</Test>
	<Test Status="failed">
		<Name>test-simdag-3,</Name>
		<Path>.</Path>
		<FullName>./test-simdag-3,</FullName>
		<FullCommandLine>/home/navarrop/Developments/simgrid/Cmake/chdir_run.sh ../testsuite simdag/sd_test --surf-path=./simdag ../examples/msg/msg_platform.xml</FullCommandLine>
		<Results>
			<NamedMeasurement type="text/string" name="Exit Code"><Value>OTHER_FAULT</Value></NamedMeasurement>
			<NamedMeasurement type="text/string" name="Exit Value"><Value>5</Value></NamedMeasurement>
			<NamedMeasurement type="numeric/double" name="Execution Time"><Value>0.0465882</Value></NamedMeasurement>
			<NamedMeasurement type="text/string" name="Completion Status"><Value>Completed</Value></NamedMeasurement>
			<NamedMeasurement type="text/string" name="Command Line"><Value>/home/navarrop/Developments/simgrid/Cmake/chdir_run.sh ../testsuite simdag/sd_test --surf-path=./simdag ../examples/msg/msg_platform.xml</Value></NamedMeasurement>
			<Measurement>
				<Value>** SimGrid: UNCAUGHT EXCEPTION received on (0): category: unknown_err; value: 0
** Unable to open "--surf-path=./simdag"

** Thrown by () in this process
[0.000000] xbt/ex.c:117: [xbt_ex/CRITICAL] Unable to open "--surf-path=./simdag"


**   In surf_parse_open() at /home/navarrop/Developments/simgrid/src/surf/surfxml_parse.c:447
**   In parse_platform_file() at /home/navarrop/Developments/simgrid/src/surf/surfxml_parse.c:613
**   In SD_create_environment() at /home/navarrop/Developments/simgrid/src/simdag/sd_global.c:161

*** Exception executing: Child aborted</Value>
			</Measurement>
		</Results>
	</Test>
	<Test Status="passed">
		<Name>tesh-log-large,</Name>
		<Path>.</Path>
		<FullName>./tesh-log-large,</FullName>
		<FullCommandLine>/home/navarrop/Developments/simgrid/tools/tesh/tesh --cd ../teshsuite xbt/log_large_test.tesh</FullCommandLine>
		<Results>
			<NamedMeasurement type="numeric/double" name="Execution Time"><Value>0.0659399</Value></NamedMeasurement>
			<NamedMeasurement type="text/string" name="Completion Status"><Value>Completed</Value></NamedMeasurement>
			<NamedMeasurement type="text/string" name="Command Line"><Value>/home/navarrop/Developments/simgrid/tools/tesh/tesh --cd ../teshsuite xbt/log_large_test.tesh</Value></NamedMeasurement>
			<Measurement>
				<Value>[0.000006] [tesh/INFO] Change directory to ../teshsuite
[0.000033] [tesh/INFO] Test suite `xbt/log_large_test'
[0.000068] [tesh/INFO] [xbt/log_large_test:2] Check that the dynamic version of the log simple layout works
[0.000076] [tesh/INFO] [xbt/log_large_test:3] $SG_EXENV_TEST xbt/log_large_test
[0.027671] [tesh/INFO] [xbt/log_large_test:118] Check that the dynamic version of the log formated layout works
[0.027688] [tesh/INFO] [xbt/log_large_test:119] $SG_EXENV_TEST xbt/log_large_test --log=root.fmt:%m%n
[0.047112] [tesh/INFO] Test suite `xbt/log_large_test' OK
</Value>
			</Measurement>
		</Results>
	</Test>
	<Test Status="passed">
		<Name>tesh-log-parallel,</Name>
		<Path>.</Path>
		<FullName>./tesh-log-parallel,</FullName>
		<FullCommandLine>/home/navarrop/Developments/simgrid/tools/tesh/tesh --cd ../teshsuite xbt/parallel_log_crashtest.tesh</FullCommandLine>
		<Results>
			<NamedMeasurement type="numeric/double" name="Execution Time"><Value>0.0681658</Value></NamedMeasurement>
			<NamedMeasurement type="text/string" name="Completion Status"><Value>Completed</Value></NamedMeasurement>
			<NamedMeasurement type="text/string" name="Command Line"><Value>/home/navarrop/Developments/simgrid/tools/tesh/tesh --cd ../teshsuite xbt/parallel_log_crashtest.tesh</Value></NamedMeasurement>
			<Measurement>
				<Value>[0.000006] [tesh/INFO] Change directory to ../teshsuite
[0.000033] [tesh/INFO] Test suite `xbt/parallel_log_crashtest'
[0.000072] [tesh/INFO] [xbt/parallel_log_crashtest:3] Try to crash the log mecanism by using it in parallel with a lot of threads
[0.000078] [tesh/INFO] [xbt/parallel_log_crashtest:4] xbt/parallel_log_crashtest --log=root.fmt:%m%n
[0.052472] [tesh/INFO] Test suite `xbt/parallel_log_crashtest' OK
</Value>
			</Measurement>
		</Results>
	</Test>
	<Test Status="passed">
		<Name>tesh-gras-dd-mem,</Name>
		<Path>.</Path>
		<FullName>./tesh-gras-dd-mem,</FullName>
		<FullCommandLine>/home/navarrop/Developments/simgrid/tools/tesh/tesh --cd ../teshsuite gras/datadesc/datadesc_mem.tesh</FullCommandLine>
		<Results>
			<NamedMeasurement type="numeric/double" name="Execution Time"><Value>0.051296</Value></NamedMeasurement>
			<NamedMeasurement type="text/string" name="Completion Status"><Value>Completed</Value></NamedMeasurement>
			<NamedMeasurement type="text/string" name="Command Line"><Value>/home/navarrop/Developments/simgrid/tools/tesh/tesh --cd ../teshsuite gras/datadesc/datadesc_mem.tesh</Value></NamedMeasurement>
			<Measurement>
				<Value>[0.000006] [tesh/INFO] Change directory to ../teshsuite
[0.000036] [tesh/INFO] Test suite `gras/datadesc/datadesc_mem'
[0.000083] [tesh/INFO] [gras/datadesc/datadesc_mem:2] Check the marshaling facilities (trying to to do a in-memory copy)
[0.000092] [tesh/INFO] [gras/datadesc/datadesc_mem:3] gras/datadesc/datadesc_usage --copy --log=root.fmt:%m%n
[0.033007] [tesh/INFO] Test suite `gras/datadesc/datadesc_mem' OK
</Value>
			</Measurement>
		</Results>
	</Test>
	<Test Status="passed">
		<Name>tesh-gras-dd-rw,</Name>
		<Path>.</Path>
		<FullName>./tesh-gras-dd-rw,</FullName>
		<FullCommandLine>/home/navarrop/Developments/simgrid/tools/tesh/tesh --cd ../teshsuite gras/datadesc/datadesc_rw.tesh</FullCommandLine>
		<Results>
			<NamedMeasurement type="numeric/double" name="Execution Time"><Value>0.0725279</Value></NamedMeasurement>
			<NamedMeasurement type="text/string" name="Completion Status"><Value>Completed</Value></NamedMeasurement>
			<NamedMeasurement type="text/string" name="Command Line"><Value>/home/navarrop/Developments/simgrid/tools/tesh/tesh --cd ../teshsuite gras/datadesc/datadesc_rw.tesh</Value></NamedMeasurement>
			<Measurement>
				<Value>[0.000008] [tesh/INFO] Change directory to ../teshsuite
[0.000049] [tesh/INFO] Test suite `gras/datadesc/datadesc_rw'
[0.000104] [tesh/INFO] [gras/datadesc/datadesc_rw:2] Check the marshaling facilities (trying to read what we write)
[0.000117] [tesh/INFO] [gras/datadesc/datadesc_rw:3] rm -f datadesc_usage.out
[0.002519] [tesh/INFO] [gras/datadesc/datadesc_rw:5] gras/datadesc/datadesc_usage --write --log=root.fmt:%m%n
[0.028965] [tesh/INFO] [gras/datadesc/datadesc_rw:28] gras/datadesc/datadesc_usage --read --log=root.fmt:%m%n
[0.054069] [tesh/INFO] Test suite `gras/datadesc/datadesc_rw' OK
</Value>
			</Measurement>
		</Results>
	</Test>
	<Test Status="passed">
		<Name>tesh-gras-dd-r_little32_4,</Name>
		<Path>.</Path>
		<FullName>./tesh-gras-dd-r_little32_4,</FullName>
		<FullCommandLine>/home/navarrop/Developments/simgrid/tools/tesh/tesh --cd ../teshsuite gras/datadesc/datadesc_r_little32_4.tesh</FullCommandLine>
		<Results>
			<NamedMeasurement type="numeric/double" name="Execution Time"><Value>0.0623081</Value></NamedMeasurement>
			<NamedMeasurement type="text/string" name="Completion Status"><Value>Completed</Value></NamedMeasurement>
			<NamedMeasurement type="text/string" name="Command Line"><Value>/home/navarrop/Developments/simgrid/tools/tesh/tesh --cd ../teshsuite gras/datadesc/datadesc_r_little32_4.tesh</Value></NamedMeasurement>
			<Measurement>
				<Value>[0.000014] [tesh/INFO] Change directory to ../teshsuite
[0.000089] [tesh/INFO] Test suite `gras/datadesc/datadesc_r_little32_4'
[0.000188] [tesh/INFO] [gras/datadesc/datadesc_r_little32_4:2] Check the marshaling facilities (trying to read the result of linux/x86)
[0.000219] [tesh/INFO] [gras/datadesc/datadesc_r_little32_4:3] gras/datadesc/datadesc_usage --read ${srcdir:=.}/gras/datadesc/datadesc.little32_4 --log=root.fmt:%m%n
[0.037322] [tesh/INFO] Test suite `gras/datadesc/datadesc_r_little32_4' OK
</Value>
			</Measurement>
		</Results>
	</Test>
	<Test Status="passed">
		<Name>tesh-gras-dd-r_little64,</Name>
		<Path>.</Path>
		<FullName>./tesh-gras-dd-r_little64,</FullName>
		<FullCommandLine>/home/navarrop/Developments/simgrid/tools/tesh/tesh --cd ../teshsuite gras/datadesc/datadesc_r_little64.tesh</FullCommandLine>
		<Results>
			<NamedMeasurement type="numeric/double" name="Execution Time"><Value>0.0487859</Value></NamedMeasurement>
			<NamedMeasurement type="text/string" name="Completion Status"><Value>Completed</Value></NamedMeasurement>
			<NamedMeasurement type="text/string" name="Command Line"><Value>/home/navarrop/Developments/simgrid/tools/tesh/tesh --cd ../teshsuite gras/datadesc/datadesc_r_little64.tesh</Value></NamedMeasurement>
			<Measurement>
				<Value>[0.000006] [tesh/INFO] Change directory to ../teshsuite
[0.000036] [tesh/INFO] Test suite `gras/datadesc/datadesc_r_little64'
[0.000073] [tesh/INFO] [gras/datadesc/datadesc_r_little64:2] Check the marshaling facilities (trying to read the result of linux/amd64)
[0.000085] [tesh/INFO] [gras/datadesc/datadesc_r_little64:3] $SG_TEST_EXENV gras/datadesc/datadesc_usage --read ${srcdir:=.}/gras/datadesc/datadesc.little64 --log=root.fmt:%m%n $ARGS
[0.033886] [tesh/INFO] Test suite `gras/datadesc/datadesc_r_little64' OK
</Value>
			</Measurement>
		</Results>
	</Test>
	<Test Status="failed">
		<Name>tesh-gras-dd-r_big32_8,</Name>
		<Path>.</Path>
		<FullName>./tesh-gras-dd-r_big32_8,</FullName>
		<FullCommandLine>/home/navarrop/Developments/simgrid/tools/tesh/tesh --cd ../teshsuite gras/datadesc/datadesc_r_big32_8.tesh</FullCommandLine>
		<Results>
			<NamedMeasurement type="text/string" name="Exit Code"><Value>Failed</Value></NamedMeasurement>
			<NamedMeasurement type="text/string" name="Exit Value"><Value>2</Value></NamedMeasurement>
			<NamedMeasurement type="numeric/double" name="Execution Time"><Value>0.0762742</Value></NamedMeasurement>
			<NamedMeasurement type="text/string" name="Completion Status"><Value>Completed</Value></NamedMeasurement>
			<NamedMeasurement type="text/string" name="Command Line"><Value>/home/navarrop/Developments/simgrid/tools/tesh/tesh --cd ../teshsuite gras/datadesc/datadesc_r_big32_8.tesh</Value></NamedMeasurement>
			<Measurement>
				<Value>[0.000006] [tesh/INFO] Change directory to ../teshsuite
[0.000078] [tesh/INFO] Test suite `gras/datadesc/datadesc_r_big32_8'
[0.000123] [tesh/INFO] [gras/datadesc/datadesc_r_big32_8:2] Check the marshaling facilities (trying to read the result of ppc or sparc)
[0.000132] [tesh/INFO] [gras/datadesc/datadesc_r_big32_8:3] gras/datadesc/datadesc_usage --read ${srcdir:=.}/gras/datadesc/datadesc.big32_8 --log=root.fmt:%m%n
[0.051363] run_context.c:603: [tesh/ERROR] Test suite `gras/datadesc/datadesc_r_big32_8': NOK (&lt;gras/datadesc/datadesc_r_big32_8:3&gt; got signal SIGABRT)
[0.051514] run_context.c:663: [tesh/ERROR] Output of &lt;gras/datadesc/datadesc_r_big32_8:3&gt; mismatch:
- Read from file ./gras/datadesc/datadesc.big32_8
- ---- Test on integer ----
- ---- Test on float ----
- ---- Test on double ----
- ---- Test on fixed array ----
- ---- Test on a reference to an integer ----
- ---- Test on string (ref to dynamic array) ----
- ---- Test on dynar containing integers ----
- ---- Test on all possible struct having 3 fields (49 structs) ----
- ---- Test on homogeneous structure ----
- ---- Test on heterogeneous structure ----
- ---- Test on nested structures ----
- ---- Test on chained list ----
- ---- Test on graph (cyclique chained list of 3 items) ----
- ---- Test on dynar containing integers ----
- ---- Test on the PBIO IEEE struct (also tests GRAS DEFINE TYPE) ----
- ---- Test on struct containing dynamic array and its size (cbps test) ----
- Exiting GRAS
+ Read from file datadesc.big32_8
+ ** SimGrid: UNCAUGHT EXCEPTION received on caraja(29594): category: mismatch; value: 0
+ ** Incoming bytes do not look like a GRAS message (header='....(05000000)'  not 'GRAS')
+ ** Thrown by () in this process
+ Incoming bytes do not look like a GRAS message (header='....(05000000)'  not 'GRAS')
+ 
+ **   In gras_msg_recv() at /home/navarrop/Developments/simgrid/src/gras/Msg/rl_msg.c:116
+ **   In listener_function() at /home/navarrop/Developments/simgrid/src/gras/Msg/gras_msg_listener.c:42
+ **   In xbt_thread_create_wrapper() at /home/navarrop/Developments/simgrid/src/xbt/xbt_rl_synchro.c:37
+ **   In wrapper_start_routine() at /home/navarrop/Developments/simgrid/src/xbt/xbt_os_thread.c:137
+ **   In start_thread() at ??:0
+ **   In ?? at /lib/libc.so.6(clone+0x6d) [0x7f14967127bd]
[0.051530] run_context.c:667: [tesh/ERROR] Test suite `gras/datadesc/datadesc_r_big32_8': NOK (&lt;gras/datadesc/datadesc_r_big32_8:3&gt; output mismatch)
</Value>
			</Measurement>
		</Results>
	</Test>
	<Test Status="passed">
		<Name>tesh-gras-dd-r_big32_8_4,</Name>
		<Path>.</Path>
		<FullName>./tesh-gras-dd-r_big32_8_4,</FullName>
		<FullCommandLine>/home/navarrop/Developments/simgrid/tools/tesh/tesh --cd ../teshsuite gras/datadesc/datadesc_r_big32_8_4.tesh</FullCommandLine>
		<Results>
			<NamedMeasurement type="numeric/double" name="Execution Time"><Value>0.059844</Value></NamedMeasurement>
			<NamedMeasurement type="text/string" name="Completion Status"><Value>Completed</Value></NamedMeasurement>
			<NamedMeasurement type="text/string" name="Command Line"><Value>/home/navarrop/Developments/simgrid/tools/tesh/tesh --cd ../teshsuite gras/datadesc/datadesc_r_big32_8_4.tesh</Value></NamedMeasurement>
			<Measurement>
				<Value>[0.000006] [tesh/INFO] Change directory to ../teshsuite
[0.000034] [tesh/INFO] Test suite `gras/datadesc/datadesc_r_big32_8_4'
[0.000069] [tesh/INFO] [gras/datadesc/datadesc_r_big32_8_4:2] Check the marshaling facilities (trying to read the result of AIX)
[0.000078] [tesh/INFO] [gras/datadesc/datadesc_r_big32_8_4:3] gras/datadesc/datadesc_usage --read ${srcdir:=.}/gras/datadesc/datadesc.big32_8_4 --log=root.fmt:%m%n
[0.037419] [tesh/INFO] Test suite `gras/datadesc/datadesc_r_big32_8_4' OK
</Value>
			</Measurement>
		</Results>
	</Test>
	<Test Status="failed">
		<Name>tesh-gras-dd-r_big32_2,</Name>
		<Path>.</Path>
		<FullName>./tesh-gras-dd-r_big32_2,</FullName>
		<FullCommandLine>/home/navarrop/Developments/simgrid/tools/tesh/tesh --cd ../teshsuite gras/datadesc/datadesc_r_big32_2.tesh</FullCommandLine>
		<Results>
			<NamedMeasurement type="text/string" name="Exit Code"><Value>Failed</Value></NamedMeasurement>
			<NamedMeasurement type="text/string" name="Exit Value"><Value>2</Value></NamedMeasurement>
			<NamedMeasurement type="numeric/double" name="Execution Time"><Value>0.0934849</Value></NamedMeasurement>
			<NamedMeasurement type="text/string" name="Completion Status"><Value>Completed</Value></NamedMeasurement>
			<NamedMeasurement type="text/string" name="Command Line"><Value>/home/navarrop/Developments/simgrid/tools/tesh/tesh --cd ../teshsuite gras/datadesc/datadesc_r_big32_2.tesh</Value></NamedMeasurement>
			<Measurement>
				<Value>[0.000008] [tesh/INFO] Change directory to ../teshsuite
[0.000048] [tesh/INFO] Test suite `gras/datadesc/datadesc_r_big32_2'
[0.000098] [tesh/INFO] [gras/datadesc/datadesc_r_big32_2:2] Check the marshaling facilities (trying to read the result of linux/mips?)
[0.000112] [tesh/INFO] [gras/datadesc/datadesc_r_big32_2:3] gras/datadesc/datadesc_usage --read ${srcdir:=.}/gras/datadesc/datadesc.big32_2 --log=root.fmt:%m%n
[0.061798] run_context.c:603: [tesh/ERROR] Test suite `gras/datadesc/datadesc_r_big32_2': NOK (&lt;gras/datadesc/datadesc_r_big32_2:3&gt; got signal SIGABRT)
[0.061909] run_context.c:663: [tesh/ERROR] Output of &lt;gras/datadesc/datadesc_r_big32_2:3&gt; mismatch:
- Read from file ./gras/datadesc/datadesc.big32_2
- ---- Test on integer ----
- ---- Test on float ----
- ---- Test on double ----
- ---- Test on fixed array ----
- ---- Test on a reference to an integer ----
- ---- Test on string (ref to dynamic array) ----
- ---- Test on dynar containing integers ----
- ---- Test on all possible struct having 3 fields (49 structs) ----
- ---- Test on homogeneous structure ----
- ---- Test on heterogeneous structure ----
- ---- Test on nested structures ----
- ---- Test on chained list ----
- ---- Test on graph (cyclique chained list of 3 items) ----
- ---- Test on dynar containing integers ----
- ---- Test on the PBIO IEEE struct (also tests GRAS DEFINE TYPE) ----
- ---- Test on struct containing dynamic array and its size (cbps test) ----
- Exiting GRAS
+ Read from file datadesc.big32_2
+ ** SimGrid: UNCAUGHT EXCEPTION received on caraja(29674): category: mismatch; value: 0
+ ** Incoming bytes do not look like a GRAS message (header='....(08000000)'  not 'GRAS')
+ ** Thrown by () in this process
+ Incoming bytes do not look like a GRAS message (header='....(08000000)'  not 'GRAS')
+ 
+ **   In gras_msg_recv() at /home/navarrop/Developments/simgrid/src/gras/Msg/rl_msg.c:116
+ **   In listener_function() at /home/navarrop/Developments/simgrid/src/gras/Msg/gras_msg_listener.c:42
+ **   In xbt_thread_create_wrapper() at /home/navarrop/Developments/simgrid/src/xbt/xbt_rl_synchro.c:37
+ **   In wrapper_start_routine() at /home/navarrop/Developments/simgrid/src/xbt/xbt_os_thread.c:137
+ **   In start_thread() at ??:0
+ **   In ?? at /lib/libc.so.6(clone+0x6d) [0x7f9e9e4257bd]
[0.061919] run_context.c:667: [tesh/ERROR] Test suite `gras/datadesc/datadesc_r_big32_2': NOK (&lt;gras/datadesc/datadesc_r_big32_2:3&gt; output mismatch)
</Value>
			</Measurement>
		</Results>
	</Test>
	<Test Status="passed">
		<Name>tesh-gras-msg_handle-rl,</Name>
		<Path>.</Path>
		<FullName>./tesh-gras-msg_handle-rl,</FullName>
		<FullCommandLine>/home/navarrop/Developments/simgrid/tools/tesh/tesh --cd ../teshsuite gras/msg_handle/test_rl</FullCommandLine>
		<Results>
			<NamedMeasurement type="numeric/double" name="Execution Time"><Value>5.04271</Value></NamedMeasurement>
			<NamedMeasurement type="text/string" name="Completion Status"><Value>Completed</Value></NamedMeasurement>
			<NamedMeasurement type="text/string" name="Command Line"><Value>/home/navarrop/Developments/simgrid/tools/tesh/tesh --cd ../teshsuite gras/msg_handle/test_rl</Value></NamedMeasurement>
			<Measurement>
				<Value>[0.000006] [tesh/INFO] Change directory to ../teshsuite
[0.000033] [tesh/INFO] Test suite `gras/msg_handle/test_rl'
[0.000084] [tesh/INFO] [gras/msg_handle/test_rl:3] $SG_TEST_ENV gras/msg_handle/msg_handle_server$EXEEXT 4002 127.0.0.1:4003 --log=root.fmt=%P:%t%e%m%n $ARGS (background command)
[0.008537] [tesh/INFO] [gras/msg_handle/test_rl:12] $SG_TEST_ENV gras/msg_handle/msg_handle_client$EXEEXT 4003 127.0.0.1:4002 --log=root.fmt=%P:%t%e%m%n $ARGS (background command)
[5.024293] [tesh/INFO] Test suite `gras/msg_handle/test_rl' OK
</Value>
			</Measurement>
		</Results>
	</Test>
	<Test Status="failed">
		<Name>tesh-gras-msg_handle-sg-32,</Name>
		<Path>.</Path>
		<FullName>./tesh-gras-msg_handle-sg-32,</FullName>
		<FullCommandLine>/home/navarrop/Developments/simgrid/tools/tesh/tesh --cd ../teshsuite gras/msg_handle/test_sg_32</FullCommandLine>
		<Results>
			<NamedMeasurement type="text/string" name="Exit Code"><Value>Failed</Value></NamedMeasurement>
			<NamedMeasurement type="text/string" name="Exit Value"><Value>2</Value></NamedMeasurement>
			<NamedMeasurement type="numeric/double" name="Execution Time"><Value>0.065048</Value></NamedMeasurement>
			<NamedMeasurement type="text/string" name="Completion Status"><Value>Completed</Value></NamedMeasurement>
			<NamedMeasurement type="text/string" name="Command Line"><Value>/home/navarrop/Developments/simgrid/tools/tesh/tesh --cd ../teshsuite gras/msg_handle/test_sg_32</Value></NamedMeasurement>
			<Measurement>
				<Value>[0.000006] [tesh/INFO] Change directory to ../teshsuite
[0.000035] [tesh/INFO] Test suite `gras/msg_handle/test_sg_32'
[0.000073] [tesh/INFO] [gras/msg_handle/test_sg_32:1] Runs the 'msg_handle' test within the simulator (simulation times valid for 32bits architectures)
[0.000086] [tesh/INFO] [gras/msg_handle/test_sg_32:3] $SG_TEST_EXENV gras/msg_handle/msg_handle_simulator$EXEEXT ${srcdir:=.}/../examples/msg/small_platform.xml ${srcdir:=.}/gras/msg_handle/msg_handle.xml
[0.019727] run_context.c:663: [tesh/ERROR] Output of &lt;gras/msg_handle/test_sg_32:3&gt; mismatch:
  [Tremblay:server:(1) 0.000000] [test/INFO] Launch server (port=4000)
  [Fafard:client:(2) 0.000000] [test/INFO] Launch client (port=4000)
- [Tremblay:server:(1) 1.000030] [test/INFO] Initialization done.
- [Tremblay:server:(1) 1.000030] [test/INFO] gras_msg_handle(0) works as expected (immediate timeout)
- [Fafard:client:(2) 1.000030] [test/INFO] Initialization done.
- [Tremblay:server:(1) 2.000030] [test/INFO] gras_msg_handle(1) works as expected (delayed timeout)
- [Tremblay:server:(1) 5.000030] [test/INFO] Unlock pal
- [Tremblay:server:(1) 5.002006] [gras/INFO] Exiting GRAS
- [Fafard:client:(2) 5.002006] [test/INFO] Got the message
- [Fafard:client:(2) 5.002006] [test/INFO] gras_msg_handle(-1) works as expected (locked)
- [Fafard:client:(2) 5.002006] [gras/INFO] Exiting GRAS
+ [Tremblay:server:(1) 1.000312] [test/INFO] Initialization done.
+ [Tremblay:server:(1) 1.000312] [test/INFO] gras_msg_handle(0) works as expected (immediate timeout)
+ [Fafard:client:(2) 1.000312] [test/INFO] Initialization done.
+ [Tremblay:server:(1) 2.000312] [test/INFO] gras_msg_handle(1) works as expected (delayed timeout)
+ [Tremblay:server:(1) 5.000312] [test/INFO] Unlock pal
+ [Tremblay:server:(1) 5.020863] [gras/INFO] Exiting GRAS
+ [Fafard:client:(2) 5.020863] [test/INFO] Got the message
+ [Fafard:client:(2) 5.020863] [test/INFO] gras_msg_handle(-1) works as expected (locked)
+ [Fafard:client:(2) 5.020863] [gras/INFO] Exiting GRAS
[0.019743] run_context.c:667: [tesh/ERROR] Test suite `gras/msg_handle/test_sg_32': NOK (&lt;gras/msg_handle/test_sg_32:3&gt; output mismatch)
</Value>
			</Measurement>
		</Results>
	</Test>
	<Test Status="passed">
		<Name>tesh-gras-empty_main-rl,</Name>
		<Path>.</Path>
		<FullName>./tesh-gras-empty_main-rl,</FullName>
		<FullCommandLine>/home/navarrop/Developments/simgrid/tools/tesh/tesh --cd ../teshsuite gras/empty_main/test_rl</FullCommandLine>
		<Results>
			<NamedMeasurement type="numeric/double" name="Execution Time"><Value>0.0500782</Value></NamedMeasurement>
			<NamedMeasurement type="text/string" name="Completion Status"><Value>Completed</Value></NamedMeasurement>
			<NamedMeasurement type="text/string" name="Command Line"><Value>/home/navarrop/Developments/simgrid/tools/tesh/tesh --cd ../teshsuite gras/empty_main/test_rl</Value></NamedMeasurement>
			<Measurement>
				<Value>[0.000006] [tesh/INFO] Change directory to ../teshsuite
[0.000035] [tesh/INFO] Test suite `gras/empty_main/test_rl'
[0.000079] [tesh/INFO] [gras/empty_main/test_rl:3] $SG_TEST_ENV ./gras/empty_main/empty_main_function$EXEEXT --log=root.fmt=%P:%t%e%m%n $ARGS (background command)
[0.027094] [tesh/INFO] Test suite `gras/empty_main/test_rl' OK
</Value>
			</Measurement>
		</Results>
	</Test>
	<Test Status="passed">
		<Name>tesh-gras-empty_main-sg,</Name>
		<Path>.</Path>
		<FullName>./tesh-gras-empty_main-sg,</FullName>
		<FullCommandLine>/home/navarrop/Developments/simgrid/tools/tesh/tesh --cd ../teshsuite gras/empty_main/test_sg</FullCommandLine>
		<Results>
			<NamedMeasurement type="numeric/double" name="Execution Time"><Value>0.038547</Value></NamedMeasurement>
			<NamedMeasurement type="text/string" name="Completion Status"><Value>Completed</Value></NamedMeasurement>
			<NamedMeasurement type="text/string" name="Command Line"><Value>/home/navarrop/Developments/simgrid/tools/tesh/tesh --cd ../teshsuite gras/empty_main/test_sg</Value></NamedMeasurement>
			<Measurement>
				<Value>[0.000006] [tesh/INFO] Change directory to ../teshsuite
[0.000033] [tesh/INFO] Test suite `gras/empty_main/test_sg'
[0.000066] [tesh/INFO] [gras/empty_main/test_sg:1] Runs the 'empty_main' test within the simulator
[0.000078] [tesh/INFO] [gras/empty_main/test_sg:3] $SG_TEST_EXENV ./gras/empty_main/empty_main_simulator${EXEEXT:=} ${srcdir:=.}/../examples/msg/small_platform.xml ${srcdir:=.}/gras/empty_main/empty_main.xml
[0.020409] [tesh/INFO] Test suite `gras/empty_main/test_sg' OK
</Value>
			</Measurement>
		</Results>
	</Test>
	<Test Status="failed">
		<Name>tesh-gras-small_sleep-sg-32,</Name>
		<Path>.</Path>
		<FullName>./tesh-gras-small_sleep-sg-32,</FullName>
		<FullCommandLine>/home/navarrop/Developments/simgrid/tools/tesh/tesh --cd ../teshsuite gras/small_sleep/test_sg_32</FullCommandLine>
		<Results>
			<NamedMeasurement type="text/string" name="Exit Code"><Value>Failed</Value></NamedMeasurement>
			<NamedMeasurement type="text/string" name="Exit Value"><Value>2</Value></NamedMeasurement>
			<NamedMeasurement type="numeric/double" name="Execution Time"><Value>0.035908</Value></NamedMeasurement>
			<NamedMeasurement type="text/string" name="Completion Status"><Value>Completed</Value></NamedMeasurement>
			<NamedMeasurement type="text/string" name="Command Line"><Value>/home/navarrop/Developments/simgrid/tools/tesh/tesh --cd ../teshsuite gras/small_sleep/test_sg_32</Value></NamedMeasurement>
			<Measurement>
				<Value>[0.000006] [tesh/INFO] Change directory to ../teshsuite
[0.000034] [tesh/INFO] Test suite `gras/small_sleep/test_sg_32'
[0.000069] [tesh/INFO] [gras/small_sleep/test_sg_32:1] Runs the 'small_sleep' test within the simulator
[0.000081] [tesh/INFO] [gras/small_sleep/test_sg_32:3] $SG_TEST_EXENV ./gras/small_sleep/small_sleep_simulator${EXEEXT:=} ${srcdir:=.}/../examples/msg/small_platform.xml ${srcdir:=.}/gras/small_sleep/small_sleep.xml
[0.020982] run_context.c:663: [tesh/ERROR] Output of &lt;gras/small_sleep/test_sg_32:3&gt; mismatch:
  [Tremblay:function:(1) 0.000000] [test/INFO] Let's go 1E-5
  [Tremblay:function:(1) 0.000010] [test/INFO] Let's go 1E-10
  [Tremblay:function:(1) 0.000020] [test/INFO] Let's go 1E-15
- [Tremblay:function:(1) 0.000030] [test/INFO] Let's go 1E-20
- [Tremblay:function:(1) 0.000030] [test/INFO] done
- [Tremblay:function:(1) 0.000030] [gras/INFO] Exiting GRAS
+ [Tremblay:function:(1) 0.000020] [test/INFO] Let's go 1E-20
+ [Tremblay:function:(1) 0.000020] [test/INFO] done
+ [Tremblay:function:(1) 0.000020] [gras/INFO] Exiting GRAS
[0.021002] run_context.c:667: [tesh/ERROR] Test suite `gras/small_sleep/test_sg_32': NOK (&lt;gras/small_sleep/test_sg_32:3&gt; output mismatch)
</Value>
			</Measurement>
		</Results>
	</Test>
	<Test Status="passed">
		<Name>tesh-simdag-reinit_costs,</Name>
		<Path>.</Path>
		<FullName>./tesh-simdag-reinit_costs,</FullName>
		<FullCommandLine>/home/navarrop/Developments/simgrid/tools/tesh/tesh --cd ../teshsuite simdag/network/test_reinit_costs.tesh</FullCommandLine>
		<Results>
			<NamedMeasurement type="numeric/double" name="Execution Time"><Value>0.0415311</Value></NamedMeasurement>
			<NamedMeasurement type="text/string" name="Completion Status"><Value>Completed</Value></NamedMeasurement>
			<NamedMeasurement type="text/string" name="Command Line"><Value>/home/navarrop/Developments/simgrid/tools/tesh/tesh --cd ../teshsuite simdag/network/test_reinit_costs.tesh</Value></NamedMeasurement>
			<Measurement>
				<Value>[0.000006] [tesh/INFO] Change directory to ../teshsuite
[0.000036] [tesh/INFO] Test suite `simdag/network/test_reinit_costs'
[0.000072] [tesh/INFO] [simdag/network/test_reinit_costs:2] Reinitialization test
[0.000084] [tesh/INFO] [simdag/network/test_reinit_costs:4] simdag/network/test_reinit_costs ${srcdir:=.}/simdag/network/platform_2p_1sl.xml --surf-path=${srcdir} --log=sd_kernel.thres=warning
[0.017075] [tesh/INFO] Test suite `simdag/network/test_reinit_costs' OK
</Value>
			</Measurement>
		</Results>
	</Test>
	<Test Status="passed">
		<Name>tesh-simdag-parser,</Name>
		<Path>.</Path>
		<FullName>./tesh-simdag-parser,</FullName>
		<FullCommandLine>/home/navarrop/Developments/simgrid/tools/tesh/tesh --cd ../teshsuite simdag/platforms/basic_parsing_test.tesh</FullCommandLine>
		<Results>
			<NamedMeasurement type="numeric/double" name="Execution Time"><Value>0.435777</Value></NamedMeasurement>
			<NamedMeasurement type="text/string" name="Completion Status"><Value>Completed</Value></NamedMeasurement>
			<NamedMeasurement type="text/string" name="Command Line"><Value>/home/navarrop/Developments/simgrid/tools/tesh/tesh --cd ../teshsuite simdag/platforms/basic_parsing_test.tesh</Value></NamedMeasurement>
			<Measurement>
				<Value>[0.000006] [tesh/INFO] Change directory to ../teshsuite
[0.000034] [tesh/INFO] Test suite `simdag/platforms/basic_parsing_test'
[0.000074] [tesh/INFO] [simdag/platforms/basic_parsing_test:1] simdag/platforms/basic_parsing_test --log=xbt_cfg.thres:critical --cfg=path:${srcdir:=.}/simdag/platforms one_cluster_foreach.xml
[0.027368] [tesh/INFO] [simdag/platforms/basic_parsing_test:2] simdag/platforms/basic_parsing_test --log=xbt_cfg.thres:critical --cfg=path:${srcdir:=.}/simdag/platforms one_cluster_one_host_random.xml
[0.046525] [tesh/INFO] [simdag/platforms/basic_parsing_test:3] simdag/platforms/basic_parsing_test --log=xbt_cfg.thres:critical --cfg=path:${srcdir:=.}/simdag/platforms one_cluster_one_host.xml
[0.070653] [tesh/INFO] [simdag/platforms/basic_parsing_test:4] simdag/platforms/basic_parsing_test --log=xbt_cfg.thres:critical --cfg=path:${srcdir:=.}/simdag/platforms one_cluster_properties_foreach.xml
[0.086426] [tesh/INFO] [simdag/platforms/basic_parsing_test:5] simdag/platforms/basic_parsing_test --log...
The rest of the test output was removed since it exceeds the threshold of 1024 characters.
</Value>
			</Measurement>
		</Results>
	</Test>
	<Test Status="failed">
		<Name>tesh-simdag-flatifier,</Name>
		<Path>.</Path>
		<FullName>./tesh-simdag-flatifier,</FullName>
		<FullCommandLine>/home/navarrop/Developments/simgrid/tools/tesh/tesh --cd ../teshsuite simdag/platforms/flatifier.tesh</FullCommandLine>
		<Results>
			<NamedMeasurement type="text/string" name="Exit Code"><Value>Failed</Value></NamedMeasurement>
			<NamedMeasurement type="text/string" name="Exit Value"><Value>2</Value></NamedMeasurement>
			<NamedMeasurement type="numeric/double" name="Execution Time"><Value>0.044832</Value></NamedMeasurement>
			<NamedMeasurement type="text/string" name="Completion Status"><Value>Completed</Value></NamedMeasurement>
			<NamedMeasurement type="text/string" name="Command Line"><Value>/home/navarrop/Developments/simgrid/tools/tesh/tesh --cd ../teshsuite simdag/platforms/flatifier.tesh</Value></NamedMeasurement>
			<Measurement>
				<Value>[0.000006] [tesh/INFO] Change directory to ../teshsuite
[0.000033] [tesh/INFO] Test suite `simdag/platforms/flatifier'
[0.000081] [tesh/INFO] [simdag/platforms/flatifier:1] ./simdag/platforms/flatifier --cfg=path:${srcdir:=.}/simdag/platforms/ one_cluster.xml
[0.020747] run_context.c:663: [tesh/ERROR] Output of &lt;simdag/platforms/flatifier:1&gt; mismatch:
  [0.000000] [xbt_cfg/INFO] Configuration change: Set 'path' to './simdag/platforms/'
  &lt;?xml version='1.0'?&gt;
  &lt;!DOCTYPE platform SYSTEM "simgrid.dtd"&gt;
  &lt;platform version="2"&gt;
    &lt;host id="bob0.hamburger.edu" power="1000000000"/&gt;
    &lt;host id="bob2.hamburger.edu" power="1000000000"/&gt;
    &lt;host id="bob3.hamburger.edu" power="1000000000"/&gt;
    &lt;host id="bob4.hamburger.edu" power="1000000000"/&gt;
    &lt;host id="bob6.hamburger.edu" power="1000000000"/&gt;
    &lt;link id="__loopback__" bandwidth="498000000" latency="0.000015000" sharing_policy="FATPIPE"/&gt;
    &lt;link id="bob0.hamburger.edu" bandwidth="125000000" latency="0.000050000"/&gt;
    &lt;link id="bob2.hamburger.edu" bandwidth="125000000" latency="0.000050000"/&gt;
    &lt;link id="bob3.hamburger.edu" bandwidth="125000000" latency="0.000050000"/&gt;
    &lt;link id="bob4.hamburger.edu" bandwidth="125000000" latency="0.000050000"/&gt;
    &lt;link id="bob6.hamburger.edu" bandwidth="125000000" latency="0.000050000"/&gt;
    &lt;link id="bob_cluster_bb" bandwidth="2250000000" latency="0.000500000" sharing_policy="FATPIPE"/&gt;
    &lt;route src="bob0.hamburger.edu" dst="bob0.hamburger.edu"&gt;
-     &lt;link:ctn id="__loopback__"/&gt;
+     &lt;link:ctn id="bob0.hamburger.edu"/&gt;
    &lt;/route&gt;
    &lt;route src="bob0.hamburger.edu" dst="bob2.hamburger.edu"&gt;
      &lt;link:ctn id="bob0.hamburger.edu"/&gt;&lt;link:ctn id="bob_cluster_bb"/&gt;&lt;link:ctn id="bob2.hamburger.edu"/&gt;
    &lt;/route&gt;
    &lt;route src="bob0.hamburger.edu" dst="bob3.hamburger.edu"&gt;
      &lt;link:ctn id="bob0.hamburger.edu"/&gt;&lt;link:ctn id="bob_cluster_bb"/&gt;&lt;link:ctn id="bob3.hamburger.edu"/&gt;
    &lt;/route&gt;
    &lt;route src="bob0.hamburger.edu" dst="bob4.hamburger.edu"&gt;
      &lt;link:ctn id="bob0.hamburger.edu"/&gt;&lt;link:ctn id="bob_cluster_bb"/&gt;&lt;link:ctn id="bob4.hamburger.edu"/&gt;
    &lt;/route&gt;
    &lt;route src="bob0.hamburger.edu" dst="bob6.hamburger.edu"&gt;
      &lt;link:ctn id="bob0.hamburger.edu"/&gt;&lt;link:ctn id="bob_cluster_bb"/&gt;&lt;link:ctn id="bob6.hamburger.edu"/&gt;
    &lt;/route&gt;
    &lt;route src="bob2.hamburger.edu" dst="bob0.hamburger.edu"&gt;
      &lt;link:ctn id="bob2.hamburger.edu"/&gt;&lt;link:ctn id="bob_cluster_bb"/&gt;&lt;link:ctn id="bob0.hamburger.edu"/&gt;
    &lt;/route&gt;
    &lt;route src="bob2.hamburger.edu" dst="bob2.hamburger.edu"&gt;
-     &lt;link:ctn id="__loopback__"/&gt;
+     &lt;link:ctn id="bob2.hamburger.edu"/&gt;
    &lt;/route&gt;
    &lt;route src="bob2.hamburger.edu" dst="bob3.hamburger.edu"&gt;
      &lt;link:ctn id="bob2.hamburger.edu"/&gt;&lt;link:ctn id="bob_cluster_bb"/&gt;&lt;link:ctn id="bob3.hamburger.edu"/&gt;
    &lt;/route&gt;
    &lt;route src="bob2.hamburger.edu" dst="bob4.hamburger.edu"&gt;
      &lt;link:ctn id="bob2.hamburger.edu"/&gt;&lt;link:ctn id="bob_cluster_bb"/&gt;&lt;link:ctn id="bob4.hamburger.edu"/&gt;
    &lt;/route&gt;
    &lt;route src="bob2.hamburger.edu" dst="bob6.hamburger.edu"&gt;
      &lt;link:ctn id="bob2.hamburger.edu"/&gt;&lt;link:ctn id="bob_cluster_bb"/&gt;&lt;link:ctn id="bob6.hamburger.edu"/&gt;
    &lt;/route&gt;
    &lt;route src="bob3.hamburger.edu" dst="bob0.hamburger.edu"&gt;
      &lt;link:ctn id="bob3.hamburger.edu"/&gt;&lt;link:ctn id="bob_cluster_bb"/&gt;&lt;link:ctn id="bob0.hamburger.edu"/&gt;
    &lt;/route&gt;
    &lt;route src="bob3.hamburger.edu" dst="bob2.hamburger.edu"&gt;
      &lt;link:ctn id="bob3.hamburger.edu"/&gt;&lt;link:ctn id="bob_cluster_bb"/&gt;&lt;link:ctn id="bob2.hamburger.edu"/&gt;
    &lt;/route&gt;
    &lt;route src="bob3.hamburger.edu" dst="bob3.hamburger.edu"&gt;
-     &lt;link:ctn id="__loopback__"/&gt;
+     &lt;link:ctn id="bob3.hamburger.edu"/&gt;
    &lt;/route&gt;
    &lt;route src="bob3.hamburger.edu" dst="bob4.hamburger.edu"&gt;
      &lt;link:ctn id="bob3.hamburger.edu"/&gt;&lt;link:ctn id="bob_cluster_bb"/&gt;&lt;link:ctn id="bob4.hamburger.edu"/&gt;
    &lt;/route&gt;
    &lt;route src="bob3.hamburger.edu" dst="bob6.hamburger.edu"&gt;
      &lt;link:ctn id="bob3.hamburger.edu"/&gt;&lt;link:ctn id="bob_cluster_bb"/&gt;&lt;link:ctn id="bob6.hamburger.edu"/&gt;
    &lt;/route&gt;
    &lt;route src="bob4.hamburger.edu" dst="bob0.hamburger.edu"&gt;
      &lt;link:ctn id="bob4.hamburger.edu"/&gt;&lt;link:ctn id="bob_cluster_bb"/&gt;&lt;link:ctn id="bob0.hamburger.edu"/&gt;
    &lt;/route&gt;
    &lt;route src="bob4.hamburger.edu" dst="bob2.hamburger.edu"&gt;
      &lt;link:ctn id="bob4.hamburger.edu"/&gt;&lt;link:ctn id="bob_cluster_bb"/&gt;&lt;link:ctn id="bob2.hamburger.edu"/&gt;
    &lt;/route&gt;
    &lt;route src="bob4.hamburger.edu" dst="bob3.hamburger.edu"&gt;
      &lt;link:ctn id="bob4.hamburger.edu"/&gt;&lt;link:ctn id="bob_cluster_bb"/&gt;&lt;link:ctn id="bob3.hamburger.edu"/&gt;
    &lt;/route&gt;
    &lt;route src="bob4.hamburger.edu" dst="bob4.hamburger.edu"&gt;
-     &lt;link:ctn id="__loopback__"/&gt;
+     &lt;link:ctn id="bob4.hamburger.edu"/&gt;
    &lt;/route&gt;
    &lt;route src="bob4.hamburger.edu" dst="bob6.hamburger.edu"&gt;
      &lt;link:ctn id="bob4.hamburger.edu"/&gt;&lt;link:ctn id="bob_cluster_bb"/&gt;&lt;link:ctn id="bob6.hamburger.edu"/&gt;
    &lt;/route&gt;
    &lt;route src="bob6.hamburger.edu" dst="bob0.hamburger.edu"&gt;
      &lt;link:ctn id="bob6.hamburger.edu"/&gt;&lt;link:ctn id="bob_cluster_bb"/&gt;&lt;link:ctn id="bob0.hamburger.edu"/&gt;
    &lt;/route&gt;
    &lt;route src="bob6.hamburger.edu" dst="bob2.hamburger.edu"&gt;
      &lt;link:ctn id="bob6.hamburger.edu"/&gt;&lt;link:ctn id="bob_cluster_bb"/&gt;&lt;link:ctn id="bob2.hamburger.edu"/&gt;
    &lt;/route&gt;
    &lt;route src="bob6.hamburger.edu" dst="bob3.hamburger.edu"&gt;
      &lt;link:ctn id="bob6.hamburger.edu"/&gt;&lt;link:ctn id="bob_cluster_bb"/&gt;&lt;link:ctn id="bob3.hamburger.edu"/&gt;
    &lt;/route&gt;
    &lt;route src="bob6.hamburger.edu" dst="bob4.hamburger.edu"&gt;
      &lt;link:ctn id="bob6.hamburger.edu"/&gt;&lt;link:ctn id="bob_cluster_bb"/&gt;&lt;link:ctn id="bob4.hamburger.edu"/&gt;
    &lt;/route&gt;
    &lt;route src="bob6.hamburger.edu" dst="bob6.hamburger.edu"&gt;
-     &lt;link:ctn id="__loopback__"/&gt;
+     &lt;link:ctn id="bob6.hamburger.edu"/&gt;
    &lt;/route&gt;
  &lt;/platform&gt;
[0.020779] run_context.c:667: [tesh/ERROR] Test suite `simdag/platforms/flatifier': NOK (&lt;simdag/platforms/flatifier:1&gt; output mismatch)
</Value>
			</Measurement>
		</Results>
	</Test>
	<Test Status="passed">
[...]
- [0.000000] [sd_test/INFO] Route between lille_2_host and nancy_1_host:
- [0.000000] [sd_test/INFO] 	Link lille_2_host: latency = 0.000050, bandwidth = 125000000.000000
- [0.000000] [sd_test/INFO] 	Link INTER-bb: latency = 0.000100, bandwidth = 125000000.000000
- [0.000000] [sd_test/INFO] 	Link nancy_1_host: latency = 0.000050, bandwidth = 125000000.000000
- [0.000000] [sd_test/INFO] Route between nancy_2_host and lille_2_host:
- [0.000000] [sd_test/INFO] 	Link nancy_2_host: latency = 0.000050, bandwidth = 125000000.000000
- [0.000000] [sd_test/INFO] 	Link INTER-bb: latency = 0.000100, bandwidth = 125000000.000000
- [0.000000] [sd_test/INFO] 	Link lille_2_host: latency = 0.000050, bandwidth = 125000000.000000
- [0.000000] [sd_test/INFO] Route between nancy_2_host and nancy_2_host:
- [0.000000] [sd_test/INFO] 	Link nancy_2_host: latency = 0.000050, bandwidth = 125000000.000000
- [0.000000] [sd_test/INFO] 	Link Nancy_bb: latency = 0.001000, bandwidth = 50000000.000000
- [0.000000] [sd_test/INFO] Route between nancy_2_host and lille_0_host:
- [0.000000] [sd_test/INFO] 	Link nancy_2_host: latency = 0.000050, bandwidth = 125000000.000000
- [0.000000] [sd_test/INFO] 	Link INTER-bb: latency = 0.000100, bandwidth = 125000000.000000
- [0.000000] [sd_test/INFO] 	Link lille_0_host: latency = 0.000050, bandwidth = 125000000.000000
- [0.000000] [sd_test/INFO] Route between nancy_2_host and nancy_0_host:
- [0.000000] [sd_test/INFO] 	Link nancy_2_host: latency = 0.000050, bandwidth = 125000000.000000
- [0.000000] [sd_test/INFO] 	Link Nancy_bb: latency = 0.001000, bandwidth = 50000000.000000
- [0.000000] [sd_test/INFO] Route between nancy_2_host and lille_1_host:
- [0.000000] [sd_test/INFO] 	Link nancy_2_host: latency = 0.000050, bandwidth = 125000000.000000
- [0.000000] [sd_test/INFO] 	Link INTER-bb: latency = 0.000100, bandwidth = 125000000.000000
- [0.000000] [sd_test/INFO] 	Link lille_1_host: latency = 0.000050, bandwidth = 125000000.000000
- [0.000000] [sd_test/INFO] Route between nancy_2_host and nancy_1_host:
- [0.000000] [sd_test/INFO] 	Link nancy_2_host: latency = 0.000050, bandwidth = 125000000.000000
- [0.000000] [sd_test/INFO] 	Link Nancy_bb: latency = 0.001000, bandwidth = 50000000.000000
- [0.000000] [sd_test/INFO] Route between lille_0_host and lille_2_host:
- [0.000000] [sd_test/INFO] 	Link lille_0_host: latency = 0.000050, bandwidth = 125000000.000000
- [0.000000] [sd_test/INFO] 	Link Lille_bb: latency = 0.000050, bandwidth = 50000000.000000
- [0.000000] [sd_test/INFO] Route between lille_0_host and nancy_2_host:
- [0.000000] [sd_test/INFO] 	Link lille_0_host: latency = 0.000050, bandwidth = 125000000.000000
- [0.000000] [sd_test/INFO] 	Link INTER-bb: latency = 0.000100, bandwidth = 125000000.000000
- [0.000000] [sd_test/INFO] 	Link nancy_2_host: latency = 0.000050, bandwidth = 125000000.000000
- [0.000000] [sd_test/INFO] Route between lille_0_host and lille_0_host:
- [0.000000] [sd_test/INFO] 	Link lille_0_host: latency = 0.000050, bandwidth = 125000000.000000
- [0.000000] [sd_test/INFO] 	Link Lille_bb: latency = 0.000050, bandwidth = 50000000.000000
- [0.000000] [sd_test/INFO] Route between lille_0_host and nancy_0_host:
- [0.000000] [sd_test/INFO] 	Link lille_0_host: latency = 0.000050, bandwidth = 125000000.000000
- [0.000000] [sd_test/INFO] 	Link INTER-bb: latency = 0.000100, bandwidth = 125000000.000000
- [0.000000] [sd_test/INFO] 	Link nancy_0_host: latency = 0.000050, bandwidth = 125000000.000000
- [0.000000] [sd_test/INFO] Route between lille_0_host and lille_1_host:
- [0.000000] [sd_test/INFO] 	Link lille_0_host: latency = 0.000050, bandwidth = 125000000.000000
- [0.000000] [sd_test/INFO] 	Link Lille_bb: latency = 0.000050, bandwidth = 50000000.000000
- [0.000000] [sd_test/INFO] Route between lille_0_host and nancy_1_host:
- [0.000000] [sd_test/INFO] 	Link lille_0_host: latency = 0.000050, bandwidth = 125000000.000000
- [0.000000] [sd_test/INFO] 	Link INTER-bb: latency = 0.000100, bandwidth = 125000000.000000
- [0.000000] [sd_test/INFO] 	Link nancy_1_host: latency = 0.000050, bandwidth = 125000000.000000
- [0.000000] [sd_test/INFO] Route between nancy_0_host and lille_2_host:
- [0.000000] [sd_test/INFO] 	Link nancy_0_host: latency = 0.000050, bandwidth = 125000000.000000
- [0.000000] [sd_test/INFO] 	Link INTER-bb: latency = 0.000100, bandwidth = 125000000.000000
- [0.000000] [sd_test/INFO] 	Link lille_2_host: latency = 0.000050, bandwidth = 125000000.000000
- [0.000000] [sd_test/INFO] Route between nancy_0_host and nancy_2_host:
- [0.000000] [sd_test/INFO] 	Link nancy_0_host: latency = 0.000050, bandwidth = 125000000.000000
- [0.000000] [sd_test/INFO] 	Link Nancy_bb: latency = 0.001000, bandwidth = 50000000.000000
- [0.000000] [sd_test/INFO] Route between nancy_0_host and lille_0_host:
- [0.000000] [sd_test/INFO] 	Link nancy_0_host: latency = 0.000050, bandwidth = 125000000.000000
- [0.000000] [sd_test/INFO] 	Link INTER-bb: latency = 0.000100, bandwidth = 125000000.000000
- [0.000000] [sd_test/INFO] 	Link lille_0_host: latency = 0.000050, bandwidth = 125000000.000000
- [0.000000] [sd_test/INFO] Route between nancy_0_host and nancy_0_host:
- [0.000000] [sd_test/INFO] 	Link nancy_0_host: latency = 0.000050, bandwidth = 125000000.000000
- [0.000000] [sd_test/INFO] 	Link Nancy_bb: latency = 0.001000, bandwidth = 50000000.000000
- [0.000000] [sd_test/INFO] Route between nancy_0_host and lille_1_host:
- [0.000000] [sd_test/INFO] 	Link nancy_0_host: latency = 0.000050, bandwidth = 125000000.000000
- [0.000000] [sd_test/INFO] 	Link INTER-bb: latency = 0.000100, bandwidth = 125000000.000000
- [0.000000] [sd_test/INFO] 	Link lille_1_host: latency = 0.000050, bandwidth = 125000000.000000
- [0.000000] [sd_test/INFO] Route between nancy_0_host and nancy_1_host:
- [0.000000] [sd_test/INFO] 	Link nancy_0_host: latency = 0.000050, bandwidth = 125000000.000000
- [0.000000] [sd_test/INFO] 	Link Nancy_bb: latency = 0.001000, bandwidth = 50000000.000000
- [0.000000] [sd_test/INFO] Route between lille_1_host and lille_2_host:
- [0.000000] [sd_test/INFO] 	Link lille_1_host: latency = 0.000050, bandwidth = 125000000.000000
- [0.000000] [sd_test/INFO] 	Link Lille_bb: latency = 0.000050, bandwidth = 50000000.000000
- [0.000000] [sd_test/INFO] Route between lille_1_host and nancy_2_host:
- [0.000000] [sd_test/INFO] 	Link lille_1_host: latency = 0.000050, bandwidth = 125000000.000000
- [0.000000] [sd_test/INFO] 	Link INTER-bb: latency = 0.000100, bandwidth = 125000000.000000
- [0.000000] [sd_test/INFO] 	Link nancy_2_host: latency = 0.000050, bandwidth = 125000000.000000
- [0.000000] [sd_test/INFO] Route between lille_1_host and lille_0_host:
- [0.000000] [sd_test/INFO] 	Link lille_1_host: latency = 0.000050, bandwidth = 125000000.000000
- [0.000000] [sd_test/INFO] 	Link Lille_bb: latency = 0.000050, bandwidth = 50000000.000000
- [0.000000] [sd_test/INFO] Route between lille_1_host and nancy_0_host:
- [0.000000] [sd_test/INFO] 	Link lille_1_host: latency = 0.000050, bandwidth = 125000000.000000
- [0.000000] [sd_test/INFO] 	Link INTER-bb: latency = 0.000100, bandwidth = 125000000.000000
- [0.000000] [sd_test/INFO] 	Link nancy_0_host: latency = 0.000050, bandwidth = 125000000.000000
- [0.000000] [sd_test/INFO] Route between lille_1_host and lille_1_host:
- [0.000000] [sd_test/INFO] 	Link lille_1_host: latency = 0.000050, bandwidth = 125000000.000000
- [0.000000] [sd_test/INFO] 	Link Lille_bb: latency = 0.000050, bandwidth = 50000000.000000
- [0.000000] [sd_test/INFO] Route between lille_1_host and nancy_1_host:
- [0.000000] [sd_test/INFO] 	Link lille_1_host: latency = 0.000050, bandwidth = 125000000.000000
- [0.000000] [sd_test/INFO] 	Link INTER-bb: latency = 0.000100, bandwidth = 125000000.000000
- [0.000000] [sd_test/INFO] 	Link nancy_1_host: latency = 0.000050, bandwidth = 125000000.000000
- [0.000000] [sd_test/INFO] Route between nancy_1_host and lille_2_host:
- [0.000000] [sd_test/INFO] 	Link nancy_1_host: latency = 0.000050, bandwidth = 125000000.000000
- [0.000000] [sd_test/INFO] 	Link INTER-bb: latency = 0.000100, bandwidth = 125000000.000000
- [0.000000] [sd_test/INFO] 	Link lille_2_host: latency = 0.000050, bandwidth = 125000000.000000
- [0.000000] [sd_test/INFO] Route between nancy_1_host and nancy_2_host:
- [0.000000] [sd_test/INFO] 	Link nancy_1_host: latency = 0.000050, bandwidth = 125000000.000000
- [0.000000] [sd_test/INFO] 	Link Nancy_bb: latency = 0.001000, bandwidth = 50000000.000000
- [0.000000] [sd_test/INFO] Route between nancy_1_host and lille_0_host:
- [0.000000] [sd_test/INFO] 	Link nancy_1_host: latency = 0.000050, bandwidth = 125000000.000000
- [0.000000] [sd_test/INFO] 	Link INTER-bb: latency = 0.000100, bandwidth = 125000000.000000
- [0.000000] [sd_test/INFO] 	Link lille_0_host: latency = 0.000050, bandwidth = 125000000.000000
- [0.000000] [sd_test/INFO] Route between nancy_1_host and nancy_0_host:
- [0.000000] [sd_test/INFO] 	Link nancy_1_host: latency = 0.000050, bandwidth = 125000000.000000
- [0.000000] [sd_test/INFO] 	Link Nancy_bb: latency = 0.001000, bandwidth = 50000000.000000
- [0.000000] [sd_test/INFO] Route between nancy_1_host and lille_1_host:
- [0.000000] [sd_test/INFO] 	Link nancy_1_host: latency = 0.000050, bandwidth = 125000000.000000
- [0.000000] [sd_test/INFO] 	Link INTER-bb: latency = 0.000100, bandwidth = 125000000.000000
- [0.000000] [sd_test/INFO] 	Link lille_1_host: latency = 0.000050, bandwidth = 125000000.000000
- [0.000000] [sd_test/INFO] Route between nancy_1_host and nancy_1_host:
- [0.000000] [sd_test/INFO] 	Link nancy_1_host: latency = 0.000050, bandwidth = 125000000.000000
- [0.000000] [sd_test/INFO] 	Link Nancy_bb: latency = 0.001000, bandwidth = 50000000.000000
- 
[0.001465] run_context.c:667: [tesh/ERROR] Test suite `metaxml/metaxml_test': NOK (&lt;metaxml/metaxml_test:5&gt; output mismatch)
</Value>
			</Measurement>
		</Results>
	</Test>
	<Test Status="failed">
		<Name>java-basic,</Name>
		<Path>.</Path>
		<FullName>./java-basic,</FullName>
		<FullCommandLine>/home/navarrop/Developments/simgrid/Cmake/test_java.sh ../examples/java/basic BasicTest</FullCommandLine>
		<Results>
			<NamedMeasurement type="text/string" name="Exit Code"><Value>Failed</Value></NamedMeasurement>
			<NamedMeasurement type="text/string" name="Exit Value"><Value>1</Value></NamedMeasurement>
			<NamedMeasurement type="numeric/double" name="Execution Time"><Value>0.113486</Value></NamedMeasurement>
			<NamedMeasurement type="text/string" name="Completion Status"><Value>Completed</Value></NamedMeasurement>
			<NamedMeasurement type="text/string" name="Command Line"><Value>/home/navarrop/Developments/simgrid/Cmake/test_java.sh ../examples/java/basic BasicTest</Value></NamedMeasurement>
			<Measurement>
				<Value>echo timestamp &gt; classnoinst.stamp
/home/navarrop/Developments/simgrid/examples/java/basic
LD_LIBRARY_PATH=../../../src/.libs:../src/.libs: java -cp .:../../../src/simgrid.jar:.:../src/simgrid.jar: BasicTest basic_platform.xml basic_deployment.xml
Exception in thread "main" java.lang.NoClassDefFoundError: BasicTest
Caused by: java.lang.ClassNotFoundException: BasicTest
	at java.net.URLClassLoader$1.run(URLClassLoader.java:217)
	at java.security.AccessController.doPrivileged(Native Method)
	at java.net.URLClassLoader.findClass(URLClassLoader.java:205)
	at java.lang.ClassLoader.loadClass(ClassLoader.java:319)
	at sun.misc.Launcher$AppClassLoader.loadClass(Launcher.java:294)
	at java.lang.ClassLoader.loadClass(ClassLoader.java:264)
	at java.lang.ClassLoader.loadClassInternal(ClassLoader.java:332)
Could not find the main class: BasicTest. Program will exit.
</Value>
			</Measurement>
		</Results>
	</Test>
	<Test Status="failed">
		<Name>java-pingpong,</Name>
		<Path>.</Path>
		<FullName>./java-pingpong,</FullName>
		<FullCommandLine>/home/navarrop/Developments/simgrid/Cmake/test_java.sh ../examples/java/ping_pong PingPongTest</FullCommandLine>
		<Results>
			<NamedMeasurement type="text/string" name="Exit Code"><Value>Failed</Value></NamedMeasurement>
			<NamedMeasurement type="text/string" name="Exit Value"><Value>1</Value></NamedMeasurement>
			<NamedMeasurement type="numeric/double" name="Execution Time"><Value>0.145111</Value></NamedMeasurement>
			<NamedMeasurement type="text/string" name="Completion Status"><Value>Completed</Value></NamedMeasurement>
			<NamedMeasurement type="text/string" name="Command Line"><Value>/home/navarrop/Developments/simgrid/Cmake/test_java.sh ../examples/java/ping_pong PingPongTest</Value></NamedMeasurement>
			<Measurement>
				<Value>echo timestamp &gt; classnoinst.stamp
/home/navarrop/Developments/simgrid/examples/java/ping_pong
LD_LIBRARY_PATH=../../../src/.libs:../src/.libs: java -cp .:../../../src/simgrid.jar:.:../src/simgrid.jar: PingPongTest ping_pong_platform.xml ping_pong_deployment.xml
Exception in thread "main" java.lang.NoClassDefFoundError: PingPongTest
Caused by: java.lang.ClassNotFoundException: PingPongTest
	at java.net.URLClassLoader$1.run(URLClassLoader.java:217)
	at java.security.AccessController.doPrivileged(Native Method)
	at java.net.URLClassLoader.findClass(URLClassLoader.java:205)
	at java.lang.ClassLoader.loadClass(ClassLoader.java:319)
	at sun.misc.Launcher$AppClassLoader.loadClass(Launcher.java:294)
	at java.lang.ClassLoader.loadClass(ClassLoader.java:264)
	at java.lang.ClassLoader.loadClassInternal(ClassLoader.java:332)
Could not find the main class: PingPongTest. Program will exit.
</Value>
			</Measurement>
		</Results>
	</Test>
	<Test Status="failed">
		<Name>java-comm_time,</Name>
		<Path>.</Path>
		<FullName>./java-comm_time,</FullName>
		<FullCommandLine>/home/navarrop/Developments/simgrid/Cmake/test_java.sh ../examples/java/comm_time CommTimeTest</FullCommandLine>
		<Results>
			<NamedMeasurement type="text/string" name="Exit Code"><Value>Failed</Value></NamedMeasurement>
			<NamedMeasurement type="text/string" name="Exit Value"><Value>1</Value></NamedMeasurement>
			<NamedMeasurement type="numeric/double" name="Execution Time"><Value>0.165593</Value></NamedMeasurement>
			<NamedMeasurement type="text/string" name="Completion Status"><Value>Completed</Value></NamedMeasurement>
			<NamedMeasurement type="text/string" name="Command Line"><Value>/home/navarrop/Developments/simgrid/Cmake/test_java.sh ../examples/java/comm_time CommTimeTest</Value></NamedMeasurement>
			<Measurement>
				<Value>echo timestamp &gt; classnoinst.stamp
/home/navarrop/Developments/simgrid/examples/java/comm_time
LD_LIBRARY_PATH=../../../src/.libs:../src/.libs: java -cp .:../../../src/simgrid.jar:.:../src/simgrid.jar: CommTimeTest comm_time_platform.xml comm_time_deployment.xml
Exception in thread "main" java.lang.NoClassDefFoundError: CommTimeTest
Caused by: java.lang.ClassNotFoundException: CommTimeTest
	at java.net.URLClassLoader$1.run(URLClassLoader.java:217)
	at java.security.AccessController.doPrivileged(Native Method)
	at java.net.URLClassLoader.findClass(URLClassLoader.java:205)
	at java.lang.ClassLoader.loadClass(ClassLoader.java:319)
	at sun.misc.Launcher$AppClassLoader.loadClass(Launcher.java:294)
	at java.lang.ClassLoader.loadClass(ClassLoader.java:264)
	at java.lang.ClassLoader.loadClassInternal(ClassLoader.java:332)
Could not find the main class: CommTimeTest. Program will exit.
</Value>
			</Measurement>
		</Results>
	</Test>
	<Test Status="failed">
		<Name>java-suspend,</Name>
		<Path>.</Path>
		<FullName>./java-suspend,</FullName>
		<FullCommandLine>/home/navarrop/Developments/simgrid/Cmake/test_java.sh ../examples/java/suspend SuspendTest</FullCommandLine>
		<Results>
			<NamedMeasurement type="text/string" name="Exit Code"><Value>Failed</Value></NamedMeasurement>
			<NamedMeasurement type="text/string" name="Exit Value"><Value>1</Value></NamedMeasurement>
			<NamedMeasurement type="numeric/double" name="Execution Time"><Value>0.160057</Value></NamedMeasurement>
			<NamedMeasurement type="text/string" name="Completion Status"><Value>Completed</Value></NamedMeasurement>
			<NamedMeasurement type="text/string" name="Command Line"><Value>/home/navarrop/Developments/simgrid/Cmake/test_java.sh ../examples/java/suspend SuspendTest</Value></NamedMeasurement>
			<Measurement>
				<Value>echo timestamp &gt; classnoinst.stamp
/home/navarrop/Developments/simgrid/examples/java/suspend
LD_LIBRARY_PATH=../../../src/.libs:../src/.libs: java -cp .:../../../src/simgrid.jar:.:../src/simgrid.jar: SuspendTest suspend_platform.xml suspend_deployment.xml
Exception in thread "main" java.lang.NoClassDefFoundError: SuspendTest
Caused by: java.lang.ClassNotFoundException: SuspendTest
	at java.net.URLClassLoader$1.run(URLClassLoader.java:217)
	at java.security.AccessController.doPrivileged(Native Method)
	at java.net.URLClassLoader.findClass(URLClassLoader.java:205)
	at java.lang.ClassLoader.loadClass(ClassLoader.java:319)
	at sun.misc.Launcher$AppClassLoader.loadClass(Launcher.java:294)
	at java.lang.ClassLoader.loadClass(ClassLoader.java:264)
	at java.lang.ClassLoader.loadClassInternal(ClassLoader.java:332)
Could not find the main class: SuspendTest. Program will exit.
</Value>
			</Measurement>
		</Results>
	</Test>
	<Test Status="passed">
		<Name>test_pierre_1,</Name>
		<Path>.</Path>
		<FullName>./test_pierre_1,</FullName>
		<FullCommandLine>/bin/echo hello</FullCommandLine>
		<Results>
			<NamedMeasurement type="numeric/double" name="Execution Time"><Value>0.00446415</Value></NamedMeasurement>
			<NamedMeasurement type="text/string" name="Completion Status"><Value>Completed</Value></NamedMeasurement>
			<NamedMeasurement type="text/string" name="Command Line"><Value>/bin/echo hello</Value></NamedMeasurement>
			<Measurement>
				<Value>hello
</Value>
			</Measurement>
		</Results>
	</Test>
	<Test Status="passed">
		<Name>test_pierre_2,</Name>
		<Path>.</Path>
		<FullName>./test_pierre_2,</FullName>
		<FullCommandLine>/usr/bin/java -version</FullCommandLine>
		<Results>
			<NamedMeasurement type="numeric/double" name="Execution Time"><Value>0.069731</Value></NamedMeasurement>
			<NamedMeasurement type="text/string" name="Completion Status"><Value>Completed</Value></NamedMeasurement>
			<NamedMeasurement type="text/string" name="Command Line"><Value>/usr/bin/java -version</Value></NamedMeasurement>
			<Measurement>
				<Value>java version "1.6.0_0"
OpenJDK Runtime Environment (IcedTea6 1.6.1) (6b16-1.6.1-3ubuntu1)
OpenJDK 64-Bit Server VM (build 14.0-b16, mixed mode)
</Value>
			</Measurement>
		</Results>
	</Test>
	<Test Status="passed">
		<Name>presence_1,</Name>
		<Path>.</Path>
		<FullName>./presence_1,</FullName>
		<FullCommandLine>/bin/ls ./CTestList.txt</FullCommandLine>
		<Results>
			<NamedMeasurement type="numeric/double" name="Execution Time"><Value>0.00204682</Value></NamedMeasurement>
			<NamedMeasurement type="text/string" name="Completion Status"><Value>Completed</Value></NamedMeasurement>
			<NamedMeasurement type="text/string" name="Command Line"><Value>/bin/ls ./CTestList.txt</Value></NamedMeasurement>
			<Measurement>
				<Value>./CTestList.txt
</Value>
			</Measurement>
		</Results>
	</Test>
	<Test Status="failed">
		<Name>presence_2,</Name>
		<Path>.</Path>
		<FullName>./presence_2,</FullName>
		<FullCommandLine>/bin/ls ./CT.txt</FullCommandLine>
		<Results>
			<NamedMeasurement type="text/string" name="Exit Code"><Value>Failed</Value></NamedMeasurement>
			<NamedMeasurement type="text/string" name="Exit Value"><Value>2</Value></NamedMeasurement>
			<NamedMeasurement type="numeric/double" name="Execution Time"><Value>0.00216794</Value></NamedMeasurement>
			<NamedMeasurement type="text/string" name="Completion Status"><Value>Completed</Value></NamedMeasurement>
			<NamedMeasurement type="text/string" name="Command Line"><Value>/bin/ls ./CT.txt</Value></NamedMeasurement>
			<Measurement>
				<Value>/bin/ls: ne peut acc</Value>
			</Measurement>
		</Results>
	</Test>
	<EndDateTime>Dec 09 13:11 CET</EndDateTime>
	<EndTestTime>1260360684</EndTestTime>
<ElapsedMinutes>1.1</ElapsedMinutes></Testing>
</Site>
